Duplicated file found; will not be sent for synthesis: z:/work/git/LabVIEW_Fpga/06_MicroBlaze/04_MicroBlaze_lwIP/MicroBlaze_lwIP/MicroBlaze_lwIP.srcs/sources_1/bd/d_microblaze/ipshared/xilinx.com/lmb_v10_v3_0/hdl/vhdl/lmb_v10.vhd
Duplicated file found; will not be sent for synthesis: z:/work/git/LabVIEW_Fpga/06_MicroBlaze/04_MicroBlaze_lwIP/MicroBlaze_lwIP/MicroBlaze_lwIP.srcs/sources_1/bd/d_microblaze/ipshared/xilinx.com/lmb_bram_if_cntlr_v4_0/hdl/vhdl/lmb_bram_if_funcs.vhd
Duplicated file found; will not be sent for synthesis: z:/work/git/LabVIEW_Fpga/06_MicroBlaze/04_MicroBlaze_lwIP/MicroBlaze_lwIP/MicroBlaze_lwIP.srcs/sources_1/bd/d_microblaze/ipshared/xilinx.com/lmb_bram_if_cntlr_v4_0/hdl/vhdl/lmb_bram_if_primitives.vhd
Duplicated file found; will not be sent for synthesis: z:/work/git/LabVIEW_Fpga/06_MicroBlaze/04_MicroBlaze_lwIP/MicroBlaze_lwIP/MicroBlaze_lwIP.srcs/sources_1/bd/d_microblaze/ipshared/xilinx.com/lmb_bram_if_cntlr_v4_0/hdl/vhdl/xor18.vhd
Duplicated file found; will not be sent for synthesis: z:/work/git/LabVIEW_Fpga/06_MicroBlaze/04_MicroBlaze_lwIP/MicroBlaze_lwIP/MicroBlaze_lwIP.srcs/sources_1/bd/d_microblaze/ipshared/xilinx.com/lmb_bram_if_cntlr_v4_0/hdl/vhdl/parity.vhd
Duplicated file found; will not be sent for synthesis: z:/work/git/LabVIEW_Fpga/06_MicroBlaze/04_MicroBlaze_lwIP/MicroBlaze_lwIP/MicroBlaze_lwIP.srcs/sources_1/bd/d_microblaze/ipshared/xilinx.com/lmb_bram_if_cntlr_v4_0/hdl/vhdl/parityenable.vhd
Duplicated file found; will not be sent for synthesis: z:/work/git/LabVIEW_Fpga/06_MicroBlaze/04_MicroBlaze_lwIP/MicroBlaze_lwIP/MicroBlaze_lwIP.srcs/sources_1/bd/d_microblaze/ipshared/xilinx.com/lmb_bram_if_cntlr_v4_0/hdl/vhdl/checkbit_handler.vhd
Duplicated file found; will not be sent for synthesis: z:/work/git/LabVIEW_Fpga/06_MicroBlaze/04_MicroBlaze_lwIP/MicroBlaze_lwIP/MicroBlaze_lwIP.srcs/sources_1/bd/d_microblaze/ipshared/xilinx.com/lmb_bram_if_cntlr_v4_0/hdl/vhdl/correct_one_bit.vhd
Duplicated file found; will not be sent for synthesis: z:/work/git/LabVIEW_Fpga/06_MicroBlaze/04_MicroBlaze_lwIP/MicroBlaze_lwIP/MicroBlaze_lwIP.srcs/sources_1/bd/d_microblaze/ipshared/xilinx.com/lmb_bram_if_cntlr_v4_0/hdl/vhdl/pselect.vhd
Duplicated file found; will not be sent for synthesis: z:/work/git/LabVIEW_Fpga/06_MicroBlaze/04_MicroBlaze_lwIP/MicroBlaze_lwIP/MicroBlaze_lwIP.srcs/sources_1/bd/d_microblaze/ipshared/xilinx.com/lmb_bram_if_cntlr_v4_0/hdl/vhdl/pselect_mask.vhd
Duplicated file found; will not be sent for synthesis: z:/work/git/LabVIEW_Fpga/06_MicroBlaze/04_MicroBlaze_lwIP/MicroBlaze_lwIP/MicroBlaze_lwIP.srcs/sources_1/bd/d_microblaze/ipshared/xilinx.com/lmb_bram_if_cntlr_v4_0/hdl/vhdl/axi_interface.vhd
Duplicated file found; will not be sent for synthesis: z:/work/git/LabVIEW_Fpga/06_MicroBlaze/04_MicroBlaze_lwIP/MicroBlaze_lwIP/MicroBlaze_lwIP.srcs/sources_1/bd/d_microblaze/ipshared/xilinx.com/lmb_bram_if_cntlr_v4_0/hdl/vhdl/lmb_mux.vhd
Duplicated file found; will not be sent for synthesis: z:/work/git/LabVIEW_Fpga/06_MicroBlaze/04_MicroBlaze_lwIP/MicroBlaze_lwIP/MicroBlaze_lwIP.srcs/sources_1/bd/d_microblaze/ipshared/xilinx.com/lmb_bram_if_cntlr_v4_0/hdl/vhdl/lmb_bram_if_cntlr.vhd
Duplicated file found; will not be sent for synthesis: z:/work/git/LabVIEW_Fpga/06_MicroBlaze/04_MicroBlaze_lwIP/MicroBlaze_lwIP/MicroBlaze_lwIP.srcs/sources_1/bd/d_microblaze/ipshared/xilinx.com/axi_lite_ipif_v3_0/hdl/src/vhdl/ipif_pkg.vhd
Duplicated file found; will not be sent for synthesis: z:/work/git/LabVIEW_Fpga/06_MicroBlaze/04_MicroBlaze_lwIP/MicroBlaze_lwIP/MicroBlaze_lwIP.srcs/sources_1/bd/d_microblaze/ipshared/xilinx.com/axi_lite_ipif_v3_0/hdl/src/vhdl/pselect_f.vhd
Duplicated file found; will not be sent for synthesis: z:/work/git/LabVIEW_Fpga/06_MicroBlaze/04_MicroBlaze_lwIP/MicroBlaze_lwIP/MicroBlaze_lwIP.srcs/sources_1/bd/d_microblaze/ipshared/xilinx.com/axi_lite_ipif_v3_0/hdl/src/vhdl/address_decoder.vhd
Duplicated file found; will not be sent for synthesis: z:/work/git/LabVIEW_Fpga/06_MicroBlaze/04_MicroBlaze_lwIP/MicroBlaze_lwIP/MicroBlaze_lwIP.srcs/sources_1/bd/d_microblaze/ipshared/xilinx.com/axi_lite_ipif_v3_0/hdl/src/vhdl/slave_attachment.vhd
Duplicated file found; will not be sent for synthesis: z:/work/git/LabVIEW_Fpga/06_MicroBlaze/04_MicroBlaze_lwIP/MicroBlaze_lwIP/MicroBlaze_lwIP.srcs/sources_1/bd/d_microblaze/ipshared/xilinx.com/axi_lite_ipif_v3_0/hdl/src/vhdl/axi_lite_ipif.vhd
Duplicated file found; will not be sent for synthesis: z:/work/git/LabVIEW_Fpga/06_MicroBlaze/04_MicroBlaze_lwIP/MicroBlaze_lwIP/MicroBlaze_lwIP.srcs/sources_1/bd/d_microblaze/ipshared/xilinx.com/axi_lite_ipif_v3_0/hdl/src/vhdl/ipif_pkg.vhd
Duplicated file found; will not be sent for synthesis: z:/work/git/LabVIEW_Fpga/06_MicroBlaze/04_MicroBlaze_lwIP/MicroBlaze_lwIP/MicroBlaze_lwIP.srcs/sources_1/bd/d_microblaze/ipshared/xilinx.com/axi_lite_ipif_v3_0/hdl/src/vhdl/pselect_f.vhd
Duplicated file found; will not be sent for synthesis: z:/work/git/LabVIEW_Fpga/06_MicroBlaze/04_MicroBlaze_lwIP/MicroBlaze_lwIP/MicroBlaze_lwIP.srcs/sources_1/bd/d_microblaze/ipshared/xilinx.com/axi_lite_ipif_v3_0/hdl/src/vhdl/address_decoder.vhd
Duplicated file found; will not be sent for synthesis: z:/work/git/LabVIEW_Fpga/06_MicroBlaze/04_MicroBlaze_lwIP/MicroBlaze_lwIP/MicroBlaze_lwIP.srcs/sources_1/bd/d_microblaze/ipshared/xilinx.com/axi_lite_ipif_v3_0/hdl/src/vhdl/slave_attachment.vhd
Duplicated file found; will not be sent for synthesis: z:/work/git/LabVIEW_Fpga/06_MicroBlaze/04_MicroBlaze_lwIP/MicroBlaze_lwIP/MicroBlaze_lwIP.srcs/sources_1/bd/d_microblaze/ipshared/xilinx.com/axi_lite_ipif_v3_0/hdl/src/vhdl/axi_lite_ipif.vhd
Duplicated file found; will not be sent for synthesis: z:/work/git/LabVIEW_Fpga/06_MicroBlaze/04_MicroBlaze_lwIP/MicroBlaze_lwIP/MicroBlaze_lwIP.srcs/sources_1/bd/d_microblaze/ipshared/xilinx.com/lib_cdc_v1_0/hdl/src/vhdl/cdc_sync.vhd
Duplicated file found; will not be sent for synthesis: z:/work/git/LabVIEW_Fpga/06_MicroBlaze/04_MicroBlaze_lwIP/MicroBlaze_lwIP/MicroBlaze_lwIP.srcs/sources_1/bd/d_microblaze/ipshared/xilinx.com/axi_lite_ipif_v3_0/hdl/src/vhdl/ipif_pkg.vhd
Duplicated file found; will not be sent for synthesis: z:/work/git/LabVIEW_Fpga/06_MicroBlaze/04_MicroBlaze_lwIP/MicroBlaze_lwIP/MicroBlaze_lwIP.srcs/sources_1/bd/d_microblaze/ipshared/xilinx.com/axi_lite_ipif_v3_0/hdl/src/vhdl/pselect_f.vhd
Duplicated file found; will not be sent for synthesis: z:/work/git/LabVIEW_Fpga/06_MicroBlaze/04_MicroBlaze_lwIP/MicroBlaze_lwIP/MicroBlaze_lwIP.srcs/sources_1/bd/d_microblaze/ipshared/xilinx.com/axi_lite_ipif_v3_0/hdl/src/vhdl/address_decoder.vhd
Duplicated file found; will not be sent for synthesis: z:/work/git/LabVIEW_Fpga/06_MicroBlaze/04_MicroBlaze_lwIP/MicroBlaze_lwIP/MicroBlaze_lwIP.srcs/sources_1/bd/d_microblaze/ipshared/xilinx.com/axi_lite_ipif_v3_0/hdl/src/vhdl/slave_attachment.vhd
Duplicated file found; will not be sent for synthesis: z:/work/git/LabVIEW_Fpga/06_MicroBlaze/04_MicroBlaze_lwIP/MicroBlaze_lwIP/MicroBlaze_lwIP.srcs/sources_1/bd/d_microblaze/ipshared/xilinx.com/axi_lite_ipif_v3_0/hdl/src/vhdl/axi_lite_ipif.vhd
Duplicated file found; will not be sent for synthesis: z:/work/git/LabVIEW_Fpga/06_MicroBlaze/04_MicroBlaze_lwIP/MicroBlaze_lwIP/MicroBlaze_lwIP.srcs/sources_1/bd/d_microblaze/ipshared/xilinx.com/blk_mem_gen_v8_3/hdl/blk_mem_gen_v8_3_vhsyn_rfs.vhd
Duplicated file found; will not be sent for synthesis: z:/work/git/LabVIEW_Fpga/06_MicroBlaze/04_MicroBlaze_lwIP/MicroBlaze_lwIP/MicroBlaze_lwIP.srcs/sources_1/bd/d_microblaze/ipshared/xilinx.com/blk_mem_gen_v8_3/hdl/blk_mem_gen_v8_3.vhd
Duplicated file found; will not be sent for synthesis: z:/work/git/LabVIEW_Fpga/06_MicroBlaze/04_MicroBlaze_lwIP/MicroBlaze_lwIP/MicroBlaze_lwIP.srcs/sources_1/bd/d_microblaze/ipshared/xilinx.com/axi_lite_ipif_v3_0/hdl/src/vhdl/ipif_pkg.vhd
Duplicated file found; will not be sent for synthesis: z:/work/git/LabVIEW_Fpga/06_MicroBlaze/04_MicroBlaze_lwIP/MicroBlaze_lwIP/MicroBlaze_lwIP.srcs/sources_1/bd/d_microblaze/ipshared/xilinx.com/axi_lite_ipif_v3_0/hdl/src/vhdl/pselect_f.vhd
Duplicated file found; will not be sent for synthesis: z:/work/git/LabVIEW_Fpga/06_MicroBlaze/04_MicroBlaze_lwIP/MicroBlaze_lwIP/MicroBlaze_lwIP.srcs/sources_1/bd/d_microblaze/ipshared/xilinx.com/axi_lite_ipif_v3_0/hdl/src/vhdl/address_decoder.vhd
Duplicated file found; will not be sent for synthesis: z:/work/git/LabVIEW_Fpga/06_MicroBlaze/04_MicroBlaze_lwIP/MicroBlaze_lwIP/MicroBlaze_lwIP.srcs/sources_1/bd/d_microblaze/ipshared/xilinx.com/axi_lite_ipif_v3_0/hdl/src/vhdl/slave_attachment.vhd
Duplicated file found; will not be sent for synthesis: z:/work/git/LabVIEW_Fpga/06_MicroBlaze/04_MicroBlaze_lwIP/MicroBlaze_lwIP/MicroBlaze_lwIP.srcs/sources_1/bd/d_microblaze/ipshared/xilinx.com/axi_lite_ipif_v3_0/hdl/src/vhdl/axi_lite_ipif.vhd
Duplicated file found; will not be sent for synthesis: z:/work/git/LabVIEW_Fpga/06_MicroBlaze/04_MicroBlaze_lwIP/MicroBlaze_lwIP/MicroBlaze_lwIP.srcs/sources_1/bd/d_microblaze/ipshared/xilinx.com/lib_pkg_v1_0/hdl/src/vhdl/lib_pkg.vhd
Duplicated file found; will not be sent for synthesis: z:/work/git/LabVIEW_Fpga/06_MicroBlaze/04_MicroBlaze_lwIP/MicroBlaze_lwIP/MicroBlaze_lwIP.srcs/sources_1/bd/d_microblaze/ipshared/xilinx.com/lib_fifo_v1_0/hdl/src/vhdl/async_fifo_fg.vhd
Duplicated file found; will not be sent for synthesis: z:/work/git/LabVIEW_Fpga/06_MicroBlaze/04_MicroBlaze_lwIP/MicroBlaze_lwIP/MicroBlaze_lwIP.srcs/sources_1/bd/d_microblaze/ipshared/xilinx.com/lib_fifo_v1_0/hdl/src/vhdl/sync_fifo_fg.vhd
Duplicated file found; will not be sent for synthesis: z:/work/git/LabVIEW_Fpga/06_MicroBlaze/04_MicroBlaze_lwIP/MicroBlaze_lwIP/MicroBlaze_lwIP.srcs/sources_1/bd/d_microblaze/ipshared/xilinx.com/axi_fifo_mm_s_v4_1/hdl/src/vhdl/axi_fifo_mm_s_pkg.vhd
Duplicated file found; will not be sent for synthesis: z:/work/git/LabVIEW_Fpga/06_MicroBlaze/04_MicroBlaze_lwIP/MicroBlaze_lwIP/MicroBlaze_lwIP.srcs/sources_1/bd/d_microblaze/ipshared/xilinx.com/axi_fifo_mm_s_v4_1/hdl/src/vhdl/axi_write_fsm.vhd
Duplicated file found; will not be sent for synthesis: z:/work/git/LabVIEW_Fpga/06_MicroBlaze/04_MicroBlaze_lwIP/MicroBlaze_lwIP/MicroBlaze_lwIP.srcs/sources_1/bd/d_microblaze/ipshared/xilinx.com/axi_fifo_mm_s_v4_1/hdl/src/vhdl/axi_write_wrapper.vhd
Duplicated file found; will not be sent for synthesis: z:/work/git/LabVIEW_Fpga/06_MicroBlaze/04_MicroBlaze_lwIP/MicroBlaze_lwIP/MicroBlaze_lwIP.srcs/sources_1/bd/d_microblaze/ipshared/xilinx.com/axi_fifo_mm_s_v4_1/hdl/src/vhdl/axi_read_fsm.vhd
Duplicated file found; will not be sent for synthesis: z:/work/git/LabVIEW_Fpga/06_MicroBlaze/04_MicroBlaze_lwIP/MicroBlaze_lwIP/MicroBlaze_lwIP.srcs/sources_1/bd/d_microblaze/ipshared/xilinx.com/axi_fifo_mm_s_v4_1/hdl/src/vhdl/axi_read_wrapper.vhd
Duplicated file found; will not be sent for synthesis: z:/work/git/LabVIEW_Fpga/06_MicroBlaze/04_MicroBlaze_lwIP/MicroBlaze_lwIP/MicroBlaze_lwIP.srcs/sources_1/bd/d_microblaze/ipshared/xilinx.com/axi_fifo_mm_s_v4_1/hdl/src/vhdl/axi_wrapper.vhd
Duplicated file found; will not be sent for synthesis: z:/work/git/LabVIEW_Fpga/06_MicroBlaze/04_MicroBlaze_lwIP/MicroBlaze_lwIP/MicroBlaze_lwIP.srcs/sources_1/bd/d_microblaze/ipshared/xilinx.com/axi_fifo_mm_s_v4_1/hdl/src/vhdl/axis_fg.vhd
Duplicated file found; will not be sent for synthesis: z:/work/git/LabVIEW_Fpga/06_MicroBlaze/04_MicroBlaze_lwIP/MicroBlaze_lwIP/MicroBlaze_lwIP.srcs/sources_1/bd/d_microblaze/ipshared/xilinx.com/axi_fifo_mm_s_v4_1/hdl/src/vhdl/fifo.vhd
Duplicated file found; will not be sent for synthesis: z:/work/git/LabVIEW_Fpga/06_MicroBlaze/04_MicroBlaze_lwIP/MicroBlaze_lwIP/MicroBlaze_lwIP.srcs/sources_1/bd/d_microblaze/ipshared/xilinx.com/axi_fifo_mm_s_v4_1/hdl/src/vhdl/ipic2axi_s.vhd
Duplicated file found; will not be sent for synthesis: z:/work/git/LabVIEW_Fpga/06_MicroBlaze/04_MicroBlaze_lwIP/MicroBlaze_lwIP/MicroBlaze_lwIP.srcs/sources_1/bd/d_microblaze/ipshared/xilinx.com/axi_fifo_mm_s_v4_1/hdl/src/vhdl/axi_fifo_mm_s.vhd
Duplicated file found; will not be sent for synthesis: z:/work/git/LabVIEW_Fpga/06_MicroBlaze/04_MicroBlaze_lwIP/MicroBlaze_lwIP/MicroBlaze_lwIP.srcs/sources_1/bd/d_microblaze/ipshared/xilinx.com/blk_mem_gen_v8_3/hdl/blk_mem_gen_v8_3_vhsyn_rfs.vhd
Duplicated file found; will not be sent for synthesis: z:/work/git/LabVIEW_Fpga/06_MicroBlaze/04_MicroBlaze_lwIP/MicroBlaze_lwIP/MicroBlaze_lwIP.srcs/sources_1/bd/d_microblaze/ipshared/xilinx.com/blk_mem_gen_v8_3/hdl/blk_mem_gen_v8_3.vhd
Duplicated file found; will not be sent for synthesis: z:/work/git/LabVIEW_Fpga/06_MicroBlaze/04_MicroBlaze_lwIP/MicroBlaze_lwIP/MicroBlaze_lwIP.srcs/sources_1/bd/d_microblaze/ipshared/xilinx.com/fifo_generator_v13_0/hdl/fifo_generator_v13_0_vhsyn_rfs.vhd
Duplicated file found; will not be sent for synthesis: z:/work/git/LabVIEW_Fpga/06_MicroBlaze/04_MicroBlaze_lwIP/MicroBlaze_lwIP/MicroBlaze_lwIP.srcs/sources_1/bd/d_microblaze/ipshared/xilinx.com/fifo_generator_v13_0/hdl/fifo_generator_v13_0.vhd
Duplicated file found; will not be sent for synthesis: z:/work/git/LabVIEW_Fpga/06_MicroBlaze/04_MicroBlaze_lwIP/MicroBlaze_lwIP/MicroBlaze_lwIP.srcs/sources_1/bd/d_microblaze/ipshared/xilinx.com/blk_mem_gen_v8_3/hdl/blk_mem_gen_v8_3_vhsyn_rfs.vhd
Duplicated file found; will not be sent for synthesis: z:/work/git/LabVIEW_Fpga/06_MicroBlaze/04_MicroBlaze_lwIP/MicroBlaze_lwIP/MicroBlaze_lwIP.srcs/sources_1/bd/d_microblaze/ipshared/xilinx.com/blk_mem_gen_v8_3/hdl/blk_mem_gen_v8_3.vhd
Duplicated file found; will not be sent for synthesis: z:/work/git/LabVIEW_Fpga/06_MicroBlaze/04_MicroBlaze_lwIP/MicroBlaze_lwIP/MicroBlaze_lwIP.srcs/sources_1/bd/d_microblaze/ipshared/xilinx.com/blk_mem_gen_v8_3/hdl/blk_mem_gen_v8_3_vhsyn_rfs.vhd
Duplicated file found; will not be sent for synthesis: z:/work/git/LabVIEW_Fpga/06_MicroBlaze/04_MicroBlaze_lwIP/MicroBlaze_lwIP/MicroBlaze_lwIP.srcs/sources_1/bd/d_microblaze/ipshared/xilinx.com/blk_mem_gen_v8_3/hdl/blk_mem_gen_v8_3.vhd
Duplicated file found; will not be sent for synthesis: z:/work/git/LabVIEW_Fpga/06_MicroBlaze/04_MicroBlaze_lwIP/MicroBlaze_lwIP/MicroBlaze_lwIP.srcs/sources_1/bd/d_microblaze/ipshared/xilinx.com/fifo_generator_v13_0/hdl/fifo_generator_v13_0_vhsyn_rfs.vhd
Duplicated file found; will not be sent for synthesis: z:/work/git/LabVIEW_Fpga/06_MicroBlaze/04_MicroBlaze_lwIP/MicroBlaze_lwIP/MicroBlaze_lwIP.srcs/sources_1/bd/d_microblaze/ipshared/xilinx.com/fifo_generator_v13_0/hdl/fifo_generator_v13_0.vhd
Duplicated file found; will not be sent for synthesis: z:/work/git/LabVIEW_Fpga/06_MicroBlaze/04_MicroBlaze_lwIP/MicroBlaze_lwIP/MicroBlaze_lwIP.srcs/sources_1/bd/d_microblaze/ipshared/xilinx.com/blk_mem_gen_v8_3/hdl/blk_mem_gen_v8_3_vhsyn_rfs.vhd
Duplicated file found; will not be sent for synthesis: z:/work/git/LabVIEW_Fpga/06_MicroBlaze/04_MicroBlaze_lwIP/MicroBlaze_lwIP/MicroBlaze_lwIP.srcs/sources_1/bd/d_microblaze/ipshared/xilinx.com/blk_mem_gen_v8_3/hdl/blk_mem_gen_v8_3.vhd
Duplicated file found; will not be sent for synthesis: z:/work/git/LabVIEW_Fpga/06_MicroBlaze/04_MicroBlaze_lwIP/MicroBlaze_lwIP/MicroBlaze_lwIP.srcs/sources_1/bd/d_microblaze/ipshared/xilinx.com/axi_lite_ipif_v3_0/hdl/src/vhdl/ipif_pkg.vhd
Duplicated file found; will not be sent for synthesis: z:/work/git/LabVIEW_Fpga/06_MicroBlaze/04_MicroBlaze_lwIP/MicroBlaze_lwIP/MicroBlaze_lwIP.srcs/sources_1/bd/d_microblaze/ipshared/xilinx.com/axi_lite_ipif_v3_0/hdl/src/vhdl/pselect_f.vhd
Duplicated file found; will not be sent for synthesis: z:/work/git/LabVIEW_Fpga/06_MicroBlaze/04_MicroBlaze_lwIP/MicroBlaze_lwIP/MicroBlaze_lwIP.srcs/sources_1/bd/d_microblaze/ipshared/xilinx.com/axi_lite_ipif_v3_0/hdl/src/vhdl/address_decoder.vhd
Duplicated file found; will not be sent for synthesis: z:/work/git/LabVIEW_Fpga/06_MicroBlaze/04_MicroBlaze_lwIP/MicroBlaze_lwIP/MicroBlaze_lwIP.srcs/sources_1/bd/d_microblaze/ipshared/xilinx.com/axi_lite_ipif_v3_0/hdl/src/vhdl/slave_attachment.vhd
Duplicated file found; will not be sent for synthesis: z:/work/git/LabVIEW_Fpga/06_MicroBlaze/04_MicroBlaze_lwIP/MicroBlaze_lwIP/MicroBlaze_lwIP.srcs/sources_1/bd/d_microblaze/ipshared/xilinx.com/axi_lite_ipif_v3_0/hdl/src/vhdl/axi_lite_ipif.vhd
Duplicated file found; will not be sent for synthesis: z:/work/git/LabVIEW_Fpga/06_MicroBlaze/04_MicroBlaze_lwIP/MicroBlaze_lwIP/MicroBlaze_lwIP.srcs/sources_1/bd/d_microblaze/ipshared/xilinx.com/lib_cdc_v1_0/hdl/src/vhdl/cdc_sync.vhd
Duplicated file found; will not be sent for synthesis: z:/work/git/LabVIEW_Fpga/06_MicroBlaze/04_MicroBlaze_lwIP/MicroBlaze_lwIP/MicroBlaze_lwIP.srcs/sources_1/bd/d_microblaze/ipshared/xilinx.com/interrupt_control_v3_1/hdl/src/vhdl/interrupt_control.vhd
Duplicated file found; will not be sent for synthesis: z:/work/git/LabVIEW_Fpga/06_MicroBlaze/04_MicroBlaze_lwIP/MicroBlaze_lwIP/MicroBlaze_lwIP.srcs/sources_1/bd/d_microblaze/ipshared/xilinx.com/axi_gpio_v2_0/hdl/src/vhdl/gpio_core.vhd
Duplicated file found; will not be sent for synthesis: z:/work/git/LabVIEW_Fpga/06_MicroBlaze/04_MicroBlaze_lwIP/MicroBlaze_lwIP/MicroBlaze_lwIP.srcs/sources_1/bd/d_microblaze/ipshared/xilinx.com/axi_gpio_v2_0/hdl/src/vhdl/axi_gpio.vhd
Duplicated file found; will not be sent for synthesis: z:/work/git/LabVIEW_Fpga/06_MicroBlaze/04_MicroBlaze_lwIP/MicroBlaze_lwIP/MicroBlaze_lwIP.srcs/sources_1/bd/d_microblaze/ipshared/xilinx.com/generic_baseblocks_v2_1/hdl/verilog/generic_baseblocks_v2_1_carry_and.v
Duplicated file found; will not be sent for synthesis: z:/work/git/LabVIEW_Fpga/06_MicroBlaze/04_MicroBlaze_lwIP/MicroBlaze_lwIP/MicroBlaze_lwIP.srcs/sources_1/bd/d_microblaze/ipshared/xilinx.com/generic_baseblocks_v2_1/hdl/verilog/generic_baseblocks_v2_1_carry_latch_and.v
Duplicated file found; will not be sent for synthesis: z:/work/git/LabVIEW_Fpga/06_MicroBlaze/04_MicroBlaze_lwIP/MicroBlaze_lwIP/MicroBlaze_lwIP.srcs/sources_1/bd/d_microblaze/ipshared/xilinx.com/generic_baseblocks_v2_1/hdl/verilog/generic_baseblocks_v2_1_carry_latch_or.v
Duplicated file found; will not be sent for synthesis: z:/work/git/LabVIEW_Fpga/06_MicroBlaze/04_MicroBlaze_lwIP/MicroBlaze_lwIP/MicroBlaze_lwIP.srcs/sources_1/bd/d_microblaze/ipshared/xilinx.com/generic_baseblocks_v2_1/hdl/verilog/generic_baseblocks_v2_1_carry_or.v
Duplicated file found; will not be sent for synthesis: z:/work/git/LabVIEW_Fpga/06_MicroBlaze/04_MicroBlaze_lwIP/MicroBlaze_lwIP/MicroBlaze_lwIP.srcs/sources_1/bd/d_microblaze/ipshared/xilinx.com/generic_baseblocks_v2_1/hdl/verilog/generic_baseblocks_v2_1_carry.v
Duplicated file found; will not be sent for synthesis: z:/work/git/LabVIEW_Fpga/06_MicroBlaze/04_MicroBlaze_lwIP/MicroBlaze_lwIP/MicroBlaze_lwIP.srcs/sources_1/bd/d_microblaze/ipshared/xilinx.com/generic_baseblocks_v2_1/hdl/verilog/generic_baseblocks_v2_1_command_fifo.v
Duplicated file found; will not be sent for synthesis: z:/work/git/LabVIEW_Fpga/06_MicroBlaze/04_MicroBlaze_lwIP/MicroBlaze_lwIP/MicroBlaze_lwIP.srcs/sources_1/bd/d_microblaze/ipshared/xilinx.com/generic_baseblocks_v2_1/hdl/verilog/generic_baseblocks_v2_1_comparator_mask_static.v
Duplicated file found; will not be sent for synthesis: z:/work/git/LabVIEW_Fpga/06_MicroBlaze/04_MicroBlaze_lwIP/MicroBlaze_lwIP/MicroBlaze_lwIP.srcs/sources_1/bd/d_microblaze/ipshared/xilinx.com/generic_baseblocks_v2_1/hdl/verilog/generic_baseblocks_v2_1_comparator_mask.v
Duplicated file found; will not be sent for synthesis: z:/work/git/LabVIEW_Fpga/06_MicroBlaze/04_MicroBlaze_lwIP/MicroBlaze_lwIP/MicroBlaze_lwIP.srcs/sources_1/bd/d_microblaze/ipshared/xilinx.com/generic_baseblocks_v2_1/hdl/verilog/generic_baseblocks_v2_1_comparator_sel_mask_static.v
Duplicated file found; will not be sent for synthesis: z:/work/git/LabVIEW_Fpga/06_MicroBlaze/04_MicroBlaze_lwIP/MicroBlaze_lwIP/MicroBlaze_lwIP.srcs/sources_1/bd/d_microblaze/ipshared/xilinx.com/generic_baseblocks_v2_1/hdl/verilog/generic_baseblocks_v2_1_comparator_sel_mask.v
Duplicated file found; will not be sent for synthesis: z:/work/git/LabVIEW_Fpga/06_MicroBlaze/04_MicroBlaze_lwIP/MicroBlaze_lwIP/MicroBlaze_lwIP.srcs/sources_1/bd/d_microblaze/ipshared/xilinx.com/generic_baseblocks_v2_1/hdl/verilog/generic_baseblocks_v2_1_comparator_sel_static.v
Duplicated file found; will not be sent for synthesis: z:/work/git/LabVIEW_Fpga/06_MicroBlaze/04_MicroBlaze_lwIP/MicroBlaze_lwIP/MicroBlaze_lwIP.srcs/sources_1/bd/d_microblaze/ipshared/xilinx.com/generic_baseblocks_v2_1/hdl/verilog/generic_baseblocks_v2_1_comparator_sel.v
Duplicated file found; will not be sent for synthesis: z:/work/git/LabVIEW_Fpga/06_MicroBlaze/04_MicroBlaze_lwIP/MicroBlaze_lwIP/MicroBlaze_lwIP.srcs/sources_1/bd/d_microblaze/ipshared/xilinx.com/generic_baseblocks_v2_1/hdl/verilog/generic_baseblocks_v2_1_comparator_static.v
Duplicated file found; will not be sent for synthesis: z:/work/git/LabVIEW_Fpga/06_MicroBlaze/04_MicroBlaze_lwIP/MicroBlaze_lwIP/MicroBlaze_lwIP.srcs/sources_1/bd/d_microblaze/ipshared/xilinx.com/generic_baseblocks_v2_1/hdl/verilog/generic_baseblocks_v2_1_comparator.v
Duplicated file found; will not be sent for synthesis: z:/work/git/LabVIEW_Fpga/06_MicroBlaze/04_MicroBlaze_lwIP/MicroBlaze_lwIP/MicroBlaze_lwIP.srcs/sources_1/bd/d_microblaze/ipshared/xilinx.com/generic_baseblocks_v2_1/hdl/verilog/generic_baseblocks_v2_1_mux_enc.v
Duplicated file found; will not be sent for synthesis: z:/work/git/LabVIEW_Fpga/06_MicroBlaze/04_MicroBlaze_lwIP/MicroBlaze_lwIP/MicroBlaze_lwIP.srcs/sources_1/bd/d_microblaze/ipshared/xilinx.com/generic_baseblocks_v2_1/hdl/verilog/generic_baseblocks_v2_1_mux.v
Duplicated file found; will not be sent for synthesis: z:/work/git/LabVIEW_Fpga/06_MicroBlaze/04_MicroBlaze_lwIP/MicroBlaze_lwIP/MicroBlaze_lwIP.srcs/sources_1/bd/d_microblaze/ipshared/xilinx.com/generic_baseblocks_v2_1/hdl/verilog/generic_baseblocks_v2_1_nto1_mux.v
Duplicated file found; will not be sent for synthesis: z:/work/git/LabVIEW_Fpga/06_MicroBlaze/04_MicroBlaze_lwIP/MicroBlaze_lwIP/MicroBlaze_lwIP.srcs/sources_1/bd/d_microblaze/ipshared/xilinx.com/axi_data_fifo_v2_1/hdl/verilog/axi_data_fifo_v2_1_axic_fifo.v
Duplicated file found; will not be sent for synthesis: z:/work/git/LabVIEW_Fpga/06_MicroBlaze/04_MicroBlaze_lwIP/MicroBlaze_lwIP/MicroBlaze_lwIP.srcs/sources_1/bd/d_microblaze/ipshared/xilinx.com/axi_data_fifo_v2_1/hdl/verilog/axi_data_fifo_v2_1_fifo_gen.v
Duplicated file found; will not be sent for synthesis: z:/work/git/LabVIEW_Fpga/06_MicroBlaze/04_MicroBlaze_lwIP/MicroBlaze_lwIP/MicroBlaze_lwIP.srcs/sources_1/bd/d_microblaze/ipshared/xilinx.com/axi_data_fifo_v2_1/hdl/verilog/axi_data_fifo_v2_1_axic_srl_fifo.v
Duplicated file found; will not be sent for synthesis: z:/work/git/LabVIEW_Fpga/06_MicroBlaze/04_MicroBlaze_lwIP/MicroBlaze_lwIP/MicroBlaze_lwIP.srcs/sources_1/bd/d_microblaze/ipshared/xilinx.com/axi_data_fifo_v2_1/hdl/verilog/axi_data_fifo_v2_1_axic_reg_srl_fifo.v
Duplicated file found; will not be sent for synthesis: z:/work/git/LabVIEW_Fpga/06_MicroBlaze/04_MicroBlaze_lwIP/MicroBlaze_lwIP/MicroBlaze_lwIP.srcs/sources_1/bd/d_microblaze/ipshared/xilinx.com/axi_data_fifo_v2_1/hdl/verilog/axi_data_fifo_v2_1_ndeep_srl.v
Duplicated file found; will not be sent for synthesis: z:/work/git/LabVIEW_Fpga/06_MicroBlaze/04_MicroBlaze_lwIP/MicroBlaze_lwIP/MicroBlaze_lwIP.srcs/sources_1/bd/d_microblaze/ipshared/xilinx.com/axi_data_fifo_v2_1/hdl/verilog/axi_data_fifo_v2_1_axi_data_fifo.v
Duplicated file found; will not be sent for synthesis: z:/work/git/LabVIEW_Fpga/06_MicroBlaze/04_MicroBlaze_lwIP/MicroBlaze_lwIP/MicroBlaze_lwIP.srcs/sources_1/bd/d_microblaze/ipshared/xilinx.com/axi_infrastructure_v1_1/hdl/verilog/axi_infrastructure_v1_1_0_header.vh
Duplicated file found; will not be sent for synthesis: z:/work/git/LabVIEW_Fpga/06_MicroBlaze/04_MicroBlaze_lwIP/MicroBlaze_lwIP/MicroBlaze_lwIP.srcs/sources_1/bd/d_microblaze/ipshared/xilinx.com/axi_infrastructure_v1_1/hdl/verilog/axi_infrastructure_v1_1_axi2vector.v
Duplicated file found; will not be sent for synthesis: z:/work/git/LabVIEW_Fpga/06_MicroBlaze/04_MicroBlaze_lwIP/MicroBlaze_lwIP/MicroBlaze_lwIP.srcs/sources_1/bd/d_microblaze/ipshared/xilinx.com/axi_infrastructure_v1_1/hdl/verilog/axi_infrastructure_v1_1_axic_srl_fifo.v
Duplicated file found; will not be sent for synthesis: z:/work/git/LabVIEW_Fpga/06_MicroBlaze/04_MicroBlaze_lwIP/MicroBlaze_lwIP/MicroBlaze_lwIP.srcs/sources_1/bd/d_microblaze/ipshared/xilinx.com/axi_infrastructure_v1_1/hdl/verilog/axi_infrastructure_v1_1_vector2axi.v
Duplicated file found; will not be sent for synthesis: z:/work/git/LabVIEW_Fpga/06_MicroBlaze/04_MicroBlaze_lwIP/MicroBlaze_lwIP/MicroBlaze_lwIP.srcs/sources_1/bd/d_microblaze/ipshared/xilinx.com/axi_register_slice_v2_1/hdl/verilog/axi_register_slice_v2_1_axic_register_slice.v
Duplicated file found; will not be sent for synthesis: z:/work/git/LabVIEW_Fpga/06_MicroBlaze/04_MicroBlaze_lwIP/MicroBlaze_lwIP/MicroBlaze_lwIP.srcs/sources_1/bd/d_microblaze/ipshared/xilinx.com/axi_register_slice_v2_1/hdl/verilog/axi_register_slice_v2_1_axi_register_slice.v
Duplicated file found; will not be sent for synthesis: z:/work/git/LabVIEW_Fpga/06_MicroBlaze/04_MicroBlaze_lwIP/MicroBlaze_lwIP/MicroBlaze_lwIP.srcs/sources_1/bd/d_microblaze/ipshared/xilinx.com/blk_mem_gen_v8_3/hdl/blk_mem_gen_v8_3_vhsyn_rfs.vhd
Duplicated file found; will not be sent for synthesis: z:/work/git/LabVIEW_Fpga/06_MicroBlaze/04_MicroBlaze_lwIP/MicroBlaze_lwIP/MicroBlaze_lwIP.srcs/sources_1/bd/d_microblaze/ipshared/xilinx.com/blk_mem_gen_v8_3/hdl/blk_mem_gen_v8_3.vhd
Duplicated file found; will not be sent for synthesis: z:/work/git/LabVIEW_Fpga/06_MicroBlaze/04_MicroBlaze_lwIP/MicroBlaze_lwIP/MicroBlaze_lwIP.srcs/sources_1/bd/d_microblaze/ipshared/xilinx.com/fifo_generator_v13_0/hdl/fifo_generator_v13_0_vhsyn_rfs.vhd
Duplicated file found; will not be sent for synthesis: z:/work/git/LabVIEW_Fpga/06_MicroBlaze/04_MicroBlaze_lwIP/MicroBlaze_lwIP/MicroBlaze_lwIP.srcs/sources_1/bd/d_microblaze/ipshared/xilinx.com/fifo_generator_v13_0/hdl/fifo_generator_v13_0.vhd
Duplicated file found; will not be sent for synthesis: z:/work/git/LabVIEW_Fpga/06_MicroBlaze/04_MicroBlaze_lwIP/MicroBlaze_lwIP/MicroBlaze_lwIP.srcs/sources_1/bd/d_microblaze/ipshared/xilinx.com/generic_baseblocks_v2_1/hdl/verilog/generic_baseblocks_v2_1_carry_and.v
Duplicated file found; will not be sent for synthesis: z:/work/git/LabVIEW_Fpga/06_MicroBlaze/04_MicroBlaze_lwIP/MicroBlaze_lwIP/MicroBlaze_lwIP.srcs/sources_1/bd/d_microblaze/ipshared/xilinx.com/generic_baseblocks_v2_1/hdl/verilog/generic_baseblocks_v2_1_carry_latch_and.v
Duplicated file found; will not be sent for synthesis: z:/work/git/LabVIEW_Fpga/06_MicroBlaze/04_MicroBlaze_lwIP/MicroBlaze_lwIP/MicroBlaze_lwIP.srcs/sources_1/bd/d_microblaze/ipshared/xilinx.com/generic_baseblocks_v2_1/hdl/verilog/generic_baseblocks_v2_1_carry_latch_or.v
Duplicated file found; will not be sent for synthesis: z:/work/git/LabVIEW_Fpga/06_MicroBlaze/04_MicroBlaze_lwIP/MicroBlaze_lwIP/MicroBlaze_lwIP.srcs/sources_1/bd/d_microblaze/ipshared/xilinx.com/generic_baseblocks_v2_1/hdl/verilog/generic_baseblocks_v2_1_carry_or.v
Duplicated file found; will not be sent for synthesis: z:/work/git/LabVIEW_Fpga/06_MicroBlaze/04_MicroBlaze_lwIP/MicroBlaze_lwIP/MicroBlaze_lwIP.srcs/sources_1/bd/d_microblaze/ipshared/xilinx.com/generic_baseblocks_v2_1/hdl/verilog/generic_baseblocks_v2_1_carry.v
Duplicated file found; will not be sent for synthesis: z:/work/git/LabVIEW_Fpga/06_MicroBlaze/04_MicroBlaze_lwIP/MicroBlaze_lwIP/MicroBlaze_lwIP.srcs/sources_1/bd/d_microblaze/ipshared/xilinx.com/generic_baseblocks_v2_1/hdl/verilog/generic_baseblocks_v2_1_command_fifo.v
Duplicated file found; will not be sent for synthesis: z:/work/git/LabVIEW_Fpga/06_MicroBlaze/04_MicroBlaze_lwIP/MicroBlaze_lwIP/MicroBlaze_lwIP.srcs/sources_1/bd/d_microblaze/ipshared/xilinx.com/generic_baseblocks_v2_1/hdl/verilog/generic_baseblocks_v2_1_comparator_mask_static.v
Duplicated file found; will not be sent for synthesis: z:/work/git/LabVIEW_Fpga/06_MicroBlaze/04_MicroBlaze_lwIP/MicroBlaze_lwIP/MicroBlaze_lwIP.srcs/sources_1/bd/d_microblaze/ipshared/xilinx.com/generic_baseblocks_v2_1/hdl/verilog/generic_baseblocks_v2_1_comparator_mask.v
Duplicated file found; will not be sent for synthesis: z:/work/git/LabVIEW_Fpga/06_MicroBlaze/04_MicroBlaze_lwIP/MicroBlaze_lwIP/MicroBlaze_lwIP.srcs/sources_1/bd/d_microblaze/ipshared/xilinx.com/generic_baseblocks_v2_1/hdl/verilog/generic_baseblocks_v2_1_comparator_sel_mask_static.v
Duplicated file found; will not be sent for synthesis: z:/work/git/LabVIEW_Fpga/06_MicroBlaze/04_MicroBlaze_lwIP/MicroBlaze_lwIP/MicroBlaze_lwIP.srcs/sources_1/bd/d_microblaze/ipshared/xilinx.com/generic_baseblocks_v2_1/hdl/verilog/generic_baseblocks_v2_1_comparator_sel_mask.v
Duplicated file found; will not be sent for synthesis: z:/work/git/LabVIEW_Fpga/06_MicroBlaze/04_MicroBlaze_lwIP/MicroBlaze_lwIP/MicroBlaze_lwIP.srcs/sources_1/bd/d_microblaze/ipshared/xilinx.com/generic_baseblocks_v2_1/hdl/verilog/generic_baseblocks_v2_1_comparator_sel_static.v
Duplicated file found; will not be sent for synthesis: z:/work/git/LabVIEW_Fpga/06_MicroBlaze/04_MicroBlaze_lwIP/MicroBlaze_lwIP/MicroBlaze_lwIP.srcs/sources_1/bd/d_microblaze/ipshared/xilinx.com/generic_baseblocks_v2_1/hdl/verilog/generic_baseblocks_v2_1_comparator_sel.v
Duplicated file found; will not be sent for synthesis: z:/work/git/LabVIEW_Fpga/06_MicroBlaze/04_MicroBlaze_lwIP/MicroBlaze_lwIP/MicroBlaze_lwIP.srcs/sources_1/bd/d_microblaze/ipshared/xilinx.com/generic_baseblocks_v2_1/hdl/verilog/generic_baseblocks_v2_1_comparator_static.v
Duplicated file found; will not be sent for synthesis: z:/work/git/LabVIEW_Fpga/06_MicroBlaze/04_MicroBlaze_lwIP/MicroBlaze_lwIP/MicroBlaze_lwIP.srcs/sources_1/bd/d_microblaze/ipshared/xilinx.com/generic_baseblocks_v2_1/hdl/verilog/generic_baseblocks_v2_1_comparator.v
Duplicated file found; will not be sent for synthesis: z:/work/git/LabVIEW_Fpga/06_MicroBlaze/04_MicroBlaze_lwIP/MicroBlaze_lwIP/MicroBlaze_lwIP.srcs/sources_1/bd/d_microblaze/ipshared/xilinx.com/generic_baseblocks_v2_1/hdl/verilog/generic_baseblocks_v2_1_mux_enc.v
Duplicated file found; will not be sent for synthesis: z:/work/git/LabVIEW_Fpga/06_MicroBlaze/04_MicroBlaze_lwIP/MicroBlaze_lwIP/MicroBlaze_lwIP.srcs/sources_1/bd/d_microblaze/ipshared/xilinx.com/generic_baseblocks_v2_1/hdl/verilog/generic_baseblocks_v2_1_mux.v
Duplicated file found; will not be sent for synthesis: z:/work/git/LabVIEW_Fpga/06_MicroBlaze/04_MicroBlaze_lwIP/MicroBlaze_lwIP/MicroBlaze_lwIP.srcs/sources_1/bd/d_microblaze/ipshared/xilinx.com/generic_baseblocks_v2_1/hdl/verilog/generic_baseblocks_v2_1_nto1_mux.v
Duplicated file found; will not be sent for synthesis: z:/work/git/LabVIEW_Fpga/06_MicroBlaze/04_MicroBlaze_lwIP/MicroBlaze_lwIP/MicroBlaze_lwIP.srcs/sources_1/bd/d_microblaze/ipshared/xilinx.com/axi_data_fifo_v2_1/hdl/verilog/axi_data_fifo_v2_1_axic_fifo.v
Duplicated file found; will not be sent for synthesis: z:/work/git/LabVIEW_Fpga/06_MicroBlaze/04_MicroBlaze_lwIP/MicroBlaze_lwIP/MicroBlaze_lwIP.srcs/sources_1/bd/d_microblaze/ipshared/xilinx.com/axi_data_fifo_v2_1/hdl/verilog/axi_data_fifo_v2_1_fifo_gen.v
Duplicated file found; will not be sent for synthesis: z:/work/git/LabVIEW_Fpga/06_MicroBlaze/04_MicroBlaze_lwIP/MicroBlaze_lwIP/MicroBlaze_lwIP.srcs/sources_1/bd/d_microblaze/ipshared/xilinx.com/axi_data_fifo_v2_1/hdl/verilog/axi_data_fifo_v2_1_axic_srl_fifo.v
Duplicated file found; will not be sent for synthesis: z:/work/git/LabVIEW_Fpga/06_MicroBlaze/04_MicroBlaze_lwIP/MicroBlaze_lwIP/MicroBlaze_lwIP.srcs/sources_1/bd/d_microblaze/ipshared/xilinx.com/axi_data_fifo_v2_1/hdl/verilog/axi_data_fifo_v2_1_axic_reg_srl_fifo.v
Duplicated file found; will not be sent for synthesis: z:/work/git/LabVIEW_Fpga/06_MicroBlaze/04_MicroBlaze_lwIP/MicroBlaze_lwIP/MicroBlaze_lwIP.srcs/sources_1/bd/d_microblaze/ipshared/xilinx.com/axi_data_fifo_v2_1/hdl/verilog/axi_data_fifo_v2_1_ndeep_srl.v
Duplicated file found; will not be sent for synthesis: z:/work/git/LabVIEW_Fpga/06_MicroBlaze/04_MicroBlaze_lwIP/MicroBlaze_lwIP/MicroBlaze_lwIP.srcs/sources_1/bd/d_microblaze/ipshared/xilinx.com/axi_data_fifo_v2_1/hdl/verilog/axi_data_fifo_v2_1_axi_data_fifo.v
Duplicated file found; will not be sent for synthesis: z:/work/git/LabVIEW_Fpga/06_MicroBlaze/04_MicroBlaze_lwIP/MicroBlaze_lwIP/MicroBlaze_lwIP.srcs/sources_1/bd/d_microblaze/ipshared/xilinx.com/axi_infrastructure_v1_1/hdl/verilog/axi_infrastructure_v1_1_0_header.vh
Duplicated file found; will not be sent for synthesis: z:/work/git/LabVIEW_Fpga/06_MicroBlaze/04_MicroBlaze_lwIP/MicroBlaze_lwIP/MicroBlaze_lwIP.srcs/sources_1/bd/d_microblaze/ipshared/xilinx.com/axi_infrastructure_v1_1/hdl/verilog/axi_infrastructure_v1_1_axi2vector.v
Duplicated file found; will not be sent for synthesis: z:/work/git/LabVIEW_Fpga/06_MicroBlaze/04_MicroBlaze_lwIP/MicroBlaze_lwIP/MicroBlaze_lwIP.srcs/sources_1/bd/d_microblaze/ipshared/xilinx.com/axi_infrastructure_v1_1/hdl/verilog/axi_infrastructure_v1_1_axic_srl_fifo.v
Duplicated file found; will not be sent for synthesis: z:/work/git/LabVIEW_Fpga/06_MicroBlaze/04_MicroBlaze_lwIP/MicroBlaze_lwIP/MicroBlaze_lwIP.srcs/sources_1/bd/d_microblaze/ipshared/xilinx.com/axi_infrastructure_v1_1/hdl/verilog/axi_infrastructure_v1_1_vector2axi.v
Duplicated file found; will not be sent for synthesis: z:/work/git/LabVIEW_Fpga/06_MicroBlaze/04_MicroBlaze_lwIP/MicroBlaze_lwIP/MicroBlaze_lwIP.srcs/sources_1/bd/d_microblaze/ipshared/xilinx.com/axi_register_slice_v2_1/hdl/verilog/axi_register_slice_v2_1_axic_register_slice.v
Duplicated file found; will not be sent for synthesis: z:/work/git/LabVIEW_Fpga/06_MicroBlaze/04_MicroBlaze_lwIP/MicroBlaze_lwIP/MicroBlaze_lwIP.srcs/sources_1/bd/d_microblaze/ipshared/xilinx.com/axi_register_slice_v2_1/hdl/verilog/axi_register_slice_v2_1_axi_register_slice.v
Duplicated file found; will not be sent for synthesis: z:/work/git/LabVIEW_Fpga/06_MicroBlaze/04_MicroBlaze_lwIP/MicroBlaze_lwIP/MicroBlaze_lwIP.srcs/sources_1/bd/d_microblaze/ipshared/xilinx.com/axi_protocol_converter_v2_1/hdl/verilog/axi_protocol_converter_v2_1_a_axi3_conv.v
Duplicated file found; will not be sent for synthesis: z:/work/git/LabVIEW_Fpga/06_MicroBlaze/04_MicroBlaze_lwIP/MicroBlaze_lwIP/MicroBlaze_lwIP.srcs/sources_1/bd/d_microblaze/ipshared/xilinx.com/axi_protocol_converter_v2_1/hdl/verilog/axi_protocol_converter_v2_1_axi3_conv.v
Duplicated file found; will not be sent for synthesis: z:/work/git/LabVIEW_Fpga/06_MicroBlaze/04_MicroBlaze_lwIP/MicroBlaze_lwIP/MicroBlaze_lwIP.srcs/sources_1/bd/d_microblaze/ipshared/xilinx.com/axi_protocol_converter_v2_1/hdl/verilog/axi_protocol_converter_v2_1_axilite_conv.v
Duplicated file found; will not be sent for synthesis: z:/work/git/LabVIEW_Fpga/06_MicroBlaze/04_MicroBlaze_lwIP/MicroBlaze_lwIP/MicroBlaze_lwIP.srcs/sources_1/bd/d_microblaze/ipshared/xilinx.com/axi_protocol_converter_v2_1/hdl/verilog/axi_protocol_converter_v2_1_r_axi3_conv.v
Duplicated file found; will not be sent for synthesis: z:/work/git/LabVIEW_Fpga/06_MicroBlaze/04_MicroBlaze_lwIP/MicroBlaze_lwIP/MicroBlaze_lwIP.srcs/sources_1/bd/d_microblaze/ipshared/xilinx.com/axi_protocol_converter_v2_1/hdl/verilog/axi_protocol_converter_v2_1_w_axi3_conv.v
Duplicated file found; will not be sent for synthesis: z:/work/git/LabVIEW_Fpga/06_MicroBlaze/04_MicroBlaze_lwIP/MicroBlaze_lwIP/MicroBlaze_lwIP.srcs/sources_1/bd/d_microblaze/ipshared/xilinx.com/axi_protocol_converter_v2_1/hdl/verilog/axi_protocol_converter_v2_1_b_downsizer.v
Duplicated file found; will not be sent for synthesis: z:/work/git/LabVIEW_Fpga/06_MicroBlaze/04_MicroBlaze_lwIP/MicroBlaze_lwIP/MicroBlaze_lwIP.srcs/sources_1/bd/d_microblaze/ipshared/xilinx.com/axi_protocol_converter_v2_1/hdl/verilog/axi_protocol_converter_v2_1_decerr_slave.v
Duplicated file found; will not be sent for synthesis: z:/work/git/LabVIEW_Fpga/06_MicroBlaze/04_MicroBlaze_lwIP/MicroBlaze_lwIP/MicroBlaze_lwIP.srcs/sources_1/bd/d_microblaze/ipshared/xilinx.com/axi_protocol_converter_v2_1/hdl/verilog/axi_protocol_converter_v2_1_b2s_simple_fifo.v
Duplicated file found; will not be sent for synthesis: z:/work/git/LabVIEW_Fpga/06_MicroBlaze/04_MicroBlaze_lwIP/MicroBlaze_lwIP/MicroBlaze_lwIP.srcs/sources_1/bd/d_microblaze/ipshared/xilinx.com/axi_protocol_converter_v2_1/hdl/verilog/axi_protocol_converter_v2_1_b2s_wrap_cmd.v
Duplicated file found; will not be sent for synthesis: z:/work/git/LabVIEW_Fpga/06_MicroBlaze/04_MicroBlaze_lwIP/MicroBlaze_lwIP/MicroBlaze_lwIP.srcs/sources_1/bd/d_microblaze/ipshared/xilinx.com/axi_protocol_converter_v2_1/hdl/verilog/axi_protocol_converter_v2_1_b2s_incr_cmd.v
Duplicated file found; will not be sent for synthesis: z:/work/git/LabVIEW_Fpga/06_MicroBlaze/04_MicroBlaze_lwIP/MicroBlaze_lwIP/MicroBlaze_lwIP.srcs/sources_1/bd/d_microblaze/ipshared/xilinx.com/axi_protocol_converter_v2_1/hdl/verilog/axi_protocol_converter_v2_1_b2s_wr_cmd_fsm.v
Duplicated file found; will not be sent for synthesis: z:/work/git/LabVIEW_Fpga/06_MicroBlaze/04_MicroBlaze_lwIP/MicroBlaze_lwIP/MicroBlaze_lwIP.srcs/sources_1/bd/d_microblaze/ipshared/xilinx.com/axi_protocol_converter_v2_1/hdl/verilog/axi_protocol_converter_v2_1_b2s_rd_cmd_fsm.v
Duplicated file found; will not be sent for synthesis: z:/work/git/LabVIEW_Fpga/06_MicroBlaze/04_MicroBlaze_lwIP/MicroBlaze_lwIP/MicroBlaze_lwIP.srcs/sources_1/bd/d_microblaze/ipshared/xilinx.com/axi_protocol_converter_v2_1/hdl/verilog/axi_protocol_converter_v2_1_b2s_cmd_translator.v
Duplicated file found; will not be sent for synthesis: z:/work/git/LabVIEW_Fpga/06_MicroBlaze/04_MicroBlaze_lwIP/MicroBlaze_lwIP/MicroBlaze_lwIP.srcs/sources_1/bd/d_microblaze/ipshared/xilinx.com/axi_protocol_converter_v2_1/hdl/verilog/axi_protocol_converter_v2_1_b2s_b_channel.v
Duplicated file found; will not be sent for synthesis: z:/work/git/LabVIEW_Fpga/06_MicroBlaze/04_MicroBlaze_lwIP/MicroBlaze_lwIP/MicroBlaze_lwIP.srcs/sources_1/bd/d_microblaze/ipshared/xilinx.com/axi_protocol_converter_v2_1/hdl/verilog/axi_protocol_converter_v2_1_b2s_r_channel.v
Duplicated file found; will not be sent for synthesis: z:/work/git/LabVIEW_Fpga/06_MicroBlaze/04_MicroBlaze_lwIP/MicroBlaze_lwIP/MicroBlaze_lwIP.srcs/sources_1/bd/d_microblaze/ipshared/xilinx.com/axi_protocol_converter_v2_1/hdl/verilog/axi_protocol_converter_v2_1_b2s_aw_channel.v
Duplicated file found; will not be sent for synthesis: z:/work/git/LabVIEW_Fpga/06_MicroBlaze/04_MicroBlaze_lwIP/MicroBlaze_lwIP/MicroBlaze_lwIP.srcs/sources_1/bd/d_microblaze/ipshared/xilinx.com/axi_protocol_converter_v2_1/hdl/verilog/axi_protocol_converter_v2_1_b2s_ar_channel.v
Duplicated file found; will not be sent for synthesis: z:/work/git/LabVIEW_Fpga/06_MicroBlaze/04_MicroBlaze_lwIP/MicroBlaze_lwIP/MicroBlaze_lwIP.srcs/sources_1/bd/d_microblaze/ipshared/xilinx.com/axi_protocol_converter_v2_1/hdl/verilog/axi_protocol_converter_v2_1_b2s.v
Duplicated file found; will not be sent for synthesis: z:/work/git/LabVIEW_Fpga/06_MicroBlaze/04_MicroBlaze_lwIP/MicroBlaze_lwIP/MicroBlaze_lwIP.srcs/sources_1/bd/d_microblaze/ipshared/xilinx.com/axi_protocol_converter_v2_1/hdl/verilog/axi_protocol_converter_v2_1_axi_protocol_converter.v
Duplicated file found; will not be sent for synthesis: z:/work/git/LabVIEW_Fpga/06_MicroBlaze/04_MicroBlaze_lwIP/MicroBlaze_lwIP/MicroBlaze_lwIP.srcs/sources_1/bd/d_microblaze/ipshared/xilinx.com/blk_mem_gen_v8_3/hdl/blk_mem_gen_v8_3_vhsyn_rfs.vhd
Duplicated file found; will not be sent for synthesis: z:/work/git/LabVIEW_Fpga/06_MicroBlaze/04_MicroBlaze_lwIP/MicroBlaze_lwIP/MicroBlaze_lwIP.srcs/sources_1/bd/d_microblaze/ipshared/xilinx.com/blk_mem_gen_v8_3/hdl/blk_mem_gen_v8_3.vhd
Duplicated file found; will not be sent for synthesis: z:/work/git/LabVIEW_Fpga/06_MicroBlaze/04_MicroBlaze_lwIP/MicroBlaze_lwIP/MicroBlaze_lwIP.srcs/sources_1/bd/d_microblaze/ipshared/xilinx.com/fifo_generator_v13_0/hdl/fifo_generator_v13_0_vhsyn_rfs.vhd
Duplicated file found; will not be sent for synthesis: z:/work/git/LabVIEW_Fpga/06_MicroBlaze/04_MicroBlaze_lwIP/MicroBlaze_lwIP/MicroBlaze_lwIP.srcs/sources_1/bd/d_microblaze/ipshared/xilinx.com/fifo_generator_v13_0/hdl/fifo_generator_v13_0.vhd
Duplicated file found; will not be sent for synthesis: z:/work/git/LabVIEW_Fpga/06_MicroBlaze/04_MicroBlaze_lwIP/MicroBlaze_lwIP/MicroBlaze_lwIP.srcs/sources_1/bd/d_microblaze/ipshared/xilinx.com/generic_baseblocks_v2_1/hdl/verilog/generic_baseblocks_v2_1_carry_and.v
Duplicated file found; will not be sent for synthesis: z:/work/git/LabVIEW_Fpga/06_MicroBlaze/04_MicroBlaze_lwIP/MicroBlaze_lwIP/MicroBlaze_lwIP.srcs/sources_1/bd/d_microblaze/ipshared/xilinx.com/generic_baseblocks_v2_1/hdl/verilog/generic_baseblocks_v2_1_carry_latch_and.v
Duplicated file found; will not be sent for synthesis: z:/work/git/LabVIEW_Fpga/06_MicroBlaze/04_MicroBlaze_lwIP/MicroBlaze_lwIP/MicroBlaze_lwIP.srcs/sources_1/bd/d_microblaze/ipshared/xilinx.com/generic_baseblocks_v2_1/hdl/verilog/generic_baseblocks_v2_1_carry_latch_or.v
Duplicated file found; will not be sent for synthesis: z:/work/git/LabVIEW_Fpga/06_MicroBlaze/04_MicroBlaze_lwIP/MicroBlaze_lwIP/MicroBlaze_lwIP.srcs/sources_1/bd/d_microblaze/ipshared/xilinx.com/generic_baseblocks_v2_1/hdl/verilog/generic_baseblocks_v2_1_carry_or.v
Duplicated file found; will not be sent for synthesis: z:/work/git/LabVIEW_Fpga/06_MicroBlaze/04_MicroBlaze_lwIP/MicroBlaze_lwIP/MicroBlaze_lwIP.srcs/sources_1/bd/d_microblaze/ipshared/xilinx.com/generic_baseblocks_v2_1/hdl/verilog/generic_baseblocks_v2_1_carry.v
Duplicated file found; will not be sent for synthesis: z:/work/git/LabVIEW_Fpga/06_MicroBlaze/04_MicroBlaze_lwIP/MicroBlaze_lwIP/MicroBlaze_lwIP.srcs/sources_1/bd/d_microblaze/ipshared/xilinx.com/generic_baseblocks_v2_1/hdl/verilog/generic_baseblocks_v2_1_command_fifo.v
Duplicated file found; will not be sent for synthesis: z:/work/git/LabVIEW_Fpga/06_MicroBlaze/04_MicroBlaze_lwIP/MicroBlaze_lwIP/MicroBlaze_lwIP.srcs/sources_1/bd/d_microblaze/ipshared/xilinx.com/generic_baseblocks_v2_1/hdl/verilog/generic_baseblocks_v2_1_comparator_mask_static.v
Duplicated file found; will not be sent for synthesis: z:/work/git/LabVIEW_Fpga/06_MicroBlaze/04_MicroBlaze_lwIP/MicroBlaze_lwIP/MicroBlaze_lwIP.srcs/sources_1/bd/d_microblaze/ipshared/xilinx.com/generic_baseblocks_v2_1/hdl/verilog/generic_baseblocks_v2_1_comparator_mask.v
Duplicated file found; will not be sent for synthesis: z:/work/git/LabVIEW_Fpga/06_MicroBlaze/04_MicroBlaze_lwIP/MicroBlaze_lwIP/MicroBlaze_lwIP.srcs/sources_1/bd/d_microblaze/ipshared/xilinx.com/generic_baseblocks_v2_1/hdl/verilog/generic_baseblocks_v2_1_comparator_sel_mask_static.v
Duplicated file found; will not be sent for synthesis: z:/work/git/LabVIEW_Fpga/06_MicroBlaze/04_MicroBlaze_lwIP/MicroBlaze_lwIP/MicroBlaze_lwIP.srcs/sources_1/bd/d_microblaze/ipshared/xilinx.com/generic_baseblocks_v2_1/hdl/verilog/generic_baseblocks_v2_1_comparator_sel_mask.v
Duplicated file found; will not be sent for synthesis: z:/work/git/LabVIEW_Fpga/06_MicroBlaze/04_MicroBlaze_lwIP/MicroBlaze_lwIP/MicroBlaze_lwIP.srcs/sources_1/bd/d_microblaze/ipshared/xilinx.com/generic_baseblocks_v2_1/hdl/verilog/generic_baseblocks_v2_1_comparator_sel_static.v
Duplicated file found; will not be sent for synthesis: z:/work/git/LabVIEW_Fpga/06_MicroBlaze/04_MicroBlaze_lwIP/MicroBlaze_lwIP/MicroBlaze_lwIP.srcs/sources_1/bd/d_microblaze/ipshared/xilinx.com/generic_baseblocks_v2_1/hdl/verilog/generic_baseblocks_v2_1_comparator_sel.v
Duplicated file found; will not be sent for synthesis: z:/work/git/LabVIEW_Fpga/06_MicroBlaze/04_MicroBlaze_lwIP/MicroBlaze_lwIP/MicroBlaze_lwIP.srcs/sources_1/bd/d_microblaze/ipshared/xilinx.com/generic_baseblocks_v2_1/hdl/verilog/generic_baseblocks_v2_1_comparator_static.v
Duplicated file found; will not be sent for synthesis: z:/work/git/LabVIEW_Fpga/06_MicroBlaze/04_MicroBlaze_lwIP/MicroBlaze_lwIP/MicroBlaze_lwIP.srcs/sources_1/bd/d_microblaze/ipshared/xilinx.com/generic_baseblocks_v2_1/hdl/verilog/generic_baseblocks_v2_1_comparator.v
Duplicated file found; will not be sent for synthesis: z:/work/git/LabVIEW_Fpga/06_MicroBlaze/04_MicroBlaze_lwIP/MicroBlaze_lwIP/MicroBlaze_lwIP.srcs/sources_1/bd/d_microblaze/ipshared/xilinx.com/generic_baseblocks_v2_1/hdl/verilog/generic_baseblocks_v2_1_mux_enc.v
Duplicated file found; will not be sent for synthesis: z:/work/git/LabVIEW_Fpga/06_MicroBlaze/04_MicroBlaze_lwIP/MicroBlaze_lwIP/MicroBlaze_lwIP.srcs/sources_1/bd/d_microblaze/ipshared/xilinx.com/generic_baseblocks_v2_1/hdl/verilog/generic_baseblocks_v2_1_mux.v
Duplicated file found; will not be sent for synthesis: z:/work/git/LabVIEW_Fpga/06_MicroBlaze/04_MicroBlaze_lwIP/MicroBlaze_lwIP/MicroBlaze_lwIP.srcs/sources_1/bd/d_microblaze/ipshared/xilinx.com/generic_baseblocks_v2_1/hdl/verilog/generic_baseblocks_v2_1_nto1_mux.v
Duplicated file found; will not be sent for synthesis: z:/work/git/LabVIEW_Fpga/06_MicroBlaze/04_MicroBlaze_lwIP/MicroBlaze_lwIP/MicroBlaze_lwIP.srcs/sources_1/bd/d_microblaze/ipshared/xilinx.com/axi_data_fifo_v2_1/hdl/verilog/axi_data_fifo_v2_1_axic_fifo.v
Duplicated file found; will not be sent for synthesis: z:/work/git/LabVIEW_Fpga/06_MicroBlaze/04_MicroBlaze_lwIP/MicroBlaze_lwIP/MicroBlaze_lwIP.srcs/sources_1/bd/d_microblaze/ipshared/xilinx.com/axi_data_fifo_v2_1/hdl/verilog/axi_data_fifo_v2_1_fifo_gen.v
Duplicated file found; will not be sent for synthesis: z:/work/git/LabVIEW_Fpga/06_MicroBlaze/04_MicroBlaze_lwIP/MicroBlaze_lwIP/MicroBlaze_lwIP.srcs/sources_1/bd/d_microblaze/ipshared/xilinx.com/axi_data_fifo_v2_1/hdl/verilog/axi_data_fifo_v2_1_axic_srl_fifo.v
Duplicated file found; will not be sent for synthesis: z:/work/git/LabVIEW_Fpga/06_MicroBlaze/04_MicroBlaze_lwIP/MicroBlaze_lwIP/MicroBlaze_lwIP.srcs/sources_1/bd/d_microblaze/ipshared/xilinx.com/axi_data_fifo_v2_1/hdl/verilog/axi_data_fifo_v2_1_axic_reg_srl_fifo.v
Duplicated file found; will not be sent for synthesis: z:/work/git/LabVIEW_Fpga/06_MicroBlaze/04_MicroBlaze_lwIP/MicroBlaze_lwIP/MicroBlaze_lwIP.srcs/sources_1/bd/d_microblaze/ipshared/xilinx.com/axi_data_fifo_v2_1/hdl/verilog/axi_data_fifo_v2_1_ndeep_srl.v
Duplicated file found; will not be sent for synthesis: z:/work/git/LabVIEW_Fpga/06_MicroBlaze/04_MicroBlaze_lwIP/MicroBlaze_lwIP/MicroBlaze_lwIP.srcs/sources_1/bd/d_microblaze/ipshared/xilinx.com/axi_data_fifo_v2_1/hdl/verilog/axi_data_fifo_v2_1_axi_data_fifo.v
Duplicated file found; will not be sent for synthesis: z:/work/git/LabVIEW_Fpga/06_MicroBlaze/04_MicroBlaze_lwIP/MicroBlaze_lwIP/MicroBlaze_lwIP.srcs/sources_1/bd/d_microblaze/ipshared/xilinx.com/axi_infrastructure_v1_1/hdl/verilog/axi_infrastructure_v1_1_0_header.vh
Duplicated file found; will not be sent for synthesis: z:/work/git/LabVIEW_Fpga/06_MicroBlaze/04_MicroBlaze_lwIP/MicroBlaze_lwIP/MicroBlaze_lwIP.srcs/sources_1/bd/d_microblaze/ipshared/xilinx.com/axi_infrastructure_v1_1/hdl/verilog/axi_infrastructure_v1_1_axi2vector.v
Duplicated file found; will not be sent for synthesis: z:/work/git/LabVIEW_Fpga/06_MicroBlaze/04_MicroBlaze_lwIP/MicroBlaze_lwIP/MicroBlaze_lwIP.srcs/sources_1/bd/d_microblaze/ipshared/xilinx.com/axi_infrastructure_v1_1/hdl/verilog/axi_infrastructure_v1_1_axic_srl_fifo.v
Duplicated file found; will not be sent for synthesis: z:/work/git/LabVIEW_Fpga/06_MicroBlaze/04_MicroBlaze_lwIP/MicroBlaze_lwIP/MicroBlaze_lwIP.srcs/sources_1/bd/d_microblaze/ipshared/xilinx.com/axi_infrastructure_v1_1/hdl/verilog/axi_infrastructure_v1_1_vector2axi.v
Duplicated file found; will not be sent for synthesis: z:/work/git/LabVIEW_Fpga/06_MicroBlaze/04_MicroBlaze_lwIP/MicroBlaze_lwIP/MicroBlaze_lwIP.srcs/sources_1/bd/d_microblaze/ipshared/xilinx.com/axi_register_slice_v2_1/hdl/verilog/axi_register_slice_v2_1_axic_register_slice.v
Duplicated file found; will not be sent for synthesis: z:/work/git/LabVIEW_Fpga/06_MicroBlaze/04_MicroBlaze_lwIP/MicroBlaze_lwIP/MicroBlaze_lwIP.srcs/sources_1/bd/d_microblaze/ipshared/xilinx.com/axi_register_slice_v2_1/hdl/verilog/axi_register_slice_v2_1_axi_register_slice.v
Duplicated file found; will not be sent for synthesis: z:/work/git/LabVIEW_Fpga/06_MicroBlaze/04_MicroBlaze_lwIP/MicroBlaze_lwIP/MicroBlaze_lwIP.srcs/sources_1/bd/d_microblaze/ipshared/xilinx.com/axi_protocol_converter_v2_1/hdl/verilog/axi_protocol_converter_v2_1_a_axi3_conv.v
Duplicated file found; will not be sent for synthesis: z:/work/git/LabVIEW_Fpga/06_MicroBlaze/04_MicroBlaze_lwIP/MicroBlaze_lwIP/MicroBlaze_lwIP.srcs/sources_1/bd/d_microblaze/ipshared/xilinx.com/axi_protocol_converter_v2_1/hdl/verilog/axi_protocol_converter_v2_1_axi3_conv.v
Duplicated file found; will not be sent for synthesis: z:/work/git/LabVIEW_Fpga/06_MicroBlaze/04_MicroBlaze_lwIP/MicroBlaze_lwIP/MicroBlaze_lwIP.srcs/sources_1/bd/d_microblaze/ipshared/xilinx.com/axi_protocol_converter_v2_1/hdl/verilog/axi_protocol_converter_v2_1_axilite_conv.v
Duplicated file found; will not be sent for synthesis: z:/work/git/LabVIEW_Fpga/06_MicroBlaze/04_MicroBlaze_lwIP/MicroBlaze_lwIP/MicroBlaze_lwIP.srcs/sources_1/bd/d_microblaze/ipshared/xilinx.com/axi_protocol_converter_v2_1/hdl/verilog/axi_protocol_converter_v2_1_r_axi3_conv.v
Duplicated file found; will not be sent for synthesis: z:/work/git/LabVIEW_Fpga/06_MicroBlaze/04_MicroBlaze_lwIP/MicroBlaze_lwIP/MicroBlaze_lwIP.srcs/sources_1/bd/d_microblaze/ipshared/xilinx.com/axi_protocol_converter_v2_1/hdl/verilog/axi_protocol_converter_v2_1_w_axi3_conv.v
Duplicated file found; will not be sent for synthesis: z:/work/git/LabVIEW_Fpga/06_MicroBlaze/04_MicroBlaze_lwIP/MicroBlaze_lwIP/MicroBlaze_lwIP.srcs/sources_1/bd/d_microblaze/ipshared/xilinx.com/axi_protocol_converter_v2_1/hdl/verilog/axi_protocol_converter_v2_1_b_downsizer.v
Duplicated file found; will not be sent for synthesis: z:/work/git/LabVIEW_Fpga/06_MicroBlaze/04_MicroBlaze_lwIP/MicroBlaze_lwIP/MicroBlaze_lwIP.srcs/sources_1/bd/d_microblaze/ipshared/xilinx.com/axi_protocol_converter_v2_1/hdl/verilog/axi_protocol_converter_v2_1_decerr_slave.v
Duplicated file found; will not be sent for synthesis: z:/work/git/LabVIEW_Fpga/06_MicroBlaze/04_MicroBlaze_lwIP/MicroBlaze_lwIP/MicroBlaze_lwIP.srcs/sources_1/bd/d_microblaze/ipshared/xilinx.com/axi_protocol_converter_v2_1/hdl/verilog/axi_protocol_converter_v2_1_b2s_simple_fifo.v
Duplicated file found; will not be sent for synthesis: z:/work/git/LabVIEW_Fpga/06_MicroBlaze/04_MicroBlaze_lwIP/MicroBlaze_lwIP/MicroBlaze_lwIP.srcs/sources_1/bd/d_microblaze/ipshared/xilinx.com/axi_protocol_converter_v2_1/hdl/verilog/axi_protocol_converter_v2_1_b2s_wrap_cmd.v
Duplicated file found; will not be sent for synthesis: z:/work/git/LabVIEW_Fpga/06_MicroBlaze/04_MicroBlaze_lwIP/MicroBlaze_lwIP/MicroBlaze_lwIP.srcs/sources_1/bd/d_microblaze/ipshared/xilinx.com/axi_protocol_converter_v2_1/hdl/verilog/axi_protocol_converter_v2_1_b2s_incr_cmd.v
Duplicated file found; will not be sent for synthesis: z:/work/git/LabVIEW_Fpga/06_MicroBlaze/04_MicroBlaze_lwIP/MicroBlaze_lwIP/MicroBlaze_lwIP.srcs/sources_1/bd/d_microblaze/ipshared/xilinx.com/axi_protocol_converter_v2_1/hdl/verilog/axi_protocol_converter_v2_1_b2s_wr_cmd_fsm.v
Duplicated file found; will not be sent for synthesis: z:/work/git/LabVIEW_Fpga/06_MicroBlaze/04_MicroBlaze_lwIP/MicroBlaze_lwIP/MicroBlaze_lwIP.srcs/sources_1/bd/d_microblaze/ipshared/xilinx.com/axi_protocol_converter_v2_1/hdl/verilog/axi_protocol_converter_v2_1_b2s_rd_cmd_fsm.v
Duplicated file found; will not be sent for synthesis: z:/work/git/LabVIEW_Fpga/06_MicroBlaze/04_MicroBlaze_lwIP/MicroBlaze_lwIP/MicroBlaze_lwIP.srcs/sources_1/bd/d_microblaze/ipshared/xilinx.com/axi_protocol_converter_v2_1/hdl/verilog/axi_protocol_converter_v2_1_b2s_cmd_translator.v
Duplicated file found; will not be sent for synthesis: z:/work/git/LabVIEW_Fpga/06_MicroBlaze/04_MicroBlaze_lwIP/MicroBlaze_lwIP/MicroBlaze_lwIP.srcs/sources_1/bd/d_microblaze/ipshared/xilinx.com/axi_protocol_converter_v2_1/hdl/verilog/axi_protocol_converter_v2_1_b2s_b_channel.v
Duplicated file found; will not be sent for synthesis: z:/work/git/LabVIEW_Fpga/06_MicroBlaze/04_MicroBlaze_lwIP/MicroBlaze_lwIP/MicroBlaze_lwIP.srcs/sources_1/bd/d_microblaze/ipshared/xilinx.com/axi_protocol_converter_v2_1/hdl/verilog/axi_protocol_converter_v2_1_b2s_r_channel.v
Duplicated file found; will not be sent for synthesis: z:/work/git/LabVIEW_Fpga/06_MicroBlaze/04_MicroBlaze_lwIP/MicroBlaze_lwIP/MicroBlaze_lwIP.srcs/sources_1/bd/d_microblaze/ipshared/xilinx.com/axi_protocol_converter_v2_1/hdl/verilog/axi_protocol_converter_v2_1_b2s_aw_channel.v
Duplicated file found; will not be sent for synthesis: z:/work/git/LabVIEW_Fpga/06_MicroBlaze/04_MicroBlaze_lwIP/MicroBlaze_lwIP/MicroBlaze_lwIP.srcs/sources_1/bd/d_microblaze/ipshared/xilinx.com/axi_protocol_converter_v2_1/hdl/verilog/axi_protocol_converter_v2_1_b2s_ar_channel.v
Duplicated file found; will not be sent for synthesis: z:/work/git/LabVIEW_Fpga/06_MicroBlaze/04_MicroBlaze_lwIP/MicroBlaze_lwIP/MicroBlaze_lwIP.srcs/sources_1/bd/d_microblaze/ipshared/xilinx.com/axi_protocol_converter_v2_1/hdl/verilog/axi_protocol_converter_v2_1_b2s.v
Duplicated file found; will not be sent for synthesis: z:/work/git/LabVIEW_Fpga/06_MicroBlaze/04_MicroBlaze_lwIP/MicroBlaze_lwIP/MicroBlaze_lwIP.srcs/sources_1/bd/d_microblaze/ipshared/xilinx.com/axi_protocol_converter_v2_1/hdl/verilog/axi_protocol_converter_v2_1_axi_protocol_converter.v
Duplicated file found; will not be sent for synthesis: z:/work/git/LabVIEW_Fpga/06_MicroBlaze/04_MicroBlaze_lwIP/MicroBlaze_lwIP/MicroBlaze_lwIP.srcs/sources_1/bd/d_microblaze/ipshared/xilinx.com/blk_mem_gen_v8_3/hdl/blk_mem_gen_v8_3_vhsyn_rfs.vhd
Duplicated file found; will not be sent for synthesis: z:/work/git/LabVIEW_Fpga/06_MicroBlaze/04_MicroBlaze_lwIP/MicroBlaze_lwIP/MicroBlaze_lwIP.srcs/sources_1/bd/d_microblaze/ipshared/xilinx.com/blk_mem_gen_v8_3/hdl/blk_mem_gen_v8_3.vhd
Duplicated file found; will not be sent for synthesis: z:/work/git/LabVIEW_Fpga/06_MicroBlaze/04_MicroBlaze_lwIP/MicroBlaze_lwIP/MicroBlaze_lwIP.srcs/sources_1/bd/d_microblaze/ipshared/xilinx.com/fifo_generator_v13_0/hdl/fifo_generator_v13_0_vhsyn_rfs.vhd
Duplicated file found; will not be sent for synthesis: z:/work/git/LabVIEW_Fpga/06_MicroBlaze/04_MicroBlaze_lwIP/MicroBlaze_lwIP/MicroBlaze_lwIP.srcs/sources_1/bd/d_microblaze/ipshared/xilinx.com/fifo_generator_v13_0/hdl/fifo_generator_v13_0.vhd
Duplicated file found; will not be sent for synthesis: z:/work/git/LabVIEW_Fpga/06_MicroBlaze/04_MicroBlaze_lwIP/MicroBlaze_lwIP/MicroBlaze_lwIP.srcs/sources_1/bd/d_microblaze/ipshared/xilinx.com/generic_baseblocks_v2_1/hdl/verilog/generic_baseblocks_v2_1_carry_and.v
Duplicated file found; will not be sent for synthesis: z:/work/git/LabVIEW_Fpga/06_MicroBlaze/04_MicroBlaze_lwIP/MicroBlaze_lwIP/MicroBlaze_lwIP.srcs/sources_1/bd/d_microblaze/ipshared/xilinx.com/generic_baseblocks_v2_1/hdl/verilog/generic_baseblocks_v2_1_carry_latch_and.v
Duplicated file found; will not be sent for synthesis: z:/work/git/LabVIEW_Fpga/06_MicroBlaze/04_MicroBlaze_lwIP/MicroBlaze_lwIP/MicroBlaze_lwIP.srcs/sources_1/bd/d_microblaze/ipshared/xilinx.com/generic_baseblocks_v2_1/hdl/verilog/generic_baseblocks_v2_1_carry_latch_or.v
Duplicated file found; will not be sent for synthesis: z:/work/git/LabVIEW_Fpga/06_MicroBlaze/04_MicroBlaze_lwIP/MicroBlaze_lwIP/MicroBlaze_lwIP.srcs/sources_1/bd/d_microblaze/ipshared/xilinx.com/generic_baseblocks_v2_1/hdl/verilog/generic_baseblocks_v2_1_carry_or.v
Duplicated file found; will not be sent for synthesis: z:/work/git/LabVIEW_Fpga/06_MicroBlaze/04_MicroBlaze_lwIP/MicroBlaze_lwIP/MicroBlaze_lwIP.srcs/sources_1/bd/d_microblaze/ipshared/xilinx.com/generic_baseblocks_v2_1/hdl/verilog/generic_baseblocks_v2_1_carry.v
Duplicated file found; will not be sent for synthesis: z:/work/git/LabVIEW_Fpga/06_MicroBlaze/04_MicroBlaze_lwIP/MicroBlaze_lwIP/MicroBlaze_lwIP.srcs/sources_1/bd/d_microblaze/ipshared/xilinx.com/generic_baseblocks_v2_1/hdl/verilog/generic_baseblocks_v2_1_command_fifo.v
Duplicated file found; will not be sent for synthesis: z:/work/git/LabVIEW_Fpga/06_MicroBlaze/04_MicroBlaze_lwIP/MicroBlaze_lwIP/MicroBlaze_lwIP.srcs/sources_1/bd/d_microblaze/ipshared/xilinx.com/generic_baseblocks_v2_1/hdl/verilog/generic_baseblocks_v2_1_comparator_mask_static.v
Duplicated file found; will not be sent for synthesis: z:/work/git/LabVIEW_Fpga/06_MicroBlaze/04_MicroBlaze_lwIP/MicroBlaze_lwIP/MicroBlaze_lwIP.srcs/sources_1/bd/d_microblaze/ipshared/xilinx.com/generic_baseblocks_v2_1/hdl/verilog/generic_baseblocks_v2_1_comparator_mask.v
Duplicated file found; will not be sent for synthesis: z:/work/git/LabVIEW_Fpga/06_MicroBlaze/04_MicroBlaze_lwIP/MicroBlaze_lwIP/MicroBlaze_lwIP.srcs/sources_1/bd/d_microblaze/ipshared/xilinx.com/generic_baseblocks_v2_1/hdl/verilog/generic_baseblocks_v2_1_comparator_sel_mask_static.v
Duplicated file found; will not be sent for synthesis: z:/work/git/LabVIEW_Fpga/06_MicroBlaze/04_MicroBlaze_lwIP/MicroBlaze_lwIP/MicroBlaze_lwIP.srcs/sources_1/bd/d_microblaze/ipshared/xilinx.com/generic_baseblocks_v2_1/hdl/verilog/generic_baseblocks_v2_1_comparator_sel_mask.v
Duplicated file found; will not be sent for synthesis: z:/work/git/LabVIEW_Fpga/06_MicroBlaze/04_MicroBlaze_lwIP/MicroBlaze_lwIP/MicroBlaze_lwIP.srcs/sources_1/bd/d_microblaze/ipshared/xilinx.com/generic_baseblocks_v2_1/hdl/verilog/generic_baseblocks_v2_1_comparator_sel_static.v
Duplicated file found; will not be sent for synthesis: z:/work/git/LabVIEW_Fpga/06_MicroBlaze/04_MicroBlaze_lwIP/MicroBlaze_lwIP/MicroBlaze_lwIP.srcs/sources_1/bd/d_microblaze/ipshared/xilinx.com/generic_baseblocks_v2_1/hdl/verilog/generic_baseblocks_v2_1_comparator_sel.v
Duplicated file found; will not be sent for synthesis: z:/work/git/LabVIEW_Fpga/06_MicroBlaze/04_MicroBlaze_lwIP/MicroBlaze_lwIP/MicroBlaze_lwIP.srcs/sources_1/bd/d_microblaze/ipshared/xilinx.com/generic_baseblocks_v2_1/hdl/verilog/generic_baseblocks_v2_1_comparator_static.v
Duplicated file found; will not be sent for synthesis: z:/work/git/LabVIEW_Fpga/06_MicroBlaze/04_MicroBlaze_lwIP/MicroBlaze_lwIP/MicroBlaze_lwIP.srcs/sources_1/bd/d_microblaze/ipshared/xilinx.com/generic_baseblocks_v2_1/hdl/verilog/generic_baseblocks_v2_1_comparator.v
Duplicated file found; will not be sent for synthesis: z:/work/git/LabVIEW_Fpga/06_MicroBlaze/04_MicroBlaze_lwIP/MicroBlaze_lwIP/MicroBlaze_lwIP.srcs/sources_1/bd/d_microblaze/ipshared/xilinx.com/generic_baseblocks_v2_1/hdl/verilog/generic_baseblocks_v2_1_mux_enc.v
Duplicated file found; will not be sent for synthesis: z:/work/git/LabVIEW_Fpga/06_MicroBlaze/04_MicroBlaze_lwIP/MicroBlaze_lwIP/MicroBlaze_lwIP.srcs/sources_1/bd/d_microblaze/ipshared/xilinx.com/generic_baseblocks_v2_1/hdl/verilog/generic_baseblocks_v2_1_mux.v
Duplicated file found; will not be sent for synthesis: z:/work/git/LabVIEW_Fpga/06_MicroBlaze/04_MicroBlaze_lwIP/MicroBlaze_lwIP/MicroBlaze_lwIP.srcs/sources_1/bd/d_microblaze/ipshared/xilinx.com/generic_baseblocks_v2_1/hdl/verilog/generic_baseblocks_v2_1_nto1_mux.v
Duplicated file found; will not be sent for synthesis: z:/work/git/LabVIEW_Fpga/06_MicroBlaze/04_MicroBlaze_lwIP/MicroBlaze_lwIP/MicroBlaze_lwIP.srcs/sources_1/bd/d_microblaze/ipshared/xilinx.com/axi_data_fifo_v2_1/hdl/verilog/axi_data_fifo_v2_1_axic_fifo.v
Duplicated file found; will not be sent for synthesis: z:/work/git/LabVIEW_Fpga/06_MicroBlaze/04_MicroBlaze_lwIP/MicroBlaze_lwIP/MicroBlaze_lwIP.srcs/sources_1/bd/d_microblaze/ipshared/xilinx.com/axi_data_fifo_v2_1/hdl/verilog/axi_data_fifo_v2_1_fifo_gen.v
Duplicated file found; will not be sent for synthesis: z:/work/git/LabVIEW_Fpga/06_MicroBlaze/04_MicroBlaze_lwIP/MicroBlaze_lwIP/MicroBlaze_lwIP.srcs/sources_1/bd/d_microblaze/ipshared/xilinx.com/axi_data_fifo_v2_1/hdl/verilog/axi_data_fifo_v2_1_axic_srl_fifo.v
Duplicated file found; will not be sent for synthesis: z:/work/git/LabVIEW_Fpga/06_MicroBlaze/04_MicroBlaze_lwIP/MicroBlaze_lwIP/MicroBlaze_lwIP.srcs/sources_1/bd/d_microblaze/ipshared/xilinx.com/axi_data_fifo_v2_1/hdl/verilog/axi_data_fifo_v2_1_axic_reg_srl_fifo.v
Duplicated file found; will not be sent for synthesis: z:/work/git/LabVIEW_Fpga/06_MicroBlaze/04_MicroBlaze_lwIP/MicroBlaze_lwIP/MicroBlaze_lwIP.srcs/sources_1/bd/d_microblaze/ipshared/xilinx.com/axi_data_fifo_v2_1/hdl/verilog/axi_data_fifo_v2_1_ndeep_srl.v
Duplicated file found; will not be sent for synthesis: z:/work/git/LabVIEW_Fpga/06_MicroBlaze/04_MicroBlaze_lwIP/MicroBlaze_lwIP/MicroBlaze_lwIP.srcs/sources_1/bd/d_microblaze/ipshared/xilinx.com/axi_data_fifo_v2_1/hdl/verilog/axi_data_fifo_v2_1_axi_data_fifo.v
Duplicated file found; will not be sent for synthesis: z:/work/git/LabVIEW_Fpga/06_MicroBlaze/04_MicroBlaze_lwIP/MicroBlaze_lwIP/MicroBlaze_lwIP.srcs/sources_1/bd/d_microblaze/ipshared/xilinx.com/axi_infrastructure_v1_1/hdl/verilog/axi_infrastructure_v1_1_0_header.vh
Duplicated file found; will not be sent for synthesis: z:/work/git/LabVIEW_Fpga/06_MicroBlaze/04_MicroBlaze_lwIP/MicroBlaze_lwIP/MicroBlaze_lwIP.srcs/sources_1/bd/d_microblaze/ipshared/xilinx.com/axi_infrastructure_v1_1/hdl/verilog/axi_infrastructure_v1_1_axi2vector.v
Duplicated file found; will not be sent for synthesis: z:/work/git/LabVIEW_Fpga/06_MicroBlaze/04_MicroBlaze_lwIP/MicroBlaze_lwIP/MicroBlaze_lwIP.srcs/sources_1/bd/d_microblaze/ipshared/xilinx.com/axi_infrastructure_v1_1/hdl/verilog/axi_infrastructure_v1_1_axic_srl_fifo.v
Duplicated file found; will not be sent for synthesis: z:/work/git/LabVIEW_Fpga/06_MicroBlaze/04_MicroBlaze_lwIP/MicroBlaze_lwIP/MicroBlaze_lwIP.srcs/sources_1/bd/d_microblaze/ipshared/xilinx.com/axi_infrastructure_v1_1/hdl/verilog/axi_infrastructure_v1_1_vector2axi.v
Duplicated file found; will not be sent for synthesis: z:/work/git/LabVIEW_Fpga/06_MicroBlaze/04_MicroBlaze_lwIP/MicroBlaze_lwIP/MicroBlaze_lwIP.srcs/sources_1/bd/d_microblaze/ipshared/xilinx.com/axi_register_slice_v2_1/hdl/verilog/axi_register_slice_v2_1_axic_register_slice.v
Duplicated file found; will not be sent for synthesis: z:/work/git/LabVIEW_Fpga/06_MicroBlaze/04_MicroBlaze_lwIP/MicroBlaze_lwIP/MicroBlaze_lwIP.srcs/sources_1/bd/d_microblaze/ipshared/xilinx.com/axi_register_slice_v2_1/hdl/verilog/axi_register_slice_v2_1_axi_register_slice.v
Duplicated file found; will not be sent for synthesis: z:/work/git/LabVIEW_Fpga/06_MicroBlaze/04_MicroBlaze_lwIP/MicroBlaze_lwIP/MicroBlaze_lwIP.srcs/sources_1/bd/d_microblaze/ipshared/xilinx.com/axi_protocol_converter_v2_1/hdl/verilog/axi_protocol_converter_v2_1_a_axi3_conv.v
Duplicated file found; will not be sent for synthesis: z:/work/git/LabVIEW_Fpga/06_MicroBlaze/04_MicroBlaze_lwIP/MicroBlaze_lwIP/MicroBlaze_lwIP.srcs/sources_1/bd/d_microblaze/ipshared/xilinx.com/axi_protocol_converter_v2_1/hdl/verilog/axi_protocol_converter_v2_1_axi3_conv.v
Duplicated file found; will not be sent for synthesis: z:/work/git/LabVIEW_Fpga/06_MicroBlaze/04_MicroBlaze_lwIP/MicroBlaze_lwIP/MicroBlaze_lwIP.srcs/sources_1/bd/d_microblaze/ipshared/xilinx.com/axi_protocol_converter_v2_1/hdl/verilog/axi_protocol_converter_v2_1_axilite_conv.v
Duplicated file found; will not be sent for synthesis: z:/work/git/LabVIEW_Fpga/06_MicroBlaze/04_MicroBlaze_lwIP/MicroBlaze_lwIP/MicroBlaze_lwIP.srcs/sources_1/bd/d_microblaze/ipshared/xilinx.com/axi_protocol_converter_v2_1/hdl/verilog/axi_protocol_converter_v2_1_r_axi3_conv.v
Duplicated file found; will not be sent for synthesis: z:/work/git/LabVIEW_Fpga/06_MicroBlaze/04_MicroBlaze_lwIP/MicroBlaze_lwIP/MicroBlaze_lwIP.srcs/sources_1/bd/d_microblaze/ipshared/xilinx.com/axi_protocol_converter_v2_1/hdl/verilog/axi_protocol_converter_v2_1_w_axi3_conv.v
Duplicated file found; will not be sent for synthesis: z:/work/git/LabVIEW_Fpga/06_MicroBlaze/04_MicroBlaze_lwIP/MicroBlaze_lwIP/MicroBlaze_lwIP.srcs/sources_1/bd/d_microblaze/ipshared/xilinx.com/axi_protocol_converter_v2_1/hdl/verilog/axi_protocol_converter_v2_1_b_downsizer.v
Duplicated file found; will not be sent for synthesis: z:/work/git/LabVIEW_Fpga/06_MicroBlaze/04_MicroBlaze_lwIP/MicroBlaze_lwIP/MicroBlaze_lwIP.srcs/sources_1/bd/d_microblaze/ipshared/xilinx.com/axi_protocol_converter_v2_1/hdl/verilog/axi_protocol_converter_v2_1_decerr_slave.v
Duplicated file found; will not be sent for synthesis: z:/work/git/LabVIEW_Fpga/06_MicroBlaze/04_MicroBlaze_lwIP/MicroBlaze_lwIP/MicroBlaze_lwIP.srcs/sources_1/bd/d_microblaze/ipshared/xilinx.com/axi_protocol_converter_v2_1/hdl/verilog/axi_protocol_converter_v2_1_b2s_simple_fifo.v
Duplicated file found; will not be sent for synthesis: z:/work/git/LabVIEW_Fpga/06_MicroBlaze/04_MicroBlaze_lwIP/MicroBlaze_lwIP/MicroBlaze_lwIP.srcs/sources_1/bd/d_microblaze/ipshared/xilinx.com/axi_protocol_converter_v2_1/hdl/verilog/axi_protocol_converter_v2_1_b2s_wrap_cmd.v
Duplicated file found; will not be sent for synthesis: z:/work/git/LabVIEW_Fpga/06_MicroBlaze/04_MicroBlaze_lwIP/MicroBlaze_lwIP/MicroBlaze_lwIP.srcs/sources_1/bd/d_microblaze/ipshared/xilinx.com/axi_protocol_converter_v2_1/hdl/verilog/axi_protocol_converter_v2_1_b2s_incr_cmd.v
Duplicated file found; will not be sent for synthesis: z:/work/git/LabVIEW_Fpga/06_MicroBlaze/04_MicroBlaze_lwIP/MicroBlaze_lwIP/MicroBlaze_lwIP.srcs/sources_1/bd/d_microblaze/ipshared/xilinx.com/axi_protocol_converter_v2_1/hdl/verilog/axi_protocol_converter_v2_1_b2s_wr_cmd_fsm.v
Duplicated file found; will not be sent for synthesis: z:/work/git/LabVIEW_Fpga/06_MicroBlaze/04_MicroBlaze_lwIP/MicroBlaze_lwIP/MicroBlaze_lwIP.srcs/sources_1/bd/d_microblaze/ipshared/xilinx.com/axi_protocol_converter_v2_1/hdl/verilog/axi_protocol_converter_v2_1_b2s_rd_cmd_fsm.v
Duplicated file found; will not be sent for synthesis: z:/work/git/LabVIEW_Fpga/06_MicroBlaze/04_MicroBlaze_lwIP/MicroBlaze_lwIP/MicroBlaze_lwIP.srcs/sources_1/bd/d_microblaze/ipshared/xilinx.com/axi_protocol_converter_v2_1/hdl/verilog/axi_protocol_converter_v2_1_b2s_cmd_translator.v
Duplicated file found; will not be sent for synthesis: z:/work/git/LabVIEW_Fpga/06_MicroBlaze/04_MicroBlaze_lwIP/MicroBlaze_lwIP/MicroBlaze_lwIP.srcs/sources_1/bd/d_microblaze/ipshared/xilinx.com/axi_protocol_converter_v2_1/hdl/verilog/axi_protocol_converter_v2_1_b2s_b_channel.v
Duplicated file found; will not be sent for synthesis: z:/work/git/LabVIEW_Fpga/06_MicroBlaze/04_MicroBlaze_lwIP/MicroBlaze_lwIP/MicroBlaze_lwIP.srcs/sources_1/bd/d_microblaze/ipshared/xilinx.com/axi_protocol_converter_v2_1/hdl/verilog/axi_protocol_converter_v2_1_b2s_r_channel.v
Duplicated file found; will not be sent for synthesis: z:/work/git/LabVIEW_Fpga/06_MicroBlaze/04_MicroBlaze_lwIP/MicroBlaze_lwIP/MicroBlaze_lwIP.srcs/sources_1/bd/d_microblaze/ipshared/xilinx.com/axi_protocol_converter_v2_1/hdl/verilog/axi_protocol_converter_v2_1_b2s_aw_channel.v
Duplicated file found; will not be sent for synthesis: z:/work/git/LabVIEW_Fpga/06_MicroBlaze/04_MicroBlaze_lwIP/MicroBlaze_lwIP/MicroBlaze_lwIP.srcs/sources_1/bd/d_microblaze/ipshared/xilinx.com/axi_protocol_converter_v2_1/hdl/verilog/axi_protocol_converter_v2_1_b2s_ar_channel.v
Duplicated file found; will not be sent for synthesis: z:/work/git/LabVIEW_Fpga/06_MicroBlaze/04_MicroBlaze_lwIP/MicroBlaze_lwIP/MicroBlaze_lwIP.srcs/sources_1/bd/d_microblaze/ipshared/xilinx.com/axi_protocol_converter_v2_1/hdl/verilog/axi_protocol_converter_v2_1_b2s.v
Duplicated file found; will not be sent for synthesis: z:/work/git/LabVIEW_Fpga/06_MicroBlaze/04_MicroBlaze_lwIP/MicroBlaze_lwIP/MicroBlaze_lwIP.srcs/sources_1/bd/d_microblaze/ipshared/xilinx.com/axi_protocol_converter_v2_1/hdl/verilog/axi_protocol_converter_v2_1_axi_protocol_converter.v
Duplicated file found; will not be sent for synthesis: z:/work/git/LabVIEW_Fpga/06_MicroBlaze/04_MicroBlaze_lwIP/MicroBlaze_lwIP/MicroBlaze_lwIP.srcs/sources_1/bd/d_microblaze/ipshared/xilinx.com/blk_mem_gen_v8_3/hdl/blk_mem_gen_v8_3_vhsyn_rfs.vhd
Duplicated file found; will not be sent for synthesis: z:/work/git/LabVIEW_Fpga/06_MicroBlaze/04_MicroBlaze_lwIP/MicroBlaze_lwIP/MicroBlaze_lwIP.srcs/sources_1/bd/d_microblaze/ipshared/xilinx.com/blk_mem_gen_v8_3/hdl/blk_mem_gen_v8_3.vhd
Duplicated file found; will not be sent for synthesis: z:/work/git/LabVIEW_Fpga/06_MicroBlaze/04_MicroBlaze_lwIP/MicroBlaze_lwIP/MicroBlaze_lwIP.srcs/sources_1/bd/d_microblaze/ipshared/xilinx.com/fifo_generator_v13_0/hdl/fifo_generator_v13_0_vhsyn_rfs.vhd
Duplicated file found; will not be sent for synthesis: z:/work/git/LabVIEW_Fpga/06_MicroBlaze/04_MicroBlaze_lwIP/MicroBlaze_lwIP/MicroBlaze_lwIP.srcs/sources_1/bd/d_microblaze/ipshared/xilinx.com/fifo_generator_v13_0/hdl/fifo_generator_v13_0.vhd
Duplicated file found; will not be sent for synthesis: z:/work/git/LabVIEW_Fpga/06_MicroBlaze/04_MicroBlaze_lwIP/MicroBlaze_lwIP/MicroBlaze_lwIP.srcs/sources_1/bd/d_microblaze/ipshared/xilinx.com/generic_baseblocks_v2_1/hdl/verilog/generic_baseblocks_v2_1_carry_and.v
Duplicated file found; will not be sent for synthesis: z:/work/git/LabVIEW_Fpga/06_MicroBlaze/04_MicroBlaze_lwIP/MicroBlaze_lwIP/MicroBlaze_lwIP.srcs/sources_1/bd/d_microblaze/ipshared/xilinx.com/generic_baseblocks_v2_1/hdl/verilog/generic_baseblocks_v2_1_carry_latch_and.v
Duplicated file found; will not be sent for synthesis: z:/work/git/LabVIEW_Fpga/06_MicroBlaze/04_MicroBlaze_lwIP/MicroBlaze_lwIP/MicroBlaze_lwIP.srcs/sources_1/bd/d_microblaze/ipshared/xilinx.com/generic_baseblocks_v2_1/hdl/verilog/generic_baseblocks_v2_1_carry_latch_or.v
Duplicated file found; will not be sent for synthesis: z:/work/git/LabVIEW_Fpga/06_MicroBlaze/04_MicroBlaze_lwIP/MicroBlaze_lwIP/MicroBlaze_lwIP.srcs/sources_1/bd/d_microblaze/ipshared/xilinx.com/generic_baseblocks_v2_1/hdl/verilog/generic_baseblocks_v2_1_carry_or.v
Duplicated file found; will not be sent for synthesis: z:/work/git/LabVIEW_Fpga/06_MicroBlaze/04_MicroBlaze_lwIP/MicroBlaze_lwIP/MicroBlaze_lwIP.srcs/sources_1/bd/d_microblaze/ipshared/xilinx.com/generic_baseblocks_v2_1/hdl/verilog/generic_baseblocks_v2_1_carry.v
Duplicated file found; will not be sent for synthesis: z:/work/git/LabVIEW_Fpga/06_MicroBlaze/04_MicroBlaze_lwIP/MicroBlaze_lwIP/MicroBlaze_lwIP.srcs/sources_1/bd/d_microblaze/ipshared/xilinx.com/generic_baseblocks_v2_1/hdl/verilog/generic_baseblocks_v2_1_command_fifo.v
Duplicated file found; will not be sent for synthesis: z:/work/git/LabVIEW_Fpga/06_MicroBlaze/04_MicroBlaze_lwIP/MicroBlaze_lwIP/MicroBlaze_lwIP.srcs/sources_1/bd/d_microblaze/ipshared/xilinx.com/generic_baseblocks_v2_1/hdl/verilog/generic_baseblocks_v2_1_comparator_mask_static.v
Duplicated file found; will not be sent for synthesis: z:/work/git/LabVIEW_Fpga/06_MicroBlaze/04_MicroBlaze_lwIP/MicroBlaze_lwIP/MicroBlaze_lwIP.srcs/sources_1/bd/d_microblaze/ipshared/xilinx.com/generic_baseblocks_v2_1/hdl/verilog/generic_baseblocks_v2_1_comparator_mask.v
Duplicated file found; will not be sent for synthesis: z:/work/git/LabVIEW_Fpga/06_MicroBlaze/04_MicroBlaze_lwIP/MicroBlaze_lwIP/MicroBlaze_lwIP.srcs/sources_1/bd/d_microblaze/ipshared/xilinx.com/generic_baseblocks_v2_1/hdl/verilog/generic_baseblocks_v2_1_comparator_sel_mask_static.v
Duplicated file found; will not be sent for synthesis: z:/work/git/LabVIEW_Fpga/06_MicroBlaze/04_MicroBlaze_lwIP/MicroBlaze_lwIP/MicroBlaze_lwIP.srcs/sources_1/bd/d_microblaze/ipshared/xilinx.com/generic_baseblocks_v2_1/hdl/verilog/generic_baseblocks_v2_1_comparator_sel_mask.v
Duplicated file found; will not be sent for synthesis: z:/work/git/LabVIEW_Fpga/06_MicroBlaze/04_MicroBlaze_lwIP/MicroBlaze_lwIP/MicroBlaze_lwIP.srcs/sources_1/bd/d_microblaze/ipshared/xilinx.com/generic_baseblocks_v2_1/hdl/verilog/generic_baseblocks_v2_1_comparator_sel_static.v
Duplicated file found; will not be sent for synthesis: z:/work/git/LabVIEW_Fpga/06_MicroBlaze/04_MicroBlaze_lwIP/MicroBlaze_lwIP/MicroBlaze_lwIP.srcs/sources_1/bd/d_microblaze/ipshared/xilinx.com/generic_baseblocks_v2_1/hdl/verilog/generic_baseblocks_v2_1_comparator_sel.v
Duplicated file found; will not be sent for synthesis: z:/work/git/LabVIEW_Fpga/06_MicroBlaze/04_MicroBlaze_lwIP/MicroBlaze_lwIP/MicroBlaze_lwIP.srcs/sources_1/bd/d_microblaze/ipshared/xilinx.com/generic_baseblocks_v2_1/hdl/verilog/generic_baseblocks_v2_1_comparator_static.v
Duplicated file found; will not be sent for synthesis: z:/work/git/LabVIEW_Fpga/06_MicroBlaze/04_MicroBlaze_lwIP/MicroBlaze_lwIP/MicroBlaze_lwIP.srcs/sources_1/bd/d_microblaze/ipshared/xilinx.com/generic_baseblocks_v2_1/hdl/verilog/generic_baseblocks_v2_1_comparator.v
Duplicated file found; will not be sent for synthesis: z:/work/git/LabVIEW_Fpga/06_MicroBlaze/04_MicroBlaze_lwIP/MicroBlaze_lwIP/MicroBlaze_lwIP.srcs/sources_1/bd/d_microblaze/ipshared/xilinx.com/generic_baseblocks_v2_1/hdl/verilog/generic_baseblocks_v2_1_mux_enc.v
Duplicated file found; will not be sent for synthesis: z:/work/git/LabVIEW_Fpga/06_MicroBlaze/04_MicroBlaze_lwIP/MicroBlaze_lwIP/MicroBlaze_lwIP.srcs/sources_1/bd/d_microblaze/ipshared/xilinx.com/generic_baseblocks_v2_1/hdl/verilog/generic_baseblocks_v2_1_mux.v
Duplicated file found; will not be sent for synthesis: z:/work/git/LabVIEW_Fpga/06_MicroBlaze/04_MicroBlaze_lwIP/MicroBlaze_lwIP/MicroBlaze_lwIP.srcs/sources_1/bd/d_microblaze/ipshared/xilinx.com/generic_baseblocks_v2_1/hdl/verilog/generic_baseblocks_v2_1_nto1_mux.v
Duplicated file found; will not be sent for synthesis: z:/work/git/LabVIEW_Fpga/06_MicroBlaze/04_MicroBlaze_lwIP/MicroBlaze_lwIP/MicroBlaze_lwIP.srcs/sources_1/bd/d_microblaze/ipshared/xilinx.com/axi_data_fifo_v2_1/hdl/verilog/axi_data_fifo_v2_1_axic_fifo.v
Duplicated file found; will not be sent for synthesis: z:/work/git/LabVIEW_Fpga/06_MicroBlaze/04_MicroBlaze_lwIP/MicroBlaze_lwIP/MicroBlaze_lwIP.srcs/sources_1/bd/d_microblaze/ipshared/xilinx.com/axi_data_fifo_v2_1/hdl/verilog/axi_data_fifo_v2_1_fifo_gen.v
Duplicated file found; will not be sent for synthesis: z:/work/git/LabVIEW_Fpga/06_MicroBlaze/04_MicroBlaze_lwIP/MicroBlaze_lwIP/MicroBlaze_lwIP.srcs/sources_1/bd/d_microblaze/ipshared/xilinx.com/axi_data_fifo_v2_1/hdl/verilog/axi_data_fifo_v2_1_axic_srl_fifo.v
Duplicated file found; will not be sent for synthesis: z:/work/git/LabVIEW_Fpga/06_MicroBlaze/04_MicroBlaze_lwIP/MicroBlaze_lwIP/MicroBlaze_lwIP.srcs/sources_1/bd/d_microblaze/ipshared/xilinx.com/axi_data_fifo_v2_1/hdl/verilog/axi_data_fifo_v2_1_axic_reg_srl_fifo.v
Duplicated file found; will not be sent for synthesis: z:/work/git/LabVIEW_Fpga/06_MicroBlaze/04_MicroBlaze_lwIP/MicroBlaze_lwIP/MicroBlaze_lwIP.srcs/sources_1/bd/d_microblaze/ipshared/xilinx.com/axi_data_fifo_v2_1/hdl/verilog/axi_data_fifo_v2_1_ndeep_srl.v
Duplicated file found; will not be sent for synthesis: z:/work/git/LabVIEW_Fpga/06_MicroBlaze/04_MicroBlaze_lwIP/MicroBlaze_lwIP/MicroBlaze_lwIP.srcs/sources_1/bd/d_microblaze/ipshared/xilinx.com/axi_data_fifo_v2_1/hdl/verilog/axi_data_fifo_v2_1_axi_data_fifo.v
Duplicated file found; will not be sent for synthesis: z:/work/git/LabVIEW_Fpga/06_MicroBlaze/04_MicroBlaze_lwIP/MicroBlaze_lwIP/MicroBlaze_lwIP.srcs/sources_1/bd/d_microblaze/ipshared/xilinx.com/axi_infrastructure_v1_1/hdl/verilog/axi_infrastructure_v1_1_0_header.vh
Duplicated file found; will not be sent for synthesis: z:/work/git/LabVIEW_Fpga/06_MicroBlaze/04_MicroBlaze_lwIP/MicroBlaze_lwIP/MicroBlaze_lwIP.srcs/sources_1/bd/d_microblaze/ipshared/xilinx.com/axi_infrastructure_v1_1/hdl/verilog/axi_infrastructure_v1_1_axi2vector.v
Duplicated file found; will not be sent for synthesis: z:/work/git/LabVIEW_Fpga/06_MicroBlaze/04_MicroBlaze_lwIP/MicroBlaze_lwIP/MicroBlaze_lwIP.srcs/sources_1/bd/d_microblaze/ipshared/xilinx.com/axi_infrastructure_v1_1/hdl/verilog/axi_infrastructure_v1_1_axic_srl_fifo.v
Duplicated file found; will not be sent for synthesis: z:/work/git/LabVIEW_Fpga/06_MicroBlaze/04_MicroBlaze_lwIP/MicroBlaze_lwIP/MicroBlaze_lwIP.srcs/sources_1/bd/d_microblaze/ipshared/xilinx.com/axi_infrastructure_v1_1/hdl/verilog/axi_infrastructure_v1_1_vector2axi.v
Duplicated file found; will not be sent for synthesis: z:/work/git/LabVIEW_Fpga/06_MicroBlaze/04_MicroBlaze_lwIP/MicroBlaze_lwIP/MicroBlaze_lwIP.srcs/sources_1/bd/d_microblaze/ipshared/xilinx.com/axi_register_slice_v2_1/hdl/verilog/axi_register_slice_v2_1_axic_register_slice.v
Duplicated file found; will not be sent for synthesis: z:/work/git/LabVIEW_Fpga/06_MicroBlaze/04_MicroBlaze_lwIP/MicroBlaze_lwIP/MicroBlaze_lwIP.srcs/sources_1/bd/d_microblaze/ipshared/xilinx.com/axi_register_slice_v2_1/hdl/verilog/axi_register_slice_v2_1_axi_register_slice.v
Duplicated file found; will not be sent for synthesis: z:/work/git/LabVIEW_Fpga/06_MicroBlaze/04_MicroBlaze_lwIP/MicroBlaze_lwIP/MicroBlaze_lwIP.srcs/sources_1/bd/d_microblaze/ipshared/xilinx.com/axi_protocol_converter_v2_1/hdl/verilog/axi_protocol_converter_v2_1_a_axi3_conv.v
Duplicated file found; will not be sent for synthesis: z:/work/git/LabVIEW_Fpga/06_MicroBlaze/04_MicroBlaze_lwIP/MicroBlaze_lwIP/MicroBlaze_lwIP.srcs/sources_1/bd/d_microblaze/ipshared/xilinx.com/axi_protocol_converter_v2_1/hdl/verilog/axi_protocol_converter_v2_1_axi3_conv.v
Duplicated file found; will not be sent for synthesis: z:/work/git/LabVIEW_Fpga/06_MicroBlaze/04_MicroBlaze_lwIP/MicroBlaze_lwIP/MicroBlaze_lwIP.srcs/sources_1/bd/d_microblaze/ipshared/xilinx.com/axi_protocol_converter_v2_1/hdl/verilog/axi_protocol_converter_v2_1_axilite_conv.v
Duplicated file found; will not be sent for synthesis: z:/work/git/LabVIEW_Fpga/06_MicroBlaze/04_MicroBlaze_lwIP/MicroBlaze_lwIP/MicroBlaze_lwIP.srcs/sources_1/bd/d_microblaze/ipshared/xilinx.com/axi_protocol_converter_v2_1/hdl/verilog/axi_protocol_converter_v2_1_r_axi3_conv.v
Duplicated file found; will not be sent for synthesis: z:/work/git/LabVIEW_Fpga/06_MicroBlaze/04_MicroBlaze_lwIP/MicroBlaze_lwIP/MicroBlaze_lwIP.srcs/sources_1/bd/d_microblaze/ipshared/xilinx.com/axi_protocol_converter_v2_1/hdl/verilog/axi_protocol_converter_v2_1_w_axi3_conv.v
Duplicated file found; will not be sent for synthesis: z:/work/git/LabVIEW_Fpga/06_MicroBlaze/04_MicroBlaze_lwIP/MicroBlaze_lwIP/MicroBlaze_lwIP.srcs/sources_1/bd/d_microblaze/ipshared/xilinx.com/axi_protocol_converter_v2_1/hdl/verilog/axi_protocol_converter_v2_1_b_downsizer.v
Duplicated file found; will not be sent for synthesis: z:/work/git/LabVIEW_Fpga/06_MicroBlaze/04_MicroBlaze_lwIP/MicroBlaze_lwIP/MicroBlaze_lwIP.srcs/sources_1/bd/d_microblaze/ipshared/xilinx.com/axi_protocol_converter_v2_1/hdl/verilog/axi_protocol_converter_v2_1_decerr_slave.v
Duplicated file found; will not be sent for synthesis: z:/work/git/LabVIEW_Fpga/06_MicroBlaze/04_MicroBlaze_lwIP/MicroBlaze_lwIP/MicroBlaze_lwIP.srcs/sources_1/bd/d_microblaze/ipshared/xilinx.com/axi_protocol_converter_v2_1/hdl/verilog/axi_protocol_converter_v2_1_b2s_simple_fifo.v
Duplicated file found; will not be sent for synthesis: z:/work/git/LabVIEW_Fpga/06_MicroBlaze/04_MicroBlaze_lwIP/MicroBlaze_lwIP/MicroBlaze_lwIP.srcs/sources_1/bd/d_microblaze/ipshared/xilinx.com/axi_protocol_converter_v2_1/hdl/verilog/axi_protocol_converter_v2_1_b2s_wrap_cmd.v
Duplicated file found; will not be sent for synthesis: z:/work/git/LabVIEW_Fpga/06_MicroBlaze/04_MicroBlaze_lwIP/MicroBlaze_lwIP/MicroBlaze_lwIP.srcs/sources_1/bd/d_microblaze/ipshared/xilinx.com/axi_protocol_converter_v2_1/hdl/verilog/axi_protocol_converter_v2_1_b2s_incr_cmd.v
Duplicated file found; will not be sent for synthesis: z:/work/git/LabVIEW_Fpga/06_MicroBlaze/04_MicroBlaze_lwIP/MicroBlaze_lwIP/MicroBlaze_lwIP.srcs/sources_1/bd/d_microblaze/ipshared/xilinx.com/axi_protocol_converter_v2_1/hdl/verilog/axi_protocol_converter_v2_1_b2s_wr_cmd_fsm.v
Duplicated file found; will not be sent for synthesis: z:/work/git/LabVIEW_Fpga/06_MicroBlaze/04_MicroBlaze_lwIP/MicroBlaze_lwIP/MicroBlaze_lwIP.srcs/sources_1/bd/d_microblaze/ipshared/xilinx.com/axi_protocol_converter_v2_1/hdl/verilog/axi_protocol_converter_v2_1_b2s_rd_cmd_fsm.v
Duplicated file found; will not be sent for synthesis: z:/work/git/LabVIEW_Fpga/06_MicroBlaze/04_MicroBlaze_lwIP/MicroBlaze_lwIP/MicroBlaze_lwIP.srcs/sources_1/bd/d_microblaze/ipshared/xilinx.com/axi_protocol_converter_v2_1/hdl/verilog/axi_protocol_converter_v2_1_b2s_cmd_translator.v
Duplicated file found; will not be sent for synthesis: z:/work/git/LabVIEW_Fpga/06_MicroBlaze/04_MicroBlaze_lwIP/MicroBlaze_lwIP/MicroBlaze_lwIP.srcs/sources_1/bd/d_microblaze/ipshared/xilinx.com/axi_protocol_converter_v2_1/hdl/verilog/axi_protocol_converter_v2_1_b2s_b_channel.v
Duplicated file found; will not be sent for synthesis: z:/work/git/LabVIEW_Fpga/06_MicroBlaze/04_MicroBlaze_lwIP/MicroBlaze_lwIP/MicroBlaze_lwIP.srcs/sources_1/bd/d_microblaze/ipshared/xilinx.com/axi_protocol_converter_v2_1/hdl/verilog/axi_protocol_converter_v2_1_b2s_r_channel.v
Duplicated file found; will not be sent for synthesis: z:/work/git/LabVIEW_Fpga/06_MicroBlaze/04_MicroBlaze_lwIP/MicroBlaze_lwIP/MicroBlaze_lwIP.srcs/sources_1/bd/d_microblaze/ipshared/xilinx.com/axi_protocol_converter_v2_1/hdl/verilog/axi_protocol_converter_v2_1_b2s_aw_channel.v
Duplicated file found; will not be sent for synthesis: z:/work/git/LabVIEW_Fpga/06_MicroBlaze/04_MicroBlaze_lwIP/MicroBlaze_lwIP/MicroBlaze_lwIP.srcs/sources_1/bd/d_microblaze/ipshared/xilinx.com/axi_protocol_converter_v2_1/hdl/verilog/axi_protocol_converter_v2_1_b2s_ar_channel.v
Duplicated file found; will not be sent for synthesis: z:/work/git/LabVIEW_Fpga/06_MicroBlaze/04_MicroBlaze_lwIP/MicroBlaze_lwIP/MicroBlaze_lwIP.srcs/sources_1/bd/d_microblaze/ipshared/xilinx.com/axi_protocol_converter_v2_1/hdl/verilog/axi_protocol_converter_v2_1_b2s.v
Duplicated file found; will not be sent for synthesis: z:/work/git/LabVIEW_Fpga/06_MicroBlaze/04_MicroBlaze_lwIP/MicroBlaze_lwIP/MicroBlaze_lwIP.srcs/sources_1/bd/d_microblaze/ipshared/xilinx.com/axi_protocol_converter_v2_1/hdl/verilog/axi_protocol_converter_v2_1_axi_protocol_converter.v
Duplicated file found; will not be sent for synthesis: z:/work/git/LabVIEW_Fpga/06_MicroBlaze/04_MicroBlaze_lwIP/MicroBlaze_lwIP/MicroBlaze_lwIP.srcs/sources_1/bd/d_microblaze/ipshared/xilinx.com/blk_mem_gen_v8_3/hdl/blk_mem_gen_v8_3_vhsyn_rfs.vhd
Duplicated file found; will not be sent for synthesis: z:/work/git/LabVIEW_Fpga/06_MicroBlaze/04_MicroBlaze_lwIP/MicroBlaze_lwIP/MicroBlaze_lwIP.srcs/sources_1/bd/d_microblaze/ipshared/xilinx.com/blk_mem_gen_v8_3/hdl/blk_mem_gen_v8_3.vhd
Duplicated file found; will not be sent for synthesis: z:/work/git/LabVIEW_Fpga/06_MicroBlaze/04_MicroBlaze_lwIP/MicroBlaze_lwIP/MicroBlaze_lwIP.srcs/sources_1/bd/d_microblaze/ipshared/xilinx.com/fifo_generator_v13_0/hdl/fifo_generator_v13_0_vhsyn_rfs.vhd
Duplicated file found; will not be sent for synthesis: z:/work/git/LabVIEW_Fpga/06_MicroBlaze/04_MicroBlaze_lwIP/MicroBlaze_lwIP/MicroBlaze_lwIP.srcs/sources_1/bd/d_microblaze/ipshared/xilinx.com/fifo_generator_v13_0/hdl/fifo_generator_v13_0.vhd
Duplicated file found; will not be sent for synthesis: z:/work/git/LabVIEW_Fpga/06_MicroBlaze/04_MicroBlaze_lwIP/MicroBlaze_lwIP/MicroBlaze_lwIP.srcs/sources_1/bd/d_microblaze/ipshared/xilinx.com/generic_baseblocks_v2_1/hdl/verilog/generic_baseblocks_v2_1_carry_and.v
Duplicated file found; will not be sent for synthesis: z:/work/git/LabVIEW_Fpga/06_MicroBlaze/04_MicroBlaze_lwIP/MicroBlaze_lwIP/MicroBlaze_lwIP.srcs/sources_1/bd/d_microblaze/ipshared/xilinx.com/generic_baseblocks_v2_1/hdl/verilog/generic_baseblocks_v2_1_carry_latch_and.v
Duplicated file found; will not be sent for synthesis: z:/work/git/LabVIEW_Fpga/06_MicroBlaze/04_MicroBlaze_lwIP/MicroBlaze_lwIP/MicroBlaze_lwIP.srcs/sources_1/bd/d_microblaze/ipshared/xilinx.com/generic_baseblocks_v2_1/hdl/verilog/generic_baseblocks_v2_1_carry_latch_or.v
Duplicated file found; will not be sent for synthesis: z:/work/git/LabVIEW_Fpga/06_MicroBlaze/04_MicroBlaze_lwIP/MicroBlaze_lwIP/MicroBlaze_lwIP.srcs/sources_1/bd/d_microblaze/ipshared/xilinx.com/generic_baseblocks_v2_1/hdl/verilog/generic_baseblocks_v2_1_carry_or.v
Duplicated file found; will not be sent for synthesis: z:/work/git/LabVIEW_Fpga/06_MicroBlaze/04_MicroBlaze_lwIP/MicroBlaze_lwIP/MicroBlaze_lwIP.srcs/sources_1/bd/d_microblaze/ipshared/xilinx.com/generic_baseblocks_v2_1/hdl/verilog/generic_baseblocks_v2_1_carry.v
Duplicated file found; will not be sent for synthesis: z:/work/git/LabVIEW_Fpga/06_MicroBlaze/04_MicroBlaze_lwIP/MicroBlaze_lwIP/MicroBlaze_lwIP.srcs/sources_1/bd/d_microblaze/ipshared/xilinx.com/generic_baseblocks_v2_1/hdl/verilog/generic_baseblocks_v2_1_command_fifo.v
Duplicated file found; will not be sent for synthesis: z:/work/git/LabVIEW_Fpga/06_MicroBlaze/04_MicroBlaze_lwIP/MicroBlaze_lwIP/MicroBlaze_lwIP.srcs/sources_1/bd/d_microblaze/ipshared/xilinx.com/generic_baseblocks_v2_1/hdl/verilog/generic_baseblocks_v2_1_comparator_mask_static.v
Duplicated file found; will not be sent for synthesis: z:/work/git/LabVIEW_Fpga/06_MicroBlaze/04_MicroBlaze_lwIP/MicroBlaze_lwIP/MicroBlaze_lwIP.srcs/sources_1/bd/d_microblaze/ipshared/xilinx.com/generic_baseblocks_v2_1/hdl/verilog/generic_baseblocks_v2_1_comparator_mask.v
Duplicated file found; will not be sent for synthesis: z:/work/git/LabVIEW_Fpga/06_MicroBlaze/04_MicroBlaze_lwIP/MicroBlaze_lwIP/MicroBlaze_lwIP.srcs/sources_1/bd/d_microblaze/ipshared/xilinx.com/generic_baseblocks_v2_1/hdl/verilog/generic_baseblocks_v2_1_comparator_sel_mask_static.v
Duplicated file found; will not be sent for synthesis: z:/work/git/LabVIEW_Fpga/06_MicroBlaze/04_MicroBlaze_lwIP/MicroBlaze_lwIP/MicroBlaze_lwIP.srcs/sources_1/bd/d_microblaze/ipshared/xilinx.com/generic_baseblocks_v2_1/hdl/verilog/generic_baseblocks_v2_1_comparator_sel_mask.v
Duplicated file found; will not be sent for synthesis: z:/work/git/LabVIEW_Fpga/06_MicroBlaze/04_MicroBlaze_lwIP/MicroBlaze_lwIP/MicroBlaze_lwIP.srcs/sources_1/bd/d_microblaze/ipshared/xilinx.com/generic_baseblocks_v2_1/hdl/verilog/generic_baseblocks_v2_1_comparator_sel_static.v
Duplicated file found; will not be sent for synthesis: z:/work/git/LabVIEW_Fpga/06_MicroBlaze/04_MicroBlaze_lwIP/MicroBlaze_lwIP/MicroBlaze_lwIP.srcs/sources_1/bd/d_microblaze/ipshared/xilinx.com/generic_baseblocks_v2_1/hdl/verilog/generic_baseblocks_v2_1_comparator_sel.v
Duplicated file found; will not be sent for synthesis: z:/work/git/LabVIEW_Fpga/06_MicroBlaze/04_MicroBlaze_lwIP/MicroBlaze_lwIP/MicroBlaze_lwIP.srcs/sources_1/bd/d_microblaze/ipshared/xilinx.com/generic_baseblocks_v2_1/hdl/verilog/generic_baseblocks_v2_1_comparator_static.v
Duplicated file found; will not be sent for synthesis: z:/work/git/LabVIEW_Fpga/06_MicroBlaze/04_MicroBlaze_lwIP/MicroBlaze_lwIP/MicroBlaze_lwIP.srcs/sources_1/bd/d_microblaze/ipshared/xilinx.com/generic_baseblocks_v2_1/hdl/verilog/generic_baseblocks_v2_1_comparator.v
Duplicated file found; will not be sent for synthesis: z:/work/git/LabVIEW_Fpga/06_MicroBlaze/04_MicroBlaze_lwIP/MicroBlaze_lwIP/MicroBlaze_lwIP.srcs/sources_1/bd/d_microblaze/ipshared/xilinx.com/generic_baseblocks_v2_1/hdl/verilog/generic_baseblocks_v2_1_mux_enc.v
Duplicated file found; will not be sent for synthesis: z:/work/git/LabVIEW_Fpga/06_MicroBlaze/04_MicroBlaze_lwIP/MicroBlaze_lwIP/MicroBlaze_lwIP.srcs/sources_1/bd/d_microblaze/ipshared/xilinx.com/generic_baseblocks_v2_1/hdl/verilog/generic_baseblocks_v2_1_mux.v
Duplicated file found; will not be sent for synthesis: z:/work/git/LabVIEW_Fpga/06_MicroBlaze/04_MicroBlaze_lwIP/MicroBlaze_lwIP/MicroBlaze_lwIP.srcs/sources_1/bd/d_microblaze/ipshared/xilinx.com/generic_baseblocks_v2_1/hdl/verilog/generic_baseblocks_v2_1_nto1_mux.v
Duplicated file found; will not be sent for synthesis: z:/work/git/LabVIEW_Fpga/06_MicroBlaze/04_MicroBlaze_lwIP/MicroBlaze_lwIP/MicroBlaze_lwIP.srcs/sources_1/bd/d_microblaze/ipshared/xilinx.com/axi_data_fifo_v2_1/hdl/verilog/axi_data_fifo_v2_1_axic_fifo.v
Duplicated file found; will not be sent for synthesis: z:/work/git/LabVIEW_Fpga/06_MicroBlaze/04_MicroBlaze_lwIP/MicroBlaze_lwIP/MicroBlaze_lwIP.srcs/sources_1/bd/d_microblaze/ipshared/xilinx.com/axi_data_fifo_v2_1/hdl/verilog/axi_data_fifo_v2_1_fifo_gen.v
Duplicated file found; will not be sent for synthesis: z:/work/git/LabVIEW_Fpga/06_MicroBlaze/04_MicroBlaze_lwIP/MicroBlaze_lwIP/MicroBlaze_lwIP.srcs/sources_1/bd/d_microblaze/ipshared/xilinx.com/axi_data_fifo_v2_1/hdl/verilog/axi_data_fifo_v2_1_axic_srl_fifo.v
Duplicated file found; will not be sent for synthesis: z:/work/git/LabVIEW_Fpga/06_MicroBlaze/04_MicroBlaze_lwIP/MicroBlaze_lwIP/MicroBlaze_lwIP.srcs/sources_1/bd/d_microblaze/ipshared/xilinx.com/axi_data_fifo_v2_1/hdl/verilog/axi_data_fifo_v2_1_axic_reg_srl_fifo.v
Duplicated file found; will not be sent for synthesis: z:/work/git/LabVIEW_Fpga/06_MicroBlaze/04_MicroBlaze_lwIP/MicroBlaze_lwIP/MicroBlaze_lwIP.srcs/sources_1/bd/d_microblaze/ipshared/xilinx.com/axi_data_fifo_v2_1/hdl/verilog/axi_data_fifo_v2_1_ndeep_srl.v
Duplicated file found; will not be sent for synthesis: z:/work/git/LabVIEW_Fpga/06_MicroBlaze/04_MicroBlaze_lwIP/MicroBlaze_lwIP/MicroBlaze_lwIP.srcs/sources_1/bd/d_microblaze/ipshared/xilinx.com/axi_data_fifo_v2_1/hdl/verilog/axi_data_fifo_v2_1_axi_data_fifo.v
Duplicated file found; will not be sent for synthesis: z:/work/git/LabVIEW_Fpga/06_MicroBlaze/04_MicroBlaze_lwIP/MicroBlaze_lwIP/MicroBlaze_lwIP.srcs/sources_1/bd/d_microblaze/ipshared/xilinx.com/axi_infrastructure_v1_1/hdl/verilog/axi_infrastructure_v1_1_0_header.vh
Duplicated file found; will not be sent for synthesis: z:/work/git/LabVIEW_Fpga/06_MicroBlaze/04_MicroBlaze_lwIP/MicroBlaze_lwIP/MicroBlaze_lwIP.srcs/sources_1/bd/d_microblaze/ipshared/xilinx.com/axi_infrastructure_v1_1/hdl/verilog/axi_infrastructure_v1_1_axi2vector.v
Duplicated file found; will not be sent for synthesis: z:/work/git/LabVIEW_Fpga/06_MicroBlaze/04_MicroBlaze_lwIP/MicroBlaze_lwIP/MicroBlaze_lwIP.srcs/sources_1/bd/d_microblaze/ipshared/xilinx.com/axi_infrastructure_v1_1/hdl/verilog/axi_infrastructure_v1_1_axic_srl_fifo.v
Duplicated file found; will not be sent for synthesis: z:/work/git/LabVIEW_Fpga/06_MicroBlaze/04_MicroBlaze_lwIP/MicroBlaze_lwIP/MicroBlaze_lwIP.srcs/sources_1/bd/d_microblaze/ipshared/xilinx.com/axi_infrastructure_v1_1/hdl/verilog/axi_infrastructure_v1_1_vector2axi.v
Duplicated file found; will not be sent for synthesis: z:/work/git/LabVIEW_Fpga/06_MicroBlaze/04_MicroBlaze_lwIP/MicroBlaze_lwIP/MicroBlaze_lwIP.srcs/sources_1/bd/d_microblaze/ipshared/xilinx.com/axi_register_slice_v2_1/hdl/verilog/axi_register_slice_v2_1_axic_register_slice.v
Duplicated file found; will not be sent for synthesis: z:/work/git/LabVIEW_Fpga/06_MicroBlaze/04_MicroBlaze_lwIP/MicroBlaze_lwIP/MicroBlaze_lwIP.srcs/sources_1/bd/d_microblaze/ipshared/xilinx.com/axi_register_slice_v2_1/hdl/verilog/axi_register_slice_v2_1_axi_register_slice.v
Duplicated file found; will not be sent for synthesis: z:/work/git/LabVIEW_Fpga/06_MicroBlaze/04_MicroBlaze_lwIP/MicroBlaze_lwIP/MicroBlaze_lwIP.srcs/sources_1/bd/d_microblaze/ipshared/xilinx.com/axi_protocol_converter_v2_1/hdl/verilog/axi_protocol_converter_v2_1_a_axi3_conv.v
Duplicated file found; will not be sent for synthesis: z:/work/git/LabVIEW_Fpga/06_MicroBlaze/04_MicroBlaze_lwIP/MicroBlaze_lwIP/MicroBlaze_lwIP.srcs/sources_1/bd/d_microblaze/ipshared/xilinx.com/axi_protocol_converter_v2_1/hdl/verilog/axi_protocol_converter_v2_1_axi3_conv.v
Duplicated file found; will not be sent for synthesis: z:/work/git/LabVIEW_Fpga/06_MicroBlaze/04_MicroBlaze_lwIP/MicroBlaze_lwIP/MicroBlaze_lwIP.srcs/sources_1/bd/d_microblaze/ipshared/xilinx.com/axi_protocol_converter_v2_1/hdl/verilog/axi_protocol_converter_v2_1_axilite_conv.v
Duplicated file found; will not be sent for synthesis: z:/work/git/LabVIEW_Fpga/06_MicroBlaze/04_MicroBlaze_lwIP/MicroBlaze_lwIP/MicroBlaze_lwIP.srcs/sources_1/bd/d_microblaze/ipshared/xilinx.com/axi_protocol_converter_v2_1/hdl/verilog/axi_protocol_converter_v2_1_r_axi3_conv.v
Duplicated file found; will not be sent for synthesis: z:/work/git/LabVIEW_Fpga/06_MicroBlaze/04_MicroBlaze_lwIP/MicroBlaze_lwIP/MicroBlaze_lwIP.srcs/sources_1/bd/d_microblaze/ipshared/xilinx.com/axi_protocol_converter_v2_1/hdl/verilog/axi_protocol_converter_v2_1_w_axi3_conv.v
Duplicated file found; will not be sent for synthesis: z:/work/git/LabVIEW_Fpga/06_MicroBlaze/04_MicroBlaze_lwIP/MicroBlaze_lwIP/MicroBlaze_lwIP.srcs/sources_1/bd/d_microblaze/ipshared/xilinx.com/axi_protocol_converter_v2_1/hdl/verilog/axi_protocol_converter_v2_1_b_downsizer.v
Duplicated file found; will not be sent for synthesis: z:/work/git/LabVIEW_Fpga/06_MicroBlaze/04_MicroBlaze_lwIP/MicroBlaze_lwIP/MicroBlaze_lwIP.srcs/sources_1/bd/d_microblaze/ipshared/xilinx.com/axi_protocol_converter_v2_1/hdl/verilog/axi_protocol_converter_v2_1_decerr_slave.v
Duplicated file found; will not be sent for synthesis: z:/work/git/LabVIEW_Fpga/06_MicroBlaze/04_MicroBlaze_lwIP/MicroBlaze_lwIP/MicroBlaze_lwIP.srcs/sources_1/bd/d_microblaze/ipshared/xilinx.com/axi_protocol_converter_v2_1/hdl/verilog/axi_protocol_converter_v2_1_b2s_simple_fifo.v
Duplicated file found; will not be sent for synthesis: z:/work/git/LabVIEW_Fpga/06_MicroBlaze/04_MicroBlaze_lwIP/MicroBlaze_lwIP/MicroBlaze_lwIP.srcs/sources_1/bd/d_microblaze/ipshared/xilinx.com/axi_protocol_converter_v2_1/hdl/verilog/axi_protocol_converter_v2_1_b2s_wrap_cmd.v
Duplicated file found; will not be sent for synthesis: z:/work/git/LabVIEW_Fpga/06_MicroBlaze/04_MicroBlaze_lwIP/MicroBlaze_lwIP/MicroBlaze_lwIP.srcs/sources_1/bd/d_microblaze/ipshared/xilinx.com/axi_protocol_converter_v2_1/hdl/verilog/axi_protocol_converter_v2_1_b2s_incr_cmd.v
Duplicated file found; will not be sent for synthesis: z:/work/git/LabVIEW_Fpga/06_MicroBlaze/04_MicroBlaze_lwIP/MicroBlaze_lwIP/MicroBlaze_lwIP.srcs/sources_1/bd/d_microblaze/ipshared/xilinx.com/axi_protocol_converter_v2_1/hdl/verilog/axi_protocol_converter_v2_1_b2s_wr_cmd_fsm.v
Duplicated file found; will not be sent for synthesis: z:/work/git/LabVIEW_Fpga/06_MicroBlaze/04_MicroBlaze_lwIP/MicroBlaze_lwIP/MicroBlaze_lwIP.srcs/sources_1/bd/d_microblaze/ipshared/xilinx.com/axi_protocol_converter_v2_1/hdl/verilog/axi_protocol_converter_v2_1_b2s_rd_cmd_fsm.v
Duplicated file found; will not be sent for synthesis: z:/work/git/LabVIEW_Fpga/06_MicroBlaze/04_MicroBlaze_lwIP/MicroBlaze_lwIP/MicroBlaze_lwIP.srcs/sources_1/bd/d_microblaze/ipshared/xilinx.com/axi_protocol_converter_v2_1/hdl/verilog/axi_protocol_converter_v2_1_b2s_cmd_translator.v
Duplicated file found; will not be sent for synthesis: z:/work/git/LabVIEW_Fpga/06_MicroBlaze/04_MicroBlaze_lwIP/MicroBlaze_lwIP/MicroBlaze_lwIP.srcs/sources_1/bd/d_microblaze/ipshared/xilinx.com/axi_protocol_converter_v2_1/hdl/verilog/axi_protocol_converter_v2_1_b2s_b_channel.v
Duplicated file found; will not be sent for synthesis: z:/work/git/LabVIEW_Fpga/06_MicroBlaze/04_MicroBlaze_lwIP/MicroBlaze_lwIP/MicroBlaze_lwIP.srcs/sources_1/bd/d_microblaze/ipshared/xilinx.com/axi_protocol_converter_v2_1/hdl/verilog/axi_protocol_converter_v2_1_b2s_r_channel.v
Duplicated file found; will not be sent for synthesis: z:/work/git/LabVIEW_Fpga/06_MicroBlaze/04_MicroBlaze_lwIP/MicroBlaze_lwIP/MicroBlaze_lwIP.srcs/sources_1/bd/d_microblaze/ipshared/xilinx.com/axi_protocol_converter_v2_1/hdl/verilog/axi_protocol_converter_v2_1_b2s_aw_channel.v
Duplicated file found; will not be sent for synthesis: z:/work/git/LabVIEW_Fpga/06_MicroBlaze/04_MicroBlaze_lwIP/MicroBlaze_lwIP/MicroBlaze_lwIP.srcs/sources_1/bd/d_microblaze/ipshared/xilinx.com/axi_protocol_converter_v2_1/hdl/verilog/axi_protocol_converter_v2_1_b2s_ar_channel.v
Duplicated file found; will not be sent for synthesis: z:/work/git/LabVIEW_Fpga/06_MicroBlaze/04_MicroBlaze_lwIP/MicroBlaze_lwIP/MicroBlaze_lwIP.srcs/sources_1/bd/d_microblaze/ipshared/xilinx.com/axi_protocol_converter_v2_1/hdl/verilog/axi_protocol_converter_v2_1_b2s.v
Duplicated file found; will not be sent for synthesis: z:/work/git/LabVIEW_Fpga/06_MicroBlaze/04_MicroBlaze_lwIP/MicroBlaze_lwIP/MicroBlaze_lwIP.srcs/sources_1/bd/d_microblaze/ipshared/xilinx.com/axi_protocol_converter_v2_1/hdl/verilog/axi_protocol_converter_v2_1_axi_protocol_converter.v
Duplicated file found; will not be sent for synthesis: z:/work/git/LabVIEW_Fpga/06_MicroBlaze/04_MicroBlaze_lwIP/MicroBlaze_lwIP/MicroBlaze_lwIP.srcs/sources_1/bd/d_microblaze/ipshared/xilinx.com/blk_mem_gen_v8_3/hdl/blk_mem_gen_v8_3_vhsyn_rfs.vhd
Duplicated file found; will not be sent for synthesis: z:/work/git/LabVIEW_Fpga/06_MicroBlaze/04_MicroBlaze_lwIP/MicroBlaze_lwIP/MicroBlaze_lwIP.srcs/sources_1/bd/d_microblaze/ipshared/xilinx.com/blk_mem_gen_v8_3/hdl/blk_mem_gen_v8_3.vhd
Duplicated file found; will not be sent for synthesis: z:/work/git/LabVIEW_Fpga/06_MicroBlaze/04_MicroBlaze_lwIP/MicroBlaze_lwIP/MicroBlaze_lwIP.srcs/sources_1/bd/d_microblaze/ipshared/xilinx.com/fifo_generator_v13_0/hdl/fifo_generator_v13_0_vhsyn_rfs.vhd
Duplicated file found; will not be sent for synthesis: z:/work/git/LabVIEW_Fpga/06_MicroBlaze/04_MicroBlaze_lwIP/MicroBlaze_lwIP/MicroBlaze_lwIP.srcs/sources_1/bd/d_microblaze/ipshared/xilinx.com/fifo_generator_v13_0/hdl/fifo_generator_v13_0.vhd
CRC performance measure: elapsed=00:00:00.180s;;memory_peak=1199.324MB;;memory_gain=0.000MB
