18:26:09 INFO  : Launching XSDB server: xsdb.bat C:/Xilinx/SDK/2015.4/scripts/xsdb/xsdb/xsdb-server.tcl
18:26:10 INFO  : XSDB server has started successfully.
18:26:44 INFO  : Project 'd_mcs_microblaze_mcs_0_0_hw_platform_0' created. You can now create BSPs and application projects targeting this hardware platform.
09:42:46 INFO  : Project d_mcs_microblaze_mcs_0_0_hw_platform_0's source hardware specification located at G:\work\git\LabVIEW_Fpga\05_MicroBlaze_Mcs\02_MicroBlaze_Mcs_IO_Bus\MicroBlaze_Mcs_IO_Bus\MicroBlaze_Mcs_IO_Bus.srcs\sources_1\bd\d_mcs\ip\d_mcs_microblaze_mcs_0_0\d_mcs_microblaze_mcs_0_0_sdk.xml is now different from the local copy.
		 The local copy will be replaced with the source specification and your workspace will be updated.
20:21:25 INFO  : Copied contents of G:\work\git\LabVIEW_Fpga\05_MicroBlaze_Mcs\02_MicroBlaze_Mcs_IO_Bus\MicroBlaze_Mcs_IO_Bus\MicroBlaze_Mcs_IO_Bus.srcs\sources_1\bd\d_mcs\ip\d_mcs_microblaze_mcs_0_0\d_mcs_microblaze_mcs_0_0_sdk.xml into \d_mcs_microblaze_mcs_0_0_hw_platform_0\system.xml.
20:21:26 INFO  : Copied contents of G:\work\git\LabVIEW_Fpga\05_MicroBlaze_Mcs\02_MicroBlaze_Mcs_IO_Bus\MicroBlaze_Mcs_IO_Bus\MicroBlaze_Mcs_IO_Bus.srcs\sources_1\bd\d_mcs\ip\d_mcs_microblaze_mcs_0_0\d_mcs_microblaze_mcs_0_0.bmm into \d_mcs_microblaze_mcs_0_0_hw_platform_0\d_mcs_microblaze_mcs_0_0.bmm.
20:21:26 INFO  : Synchronizing projects in the workspace with the hardware platform specification changes.
20:21:29 INFO  : 
20:21:30 INFO  : Updating hardware inferred compiler options for iobus_intc_test.
20:21:30 INFO  : Clearing existing target manager status.
20:21:31 INFO  : Closing and re-opening the MSS file of ther project iobus_intc_test_bsp
20:21:32 INFO  : Closing and re-opening the MSS file of ther project iobus_intc_test_bsp
20:21:32 INFO  : Closing and re-opening the MSS file of ther project iobus_intc_test_bsp
20:21:32 INFO  : Workspace synchronized with the new hardware specification file. Cleaning dependent projects...
20:21:33 WARN  : Linker script will not be updated automatically. Users need to update it manually.
22:08:43 INFO  : Project d_mcs_microblaze_mcs_0_0_hw_platform_0's source hardware specification located at G:\work\git\LabVIEW_Fpga\05_MicroBlaze_Mcs\02_MicroBlaze_Mcs_IO_Bus\MicroBlaze_Mcs_IO_Bus\MicroBlaze_Mcs_IO_Bus.srcs\sources_1\bd\d_mcs\ip\d_mcs_microblaze_mcs_0_0\d_mcs_microblaze_mcs_0_0_sdk.xml is now different from the local copy.
		 The local copy will be replaced with the source specification and your workspace will be updated.
22:09:02 INFO  : Copied contents of G:\work\git\LabVIEW_Fpga\05_MicroBlaze_Mcs\02_MicroBlaze_Mcs_IO_Bus\MicroBlaze_Mcs_IO_Bus\MicroBlaze_Mcs_IO_Bus.srcs\sources_1\bd\d_mcs\ip\d_mcs_microblaze_mcs_0_0\d_mcs_microblaze_mcs_0_0_sdk.xml into \d_mcs_microblaze_mcs_0_0_hw_platform_0\system.xml.
22:09:03 INFO  : Copied contents of G:\work\git\LabVIEW_Fpga\05_MicroBlaze_Mcs\02_MicroBlaze_Mcs_IO_Bus\MicroBlaze_Mcs_IO_Bus\MicroBlaze_Mcs_IO_Bus.srcs\sources_1\bd\d_mcs\ip\d_mcs_microblaze_mcs_0_0\d_mcs_microblaze_mcs_0_0.bmm into \d_mcs_microblaze_mcs_0_0_hw_platform_0\d_mcs_microblaze_mcs_0_0.bmm.
22:09:03 INFO  : Synchronizing projects in the workspace with the hardware platform specification changes.
22:09:06 INFO  : 
22:09:07 INFO  : Updating hardware inferred compiler options for iobus_intc_test.
22:09:12 INFO  : Clearing existing target manager status.
22:09:12 INFO  : Closing and re-opening the MSS file of ther project iobus_intc_test_bsp
22:09:12 INFO  : Closing and re-opening the MSS file of ther project iobus_intc_test_bsp
22:09:12 INFO  : Closing and re-opening the MSS file of ther project iobus_intc_test_bsp
22:09:13 INFO  : Workspace synchronized with the new hardware specification file. Cleaning dependent projects...
22:09:19 WARN  : Linker script will not be updated automatically. Users need to update it manually.
08:07:40 INFO  : Project d_mcs_microblaze_mcs_0_0_hw_platform_0's source hardware specification located at G:\work\git\LabVIEW_Fpga\05_MicroBlaze_Mcs\02_MicroBlaze_Mcs_IO_Bus\MicroBlaze_Mcs_IO_Bus\MicroBlaze_Mcs_IO_Bus.srcs\sources_1\bd\d_mcs\ip\d_mcs_microblaze_mcs_0_0\d_mcs_microblaze_mcs_0_0_sdk.xml is now different from the local copy.
		 The local copy will be replaced with the source specification and your workspace will be updated.
08:10:00 INFO  : Copied contents of G:\work\git\LabVIEW_Fpga\05_MicroBlaze_Mcs\02_MicroBlaze_Mcs_IO_Bus\MicroBlaze_Mcs_IO_Bus\MicroBlaze_Mcs_IO_Bus.srcs\sources_1\bd\d_mcs\ip\d_mcs_microblaze_mcs_0_0\d_mcs_microblaze_mcs_0_0_sdk.xml into \d_mcs_microblaze_mcs_0_0_hw_platform_0\system.xml.
08:10:00 INFO  : Copied contents of G:\work\git\LabVIEW_Fpga\05_MicroBlaze_Mcs\02_MicroBlaze_Mcs_IO_Bus\MicroBlaze_Mcs_IO_Bus\MicroBlaze_Mcs_IO_Bus.srcs\sources_1\bd\d_mcs\ip\d_mcs_microblaze_mcs_0_0\d_mcs_microblaze_mcs_0_0.bmm into \d_mcs_microblaze_mcs_0_0_hw_platform_0\d_mcs_microblaze_mcs_0_0.bmm.
08:10:01 INFO  : Synchronizing projects in the workspace with the hardware platform specification changes.
08:10:03 INFO  : 
08:10:05 INFO  : Updating hardware inferred compiler options for iobus_intc_test.
08:10:05 INFO  : Clearing existing target manager status.
08:10:05 INFO  : Closing and re-opening the MSS file of ther project iobus_intc_test_bsp
08:10:05 INFO  : Closing and re-opening the MSS file of ther project iobus_intc_test_bsp
08:10:05 INFO  : Workspace synchronized with the new hardware specification file. Cleaning dependent projects...
08:10:06 WARN  : Linker script will not be updated automatically. Users need to update it manually.
08:53:01 INFO  : Project d_mcs_microblaze_mcs_0_0_hw_platform_0's source hardware specification located at G:\work\git\LabVIEW_Fpga\05_MicroBlaze_Mcs\02_MicroBlaze_Mcs_IO_Bus\MicroBlaze_Mcs_IO_Bus\MicroBlaze_Mcs_IO_Bus.srcs\sources_1\bd\d_mcs\ip\d_mcs_microblaze_mcs_0_0\d_mcs_microblaze_mcs_0_0_sdk.xml is now different from the local copy.
		 The local copy will be replaced with the source specification and your workspace will be updated.
08:53:39 INFO  : Copied contents of G:\work\git\LabVIEW_Fpga\05_MicroBlaze_Mcs\02_MicroBlaze_Mcs_IO_Bus\MicroBlaze_Mcs_IO_Bus\MicroBlaze_Mcs_IO_Bus.srcs\sources_1\bd\d_mcs\ip\d_mcs_microblaze_mcs_0_0\d_mcs_microblaze_mcs_0_0_sdk.xml into \d_mcs_microblaze_mcs_0_0_hw_platform_0\system.xml.
08:53:40 INFO  : Copied contents of G:\work\git\LabVIEW_Fpga\05_MicroBlaze_Mcs\02_MicroBlaze_Mcs_IO_Bus\MicroBlaze_Mcs_IO_Bus\MicroBlaze_Mcs_IO_Bus.srcs\sources_1\bd\d_mcs\ip\d_mcs_microblaze_mcs_0_0\d_mcs_microblaze_mcs_0_0.bmm into \d_mcs_microblaze_mcs_0_0_hw_platform_0\d_mcs_microblaze_mcs_0_0.bmm.
08:53:40 INFO  : Synchronizing projects in the workspace with the hardware platform specification changes.
08:53:42 INFO  : 
08:53:44 INFO  : Updating hardware inferred compiler options for iobus_intc_test.
08:53:44 INFO  : Clearing existing target manager status.
08:53:44 INFO  : Closing and re-opening the MSS file of ther project iobus_intc_test_bsp
08:53:44 INFO  : Closing and re-opening the MSS file of ther project iobus_intc_test_bsp
08:53:44 INFO  : Workspace synchronized with the new hardware specification file. Cleaning dependent projects...
08:53:45 WARN  : Linker script will not be updated automatically. Users need to update it manually.
14:53:08 ERROR : Unexpected error while parsing XMD response ?: com.google.gson.JsonSyntaxException: com.google.gson.stream.MalformedJsonException: invalid number or unquoted string near 
22:15:17 INFO  : Launching XSDB server: xsdb.bat C:/Xilinx/SDK/2015.4/scripts/xsdb/xsdb/xsdb-server.tcl
22:15:19 INFO  : XSDB server has started successfully.
05:14:36 INFO  : No changes in MSS file content so not generating sources.
05:18:57 INFO  : Project 'd_mcs_microblaze_mcs_0_0_hw_platform_0' created. You can now create BSPs and application projects targeting this hardware platform.
05:27:03 INFO  : Launching XSDB server: xsdb.bat C:/Xilinx/SDK/2015.4/scripts/xsdb/xsdb/xsdb-server.tcl
05:27:04 INFO  : XSDB server has started successfully.
22:15:43 INFO  : Launching XSDB server: xsdb.bat C:/Xilinx/SDK/2015.4/scripts/xsdb/xsdb/xsdb-server.tcl
22:15:44 INFO  : XSDB server has started successfully.
15:10:19 INFO  : Launching XSDB server: xsdb.bat C:/Xilinx/SDK/2015.4/scripts/xsdb/xsdb/xsdb-server.tcl
15:10:21 INFO  : XSDB server has started successfully.
12:58:37 INFO  : Launching XSDB server: xsdb.bat C:/Xilinx/SDK/2015.4/scripts/xsdb/xsdb/xsdb-server.tcl
12:58:39 INFO  : XSDB server has started successfully.
16:04:25 INFO  : Inferring section assignments and sizes from elf file: Z:\work\git\LabVIEW_Fpga\05_MicroBlaze_Mcs\02_MicroBlaze_Mcs_IO_Bus\MicroBlaze_Mcs_IO_Bus\MicroBlaze_Mcs_IO_Bus.sdk\iobus_intc_test\Debug\iobus_intc_test.elf
16:05:04 INFO  : Successfully generated Z:\work\git\LabVIEW_Fpga\05_MicroBlaze_Mcs\02_MicroBlaze_Mcs_IO_Bus\MicroBlaze_Mcs_IO_Bus\MicroBlaze_Mcs_IO_Bus.sdk\iobus_intc_test\src\lscript.ld.
16:05:04 INFO  : Applying linker script to all configurations of project iobus_intc_test.
16:05:04 INFO  : Setting rebuild state to true for all configurations of project iobus_intc_test.
10:45:33 INFO  : Launching XSDB server: xsdb.bat C:/Xilinx/SDK/2015.4/scripts/xsdb/xsdb/xsdb-server.tcl
10:45:35 INFO  : XSDB server has started successfully.
