05:32:28 INFO  : Launching XSDB server: xsdb.bat C:/Xilinx/SDK/2015.4/scripts/xsdb/xsdb/xsdb-server.tcl
05:32:30 INFO  : XSDB server has started successfully.
17:55:29 INFO  : Launching XSDB server: xsdb.bat C:/Xilinx/SDK/2015.4/scripts/xsdb/xsdb/xsdb-server.tcl
17:55:31 INFO  : XSDB server has started successfully.
10:09:25 INFO  : Launching XSDB server: xsdb.bat C:/Xilinx/SDK/2015.4/scripts/xsdb/xsdb/xsdb-server.tcl
10:09:26 INFO  : XSDB server has started successfully.
10:10:07 INFO  : Project 'd_microblaze_wrapper_hw_platform_0' created. You can now create BSPs and application projects targeting this hardware platform.
06:46:19 INFO  : Launching XSDB server: xsdb.bat C:/Xilinx/SDK/2015.4/scripts/xsdb/xsdb/xsdb-server.tcl
06:46:21 INFO  : XSDB server has started successfully.
06:46:27 INFO  : SDK has detected change in the last modified timestamps for source hardware specification file Source:1508928002234,  Project:1507713213217
06:46:27 INFO  : Project d_microblaze_wrapper_hw_platform_0's source hardware specification located at Z:\work\git\LabVIEW_Fpga\06_MicroBlaze\04_MicroBlaze_lwIP\MicroBlaze_lwIP\MicroBlaze_lwIP.sdk\d_microblaze_wrapper.hdf is now different from the local copy.
		 The local copy will be replaced with the source specification and your workspace will be updated.
06:46:29 INFO  : Copied contents of Z:\work\git\LabVIEW_Fpga\06_MicroBlaze\04_MicroBlaze_lwIP\MicroBlaze_lwIP\MicroBlaze_lwIP.sdk\d_microblaze_wrapper.hdf into \d_microblaze_wrapper_hw_platform_0\system.hdf.
06:46:30 INFO  : Synchronizing projects in the workspace with the hardware platform specification changes.
06:46:49 INFO  : 
06:46:50 INFO  : Updating hardware inferred compiler options for lwip_test1.
06:46:50 INFO  : Clearing existing target manager status.
06:46:51 INFO  : Workspace synchronized with the new hardware specification file. Cleaning dependent projects...
06:46:53 WARN  : Linker script will not be updated automatically. Users need to update it manually.
06:34:03 ERROR : Unexpected error while parsing XMD response ?: com.google.gson.JsonSyntaxException: com.google.gson.stream.MalformedJsonException: invalid number or unquoted string near 
