08:45:17 INFO  : Launching XSDB server: xsdb.bat C:/Xilinx/SDK/2015.4/scripts/xsdb/xsdb/xsdb-server.tcl
08:45:19 INFO  : XSDB server has started successfully.
08:46:40 INFO  : Project 'd_microblaze_wrapper_hw_platform_0' created. You can now create BSPs and application projects targeting this hardware platform.
02:12:31 INFO  : Launching XSDB server: xsdb.bat C:/Xilinx/SDK/2015.4/scripts/xsdb/xsdb/xsdb-server.tcl
02:12:33 INFO  : XSDB server has started successfully.
05:31:14 INFO  : Launching XSDB server: xsdb.bat C:/Xilinx/SDK/2015.4/scripts/xsdb/xsdb/xsdb-server.tcl
05:31:16 INFO  : XSDB server has started successfully.
05:31:53 INFO  : Project 'd_microblaze_wrapper_hw_platform_0' created. You can now create BSPs and application projects targeting this hardware platform.
11:59:21 INFO  : Launching XSDB server: xsdb.bat C:/Xilinx/SDK/2015.4/scripts/xsdb/xsdb/xsdb-server.tcl
11:59:22 INFO  : XSDB server has started successfully.
12:00:22 INFO  : Project 'd_microblaze_wrapper_hw_platform_0' created. You can now create BSPs and application projects targeting this hardware platform.
20:15:54 INFO  : SDK has detected change in the last modified timestamps for source hardware specification file Source:1500941754013,  Project:1500911900126
20:15:54 INFO  : Project d_microblaze_wrapper_hw_platform_0's source hardware specification located at Z:\work\git\LabVIEW_Fpga\06_MicroBlaze\02_MicroBlaze_Interrupt\MicroBlaze_Interrupt\MicroBlaze_Interrupt.sdk\d_microblaze_wrapper.hdf is now different from the local copy.
		 The local copy will be replaced with the source specification and your workspace will be updated.
20:16:20 INFO  : Copied contents of Z:\work\git\LabVIEW_Fpga\06_MicroBlaze\02_MicroBlaze_Interrupt\MicroBlaze_Interrupt\MicroBlaze_Interrupt.sdk\d_microblaze_wrapper.hdf into \d_microblaze_wrapper_hw_platform_0\system.hdf.
20:16:20 INFO  : Synchronizing projects in the workspace with the hardware platform specification changes.
20:16:40 INFO  : 
20:16:42 INFO  : Updating hardware inferred compiler options for intc_test.
20:16:42 INFO  : Updating hardware inferred compiler options for intc_test2.
20:16:42 INFO  : Clearing existing target manager status.
20:16:44 INFO  : Closing and re-opening the MSS file of ther project standalone_bsp_0
20:16:44 INFO  : Workspace synchronized with the new hardware specification file. Cleaning dependent projects...
20:16:45 WARN  : Linker script will not be updated automatically. Users need to update it manually.
22:07:25 INFO  : SDK has detected change in the last modified timestamps for source hardware specification file Source:1500948441715,  Project:1500941754013
22:07:25 INFO  : Project d_microblaze_wrapper_hw_platform_0's source hardware specification located at Z:\work\git\LabVIEW_Fpga\06_MicroBlaze\02_MicroBlaze_Interrupt\MicroBlaze_Interrupt\MicroBlaze_Interrupt.sdk\d_microblaze_wrapper.hdf is now different from the local copy.
		 The local copy will be replaced with the source specification and your workspace will be updated.
22:07:27 INFO  : Copied contents of Z:\work\git\LabVIEW_Fpga\06_MicroBlaze\02_MicroBlaze_Interrupt\MicroBlaze_Interrupt\MicroBlaze_Interrupt.sdk\d_microblaze_wrapper.hdf into \d_microblaze_wrapper_hw_platform_0\system.hdf.
22:07:28 INFO  : Synchronizing projects in the workspace with the hardware platform specification changes.
22:07:47 INFO  : 
22:07:48 INFO  : Updating hardware inferred compiler options for intc_test2.
22:07:52 INFO  : Clearing existing target manager status.
22:07:52 INFO  : Closing and re-opening the MSS file of ther project standalone_bsp_0
22:07:52 INFO  : Closing and re-opening the MSS file of ther project standalone_bsp_0
22:07:52 INFO  : Workspace synchronized with the new hardware specification file. Cleaning dependent projects...
22:08:03 WARN  : Linker script will not be updated automatically. Users need to update it manually.
15:10:09 ERROR : Unexpected error while parsing XMD response ?: com.google.gson.JsonSyntaxException: com.google.gson.stream.MalformedJsonException: invalid number or unquoted string near 
07:59:53 INFO  : Launching XSDB server: xsdb.bat C:/Xilinx/SDK/2015.4/scripts/xsdb/xsdb/xsdb-server.tcl
07:59:54 INFO  : XSDB server has started successfully.
08:00:45 INFO  : Launching XSDB server: xsdb.bat C:/Xilinx/SDK/2015.4/scripts/xsdb/xsdb/xsdb-server.tcl
08:00:46 INFO  : XSDB server has started successfully.
