INFO: [VRFC 10-2263] Analyzing Verilog file "Z:/work/git/LabVIEW_Fpga/06_MicroBlaze/04_MicroBlaze_lwIP/MicroBlaze_lwIP/MicroBlaze_lwIP.ip_user_files/bd/d_microblaze/ip/d_microblaze_clk_wiz_1_0/d_microblaze_clk_wiz_1_0_clk_wiz.v" into library xil_defaultlib
INFO: [VRFC 10-311] analyzing module d_microblaze_clk_wiz_1_0_clk_wiz
INFO: [VRFC 10-2458] undeclared symbol clk_in1_d_microblaze_clk_wiz_1_0, assumed default net type wire [Z:/work/git/LabVIEW_Fpga/06_MicroBlaze/04_MicroBlaze_lwIP/MicroBlaze_lwIP/MicroBlaze_lwIP.ip_user_files/bd/d_microblaze/ip/d_microblaze_clk_wiz_1_0/d_microblaze_clk_wiz_1_0_clk_wiz.v:77]
INFO: [VRFC 10-2458] undeclared symbol clk_out1_d_microblaze_clk_wiz_1_0, assumed default net type wire [Z:/work/git/LabVIEW_Fpga/06_MicroBlaze/04_MicroBlaze_lwIP/MicroBlaze_lwIP/MicroBlaze_lwIP.ip_user_files/bd/d_microblaze/ip/d_microblaze_clk_wiz_1_0/d_microblaze_clk_wiz_1_0_clk_wiz.v:127]
INFO: [VRFC 10-2263] Analyzing Verilog file "Z:/work/git/LabVIEW_Fpga/06_MicroBlaze/04_MicroBlaze_lwIP/MicroBlaze_lwIP/MicroBlaze_lwIP.ip_user_files/bd/d_microblaze/ip/d_microblaze_clk_wiz_1_0/d_microblaze_clk_wiz_1_0.v" into library xil_defaultlib
INFO: [VRFC 10-311] analyzing module d_microblaze_clk_wiz_1_0
INFO: [VRFC 10-2263] Analyzing Verilog file "Z:/work/git/LabVIEW_Fpga/06_MicroBlaze/04_MicroBlaze_lwIP/MicroBlaze_lwIP/MicroBlaze_lwIP.ip_user_files/ipstatic/generic_baseblocks_v2_1/hdl/verilog/generic_baseblocks_v2_1_carry_and.v" into library generic_baseblocks_v2_1_0
INFO: [VRFC 10-311] analyzing module generic_baseblocks_v2_1_0_carry_and
INFO: [VRFC 10-2263] Analyzing Verilog file "Z:/work/git/LabVIEW_Fpga/06_MicroBlaze/04_MicroBlaze_lwIP/MicroBlaze_lwIP/MicroBlaze_lwIP.ip_user_files/ipstatic/generic_baseblocks_v2_1/hdl/verilog/generic_baseblocks_v2_1_carry_latch_and.v" into library generic_baseblocks_v2_1_0
INFO: [VRFC 10-311] analyzing module generic_baseblocks_v2_1_0_carry_latch_and
INFO: [VRFC 10-2263] Analyzing Verilog file "Z:/work/git/LabVIEW_Fpga/06_MicroBlaze/04_MicroBlaze_lwIP/MicroBlaze_lwIP/MicroBlaze_lwIP.ip_user_files/ipstatic/generic_baseblocks_v2_1/hdl/verilog/generic_baseblocks_v2_1_carry_latch_or.v" into library generic_baseblocks_v2_1_0
INFO: [VRFC 10-311] analyzing module generic_baseblocks_v2_1_0_carry_latch_or
INFO: [VRFC 10-2263] Analyzing Verilog file "Z:/work/git/LabVIEW_Fpga/06_MicroBlaze/04_MicroBlaze_lwIP/MicroBlaze_lwIP/MicroBlaze_lwIP.ip_user_files/ipstatic/generic_baseblocks_v2_1/hdl/verilog/generic_baseblocks_v2_1_carry_or.v" into library generic_baseblocks_v2_1_0
INFO: [VRFC 10-311] analyzing module generic_baseblocks_v2_1_0_carry_or
INFO: [VRFC 10-2263] Analyzing Verilog file "Z:/work/git/LabVIEW_Fpga/06_MicroBlaze/04_MicroBlaze_lwIP/MicroBlaze_lwIP/MicroBlaze_lwIP.ip_user_files/ipstatic/generic_baseblocks_v2_1/hdl/verilog/generic_baseblocks_v2_1_carry.v" into library generic_baseblocks_v2_1_0
INFO: [VRFC 10-311] analyzing module generic_baseblocks_v2_1_0_carry
INFO: [VRFC 10-2263] Analyzing Verilog file "Z:/work/git/LabVIEW_Fpga/06_MicroBlaze/04_MicroBlaze_lwIP/MicroBlaze_lwIP/MicroBlaze_lwIP.ip_user_files/ipstatic/generic_baseblocks_v2_1/hdl/verilog/generic_baseblocks_v2_1_command_fifo.v" into library generic_baseblocks_v2_1_0
INFO: [VRFC 10-311] analyzing module generic_baseblocks_v2_1_0_command_fifo
INFO: [VRFC 10-2263] Analyzing Verilog file "Z:/work/git/LabVIEW_Fpga/06_MicroBlaze/04_MicroBlaze_lwIP/MicroBlaze_lwIP/MicroBlaze_lwIP.ip_user_files/ipstatic/generic_baseblocks_v2_1/hdl/verilog/generic_baseblocks_v2_1_comparator_mask_static.v" into library generic_baseblocks_v2_1_0
INFO: [VRFC 10-311] analyzing module generic_baseblocks_v2_1_0_comparator_mask_static
INFO: [VRFC 10-2263] Analyzing Verilog file "Z:/work/git/LabVIEW_Fpga/06_MicroBlaze/04_MicroBlaze_lwIP/MicroBlaze_lwIP/MicroBlaze_lwIP.ip_user_files/ipstatic/generic_baseblocks_v2_1/hdl/verilog/generic_baseblocks_v2_1_comparator_mask.v" into library generic_baseblocks_v2_1_0
INFO: [VRFC 10-311] analyzing module generic_baseblocks_v2_1_0_comparator_mask
INFO: [VRFC 10-2263] Analyzing Verilog file "Z:/work/git/LabVIEW_Fpga/06_MicroBlaze/04_MicroBlaze_lwIP/MicroBlaze_lwIP/MicroBlaze_lwIP.ip_user_files/ipstatic/generic_baseblocks_v2_1/hdl/verilog/generic_baseblocks_v2_1_comparator_sel_mask_static.v" into library generic_baseblocks_v2_1_0
INFO: [VRFC 10-311] analyzing module generic_baseblocks_v2_1_0_comparator_sel_mask_static
INFO: [VRFC 10-2263] Analyzing Verilog file "Z:/work/git/LabVIEW_Fpga/06_MicroBlaze/04_MicroBlaze_lwIP/MicroBlaze_lwIP/MicroBlaze_lwIP.ip_user_files/ipstatic/generic_baseblocks_v2_1/hdl/verilog/generic_baseblocks_v2_1_comparator_sel_mask.v" into library generic_baseblocks_v2_1_0
INFO: [VRFC 10-311] analyzing module generic_baseblocks_v2_1_0_comparator_sel_mask
INFO: [VRFC 10-2263] Analyzing Verilog file "Z:/work/git/LabVIEW_Fpga/06_MicroBlaze/04_MicroBlaze_lwIP/MicroBlaze_lwIP/MicroBlaze_lwIP.ip_user_files/ipstatic/generic_baseblocks_v2_1/hdl/verilog/generic_baseblocks_v2_1_comparator_sel_static.v" into library generic_baseblocks_v2_1_0
INFO: [VRFC 10-311] analyzing module generic_baseblocks_v2_1_0_comparator_sel_static
INFO: [VRFC 10-2263] Analyzing Verilog file "Z:/work/git/LabVIEW_Fpga/06_MicroBlaze/04_MicroBlaze_lwIP/MicroBlaze_lwIP/MicroBlaze_lwIP.ip_user_files/ipstatic/generic_baseblocks_v2_1/hdl/verilog/generic_baseblocks_v2_1_comparator_sel.v" into library generic_baseblocks_v2_1_0
INFO: [VRFC 10-311] analyzing module generic_baseblocks_v2_1_0_comparator_sel
INFO: [VRFC 10-2263] Analyzing Verilog file "Z:/work/git/LabVIEW_Fpga/06_MicroBlaze/04_MicroBlaze_lwIP/MicroBlaze_lwIP/MicroBlaze_lwIP.ip_user_files/ipstatic/generic_baseblocks_v2_1/hdl/verilog/generic_baseblocks_v2_1_comparator_static.v" into library generic_baseblocks_v2_1_0
INFO: [VRFC 10-311] analyzing module generic_baseblocks_v2_1_0_comparator_static
INFO: [VRFC 10-2263] Analyzing Verilog file "Z:/work/git/LabVIEW_Fpga/06_MicroBlaze/04_MicroBlaze_lwIP/MicroBlaze_lwIP/MicroBlaze_lwIP.ip_user_files/ipstatic/generic_baseblocks_v2_1/hdl/verilog/generic_baseblocks_v2_1_comparator.v" into library generic_baseblocks_v2_1_0
INFO: [VRFC 10-311] analyzing module generic_baseblocks_v2_1_0_comparator
INFO: [VRFC 10-2263] Analyzing Verilog file "Z:/work/git/LabVIEW_Fpga/06_MicroBlaze/04_MicroBlaze_lwIP/MicroBlaze_lwIP/MicroBlaze_lwIP.ip_user_files/ipstatic/generic_baseblocks_v2_1/hdl/verilog/generic_baseblocks_v2_1_mux_enc.v" into library generic_baseblocks_v2_1_0
INFO: [VRFC 10-311] analyzing module generic_baseblocks_v2_1_0_mux_enc
INFO: [VRFC 10-2263] Analyzing Verilog file "Z:/work/git/LabVIEW_Fpga/06_MicroBlaze/04_MicroBlaze_lwIP/MicroBlaze_lwIP/MicroBlaze_lwIP.ip_user_files/ipstatic/generic_baseblocks_v2_1/hdl/verilog/generic_baseblocks_v2_1_mux.v" into library generic_baseblocks_v2_1_0
INFO: [VRFC 10-311] analyzing module generic_baseblocks_v2_1_0_mux
INFO: [VRFC 10-2263] Analyzing Verilog file "Z:/work/git/LabVIEW_Fpga/06_MicroBlaze/04_MicroBlaze_lwIP/MicroBlaze_lwIP/MicroBlaze_lwIP.ip_user_files/ipstatic/generic_baseblocks_v2_1/hdl/verilog/generic_baseblocks_v2_1_nto1_mux.v" into library generic_baseblocks_v2_1_0
INFO: [VRFC 10-311] analyzing module generic_baseblocks_v2_1_0_nto1_mux
INFO: [VRFC 10-2263] Analyzing Verilog file "Z:/work/git/LabVIEW_Fpga/06_MicroBlaze/04_MicroBlaze_lwIP/MicroBlaze_lwIP/MicroBlaze_lwIP.ip_user_files/ipstatic/axi_infrastructure_v1_1/hdl/verilog/axi_infrastructure_v1_1_axi2vector.v" into library axi_infrastructure_v1_1_0
INFO: [VRFC 10-311] analyzing module axi_infrastructure_v1_1_0_axi2vector
INFO: [VRFC 10-2263] Analyzing Verilog file "Z:/work/git/LabVIEW_Fpga/06_MicroBlaze/04_MicroBlaze_lwIP/MicroBlaze_lwIP/MicroBlaze_lwIP.ip_user_files/ipstatic/axi_infrastructure_v1_1/hdl/verilog/axi_infrastructure_v1_1_axic_srl_fifo.v" into library axi_infrastructure_v1_1_0
INFO: [VRFC 10-311] analyzing module axi_infrastructure_v1_1_0_axic_srl_fifo
INFO: [VRFC 10-2263] Analyzing Verilog file "Z:/work/git/LabVIEW_Fpga/06_MicroBlaze/04_MicroBlaze_lwIP/MicroBlaze_lwIP/MicroBlaze_lwIP.ip_user_files/ipstatic/axi_infrastructure_v1_1/hdl/verilog/axi_infrastructure_v1_1_vector2axi.v" into library axi_infrastructure_v1_1_0
INFO: [VRFC 10-311] analyzing module axi_infrastructure_v1_1_0_vector2axi
INFO: [VRFC 10-2263] Analyzing Verilog file "Z:/work/git/LabVIEW_Fpga/06_MicroBlaze/04_MicroBlaze_lwIP/MicroBlaze_lwIP/MicroBlaze_lwIP.ip_user_files/ipstatic/axi_register_slice_v2_1/hdl/verilog/axi_register_slice_v2_1_axic_register_slice.v" into library axi_register_slice_v2_1_7
INFO: [VRFC 10-311] analyzing module axi_register_slice_v2_1_7_axic_register_slice
INFO: [VRFC 10-2263] Analyzing Verilog file "Z:/work/git/LabVIEW_Fpga/06_MicroBlaze/04_MicroBlaze_lwIP/MicroBlaze_lwIP/MicroBlaze_lwIP.ip_user_files/ipstatic/axi_register_slice_v2_1/hdl/verilog/axi_register_slice_v2_1_axi_register_slice.v" into library axi_register_slice_v2_1_7
INFO: [VRFC 10-311] analyzing module axi_register_slice_v2_1_7_axi_register_slice
INFO: [VRFC 10-2263] Analyzing Verilog file "Z:/work/git/LabVIEW_Fpga/06_MicroBlaze/04_MicroBlaze_lwIP/MicroBlaze_lwIP/MicroBlaze_lwIP.ip_user_files/ipstatic/axi_data_fifo_v2_1/hdl/verilog/axi_data_fifo_v2_1_axic_fifo.v" into library axi_data_fifo_v2_1_6
INFO: [VRFC 10-311] analyzing module axi_data_fifo_v2_1_6_axic_fifo
INFO: [VRFC 10-2263] Analyzing Verilog file "Z:/work/git/LabVIEW_Fpga/06_MicroBlaze/04_MicroBlaze_lwIP/MicroBlaze_lwIP/MicroBlaze_lwIP.ip_user_files/ipstatic/axi_data_fifo_v2_1/hdl/verilog/axi_data_fifo_v2_1_fifo_gen.v" into library axi_data_fifo_v2_1_6
INFO: [VRFC 10-311] analyzing module axi_data_fifo_v2_1_6_fifo_gen
INFO: [VRFC 10-2263] Analyzing Verilog file "Z:/work/git/LabVIEW_Fpga/06_MicroBlaze/04_MicroBlaze_lwIP/MicroBlaze_lwIP/MicroBlaze_lwIP.ip_user_files/ipstatic/axi_data_fifo_v2_1/hdl/verilog/axi_data_fifo_v2_1_axic_srl_fifo.v" into library axi_data_fifo_v2_1_6
INFO: [VRFC 10-311] analyzing module axi_data_fifo_v2_1_6_axic_srl_fifo
INFO: [VRFC 10-2263] Analyzing Verilog file "Z:/work/git/LabVIEW_Fpga/06_MicroBlaze/04_MicroBlaze_lwIP/MicroBlaze_lwIP/MicroBlaze_lwIP.ip_user_files/ipstatic/axi_data_fifo_v2_1/hdl/verilog/axi_data_fifo_v2_1_axic_reg_srl_fifo.v" into library axi_data_fifo_v2_1_6
INFO: [VRFC 10-311] analyzing module axi_data_fifo_v2_1_6_axic_reg_srl_fifo
INFO: [VRFC 10-2263] Analyzing Verilog file "Z:/work/git/LabVIEW_Fpga/06_MicroBlaze/04_MicroBlaze_lwIP/MicroBlaze_lwIP/MicroBlaze_lwIP.ip_user_files/ipstatic/axi_data_fifo_v2_1/hdl/verilog/axi_data_fifo_v2_1_ndeep_srl.v" into library axi_data_fifo_v2_1_6
INFO: [VRFC 10-311] analyzing module axi_data_fifo_v2_1_6_ndeep_srl
INFO: [VRFC 10-2263] Analyzing Verilog file "Z:/work/git/LabVIEW_Fpga/06_MicroBlaze/04_MicroBlaze_lwIP/MicroBlaze_lwIP/MicroBlaze_lwIP.ip_user_files/ipstatic/axi_data_fifo_v2_1/hdl/verilog/axi_data_fifo_v2_1_axi_data_fifo.v" into library axi_data_fifo_v2_1_6
INFO: [VRFC 10-311] analyzing module axi_data_fifo_v2_1_6_axi_data_fifo
INFO: [VRFC 10-2263] Analyzing Verilog file "Z:/work/git/LabVIEW_Fpga/06_MicroBlaze/04_MicroBlaze_lwIP/MicroBlaze_lwIP/MicroBlaze_lwIP.ip_user_files/ipstatic/axi_crossbar_v2_1/hdl/verilog/axi_crossbar_v2_1_addr_arbiter_sasd.v" into library axi_crossbar_v2_1_8
INFO: [VRFC 10-311] analyzing module axi_crossbar_v2_1_8_addr_arbiter_sasd
INFO: [VRFC 10-2263] Analyzing Verilog file "Z:/work/git/LabVIEW_Fpga/06_MicroBlaze/04_MicroBlaze_lwIP/MicroBlaze_lwIP/MicroBlaze_lwIP.ip_user_files/ipstatic/axi_crossbar_v2_1/hdl/verilog/axi_crossbar_v2_1_addr_arbiter.v" into library axi_crossbar_v2_1_8
INFO: [VRFC 10-311] analyzing module axi_crossbar_v2_1_8_addr_arbiter
INFO: [VRFC 10-2263] Analyzing Verilog file "Z:/work/git/LabVIEW_Fpga/06_MicroBlaze/04_MicroBlaze_lwIP/MicroBlaze_lwIP/MicroBlaze_lwIP.ip_user_files/ipstatic/axi_crossbar_v2_1/hdl/verilog/axi_crossbar_v2_1_addr_decoder.v" into library axi_crossbar_v2_1_8
INFO: [VRFC 10-311] analyzing module axi_crossbar_v2_1_8_addr_decoder
INFO: [VRFC 10-2263] Analyzing Verilog file "Z:/work/git/LabVIEW_Fpga/06_MicroBlaze/04_MicroBlaze_lwIP/MicroBlaze_lwIP/MicroBlaze_lwIP.ip_user_files/ipstatic/axi_crossbar_v2_1/hdl/verilog/axi_crossbar_v2_1_arbiter_resp.v" into library axi_crossbar_v2_1_8
INFO: [VRFC 10-311] analyzing module axi_crossbar_v2_1_8_arbiter_resp
INFO: [VRFC 10-2263] Analyzing Verilog file "Z:/work/git/LabVIEW_Fpga/06_MicroBlaze/04_MicroBlaze_lwIP/MicroBlaze_lwIP/MicroBlaze_lwIP.ip_user_files/ipstatic/axi_crossbar_v2_1/hdl/verilog/axi_crossbar_v2_1_crossbar_sasd.v" into library axi_crossbar_v2_1_8
INFO: [VRFC 10-311] analyzing module axi_crossbar_v2_1_8_crossbar_sasd
INFO: [VRFC 10-2263] Analyzing Verilog file "Z:/work/git/LabVIEW_Fpga/06_MicroBlaze/04_MicroBlaze_lwIP/MicroBlaze_lwIP/MicroBlaze_lwIP.ip_user_files/ipstatic/axi_crossbar_v2_1/hdl/verilog/axi_crossbar_v2_1_crossbar.v" into library axi_crossbar_v2_1_8
INFO: [VRFC 10-311] analyzing module axi_crossbar_v2_1_8_crossbar
INFO: [VRFC 10-2263] Analyzing Verilog file "Z:/work/git/LabVIEW_Fpga/06_MicroBlaze/04_MicroBlaze_lwIP/MicroBlaze_lwIP/MicroBlaze_lwIP.ip_user_files/ipstatic/axi_crossbar_v2_1/hdl/verilog/axi_crossbar_v2_1_decerr_slave.v" into library axi_crossbar_v2_1_8
INFO: [VRFC 10-311] analyzing module axi_crossbar_v2_1_8_decerr_slave
INFO: [VRFC 10-2263] Analyzing Verilog file "Z:/work/git/LabVIEW_Fpga/06_MicroBlaze/04_MicroBlaze_lwIP/MicroBlaze_lwIP/MicroBlaze_lwIP.ip_user_files/ipstatic/axi_crossbar_v2_1/hdl/verilog/axi_crossbar_v2_1_si_transactor.v" into library axi_crossbar_v2_1_8
INFO: [VRFC 10-311] analyzing module axi_crossbar_v2_1_8_si_transactor
INFO: [VRFC 10-2263] Analyzing Verilog file "Z:/work/git/LabVIEW_Fpga/06_MicroBlaze/04_MicroBlaze_lwIP/MicroBlaze_lwIP/MicroBlaze_lwIP.ip_user_files/ipstatic/axi_crossbar_v2_1/hdl/verilog/axi_crossbar_v2_1_splitter.v" into library axi_crossbar_v2_1_8
INFO: [VRFC 10-311] analyzing module axi_crossbar_v2_1_8_splitter
INFO: [VRFC 10-2263] Analyzing Verilog file "Z:/work/git/LabVIEW_Fpga/06_MicroBlaze/04_MicroBlaze_lwIP/MicroBlaze_lwIP/MicroBlaze_lwIP.ip_user_files/ipstatic/axi_crossbar_v2_1/hdl/verilog/axi_crossbar_v2_1_wdata_mux.v" into library axi_crossbar_v2_1_8
INFO: [VRFC 10-311] analyzing module axi_crossbar_v2_1_8_wdata_mux
INFO: [VRFC 10-2263] Analyzing Verilog file "Z:/work/git/LabVIEW_Fpga/06_MicroBlaze/04_MicroBlaze_lwIP/MicroBlaze_lwIP/MicroBlaze_lwIP.ip_user_files/ipstatic/axi_crossbar_v2_1/hdl/verilog/axi_crossbar_v2_1_wdata_router.v" into library axi_crossbar_v2_1_8
INFO: [VRFC 10-311] analyzing module axi_crossbar_v2_1_8_wdata_router
INFO: [VRFC 10-2263] Analyzing Verilog file "Z:/work/git/LabVIEW_Fpga/06_MicroBlaze/04_MicroBlaze_lwIP/MicroBlaze_lwIP/MicroBlaze_lwIP.ip_user_files/ipstatic/axi_crossbar_v2_1/hdl/verilog/axi_crossbar_v2_1_axi_crossbar.v" into library axi_crossbar_v2_1_8
INFO: [VRFC 10-311] analyzing module axi_crossbar_v2_1_8_axi_crossbar
INFO: [VRFC 10-2263] Analyzing Verilog file "Z:/work/git/LabVIEW_Fpga/06_MicroBlaze/04_MicroBlaze_lwIP/MicroBlaze_lwIP/MicroBlaze_lwIP.ip_user_files/bd/d_microblaze/ip/d_microblaze_xbar_0/sim/d_microblaze_xbar_0.v" into library xil_defaultlib
INFO: [VRFC 10-311] analyzing module d_microblaze_xbar_0
INFO: [VRFC 10-2263] Analyzing Verilog file "Z:/work/git/LabVIEW_Fpga/06_MicroBlaze/04_MicroBlaze_lwIP/MicroBlaze_lwIP/MicroBlaze_lwIP.ip_user_files/ipstatic/axi_protocol_converter_v2_1/hdl/verilog/axi_protocol_converter_v2_1_a_axi3_conv.v" into library axi_protocol_converter_v2_1_7
INFO: [VRFC 10-311] analyzing module axi_protocol_converter_v2_1_7_a_axi3_conv
INFO: [VRFC 10-2263] Analyzing Verilog file "Z:/work/git/LabVIEW_Fpga/06_MicroBlaze/04_MicroBlaze_lwIP/MicroBlaze_lwIP/MicroBlaze_lwIP.ip_user_files/ipstatic/axi_protocol_converter_v2_1/hdl/verilog/axi_protocol_converter_v2_1_axi3_conv.v" into library axi_protocol_converter_v2_1_7
INFO: [VRFC 10-311] analyzing module axi_protocol_converter_v2_1_7_axi3_conv
INFO: [VRFC 10-2263] Analyzing Verilog file "Z:/work/git/LabVIEW_Fpga/06_MicroBlaze/04_MicroBlaze_lwIP/MicroBlaze_lwIP/MicroBlaze_lwIP.ip_user_files/ipstatic/axi_protocol_converter_v2_1/hdl/verilog/axi_protocol_converter_v2_1_axilite_conv.v" into library axi_protocol_converter_v2_1_7
INFO: [VRFC 10-311] analyzing module axi_protocol_converter_v2_1_7_axilite_conv
INFO: [VRFC 10-2263] Analyzing Verilog file "Z:/work/git/LabVIEW_Fpga/06_MicroBlaze/04_MicroBlaze_lwIP/MicroBlaze_lwIP/MicroBlaze_lwIP.ip_user_files/ipstatic/axi_protocol_converter_v2_1/hdl/verilog/axi_protocol_converter_v2_1_r_axi3_conv.v" into library axi_protocol_converter_v2_1_7
INFO: [VRFC 10-311] analyzing module axi_protocol_converter_v2_1_7_r_axi3_conv
INFO: [VRFC 10-2263] Analyzing Verilog file "Z:/work/git/LabVIEW_Fpga/06_MicroBlaze/04_MicroBlaze_lwIP/MicroBlaze_lwIP/MicroBlaze_lwIP.ip_user_files/ipstatic/axi_protocol_converter_v2_1/hdl/verilog/axi_protocol_converter_v2_1_w_axi3_conv.v" into library axi_protocol_converter_v2_1_7
INFO: [VRFC 10-311] analyzing module axi_protocol_converter_v2_1_7_w_axi3_conv
INFO: [VRFC 10-2263] Analyzing Verilog file "Z:/work/git/LabVIEW_Fpga/06_MicroBlaze/04_MicroBlaze_lwIP/MicroBlaze_lwIP/MicroBlaze_lwIP.ip_user_files/ipstatic/axi_protocol_converter_v2_1/hdl/verilog/axi_protocol_converter_v2_1_b_downsizer.v" into library axi_protocol_converter_v2_1_7
INFO: [VRFC 10-311] analyzing module axi_protocol_converter_v2_1_7_b_downsizer
INFO: [VRFC 10-2263] Analyzing Verilog file "Z:/work/git/LabVIEW_Fpga/06_MicroBlaze/04_MicroBlaze_lwIP/MicroBlaze_lwIP/MicroBlaze_lwIP.ip_user_files/ipstatic/axi_protocol_converter_v2_1/hdl/verilog/axi_protocol_converter_v2_1_decerr_slave.v" into library axi_protocol_converter_v2_1_7
INFO: [VRFC 10-311] analyzing module axi_protocol_converter_v2_1_7_decerr_slave
INFO: [VRFC 10-2263] Analyzing Verilog file "Z:/work/git/LabVIEW_Fpga/06_MicroBlaze/04_MicroBlaze_lwIP/MicroBlaze_lwIP/MicroBlaze_lwIP.ip_user_files/ipstatic/axi_protocol_converter_v2_1/hdl/verilog/axi_protocol_converter_v2_1_b2s_simple_fifo.v" into library axi_protocol_converter_v2_1_7
INFO: [VRFC 10-311] analyzing module axi_protocol_converter_v2_1_7_b2s_simple_fifo
INFO: [VRFC 10-2263] Analyzing Verilog file "Z:/work/git/LabVIEW_Fpga/06_MicroBlaze/04_MicroBlaze_lwIP/MicroBlaze_lwIP/MicroBlaze_lwIP.ip_user_files/ipstatic/axi_protocol_converter_v2_1/hdl/verilog/axi_protocol_converter_v2_1_b2s_wrap_cmd.v" into library axi_protocol_converter_v2_1_7
INFO: [VRFC 10-311] analyzing module axi_protocol_converter_v2_1_7_b2s_wrap_cmd
INFO: [VRFC 10-2263] Analyzing Verilog file "Z:/work/git/LabVIEW_Fpga/06_MicroBlaze/04_MicroBlaze_lwIP/MicroBlaze_lwIP/MicroBlaze_lwIP.ip_user_files/ipstatic/axi_protocol_converter_v2_1/hdl/verilog/axi_protocol_converter_v2_1_b2s_incr_cmd.v" into library axi_protocol_converter_v2_1_7
INFO: [VRFC 10-311] analyzing module axi_protocol_converter_v2_1_7_b2s_incr_cmd
INFO: [VRFC 10-2263] Analyzing Verilog file "Z:/work/git/LabVIEW_Fpga/06_MicroBlaze/04_MicroBlaze_lwIP/MicroBlaze_lwIP/MicroBlaze_lwIP.ip_user_files/ipstatic/axi_protocol_converter_v2_1/hdl/verilog/axi_protocol_converter_v2_1_b2s_wr_cmd_fsm.v" into library axi_protocol_converter_v2_1_7
INFO: [VRFC 10-311] analyzing module axi_protocol_converter_v2_1_7_b2s_wr_cmd_fsm
INFO: [VRFC 10-2263] Analyzing Verilog file "Z:/work/git/LabVIEW_Fpga/06_MicroBlaze/04_MicroBlaze_lwIP/MicroBlaze_lwIP/MicroBlaze_lwIP.ip_user_files/ipstatic/axi_protocol_converter_v2_1/hdl/verilog/axi_protocol_converter_v2_1_b2s_rd_cmd_fsm.v" into library axi_protocol_converter_v2_1_7
INFO: [VRFC 10-311] analyzing module axi_protocol_converter_v2_1_7_b2s_rd_cmd_fsm
INFO: [VRFC 10-2263] Analyzing Verilog file "Z:/work/git/LabVIEW_Fpga/06_MicroBlaze/04_MicroBlaze_lwIP/MicroBlaze_lwIP/MicroBlaze_lwIP.ip_user_files/ipstatic/axi_protocol_converter_v2_1/hdl/verilog/axi_protocol_converter_v2_1_b2s_cmd_translator.v" into library axi_protocol_converter_v2_1_7
INFO: [VRFC 10-311] analyzing module axi_protocol_converter_v2_1_7_b2s_cmd_translator
INFO: [VRFC 10-2263] Analyzing Verilog file "Z:/work/git/LabVIEW_Fpga/06_MicroBlaze/04_MicroBlaze_lwIP/MicroBlaze_lwIP/MicroBlaze_lwIP.ip_user_files/ipstatic/axi_protocol_converter_v2_1/hdl/verilog/axi_protocol_converter_v2_1_b2s_b_channel.v" into library axi_protocol_converter_v2_1_7
INFO: [VRFC 10-311] analyzing module axi_protocol_converter_v2_1_7_b2s_b_channel
INFO: [VRFC 10-2263] Analyzing Verilog file "Z:/work/git/LabVIEW_Fpga/06_MicroBlaze/04_MicroBlaze_lwIP/MicroBlaze_lwIP/MicroBlaze_lwIP.ip_user_files/ipstatic/axi_protocol_converter_v2_1/hdl/verilog/axi_protocol_converter_v2_1_b2s_r_channel.v" into library axi_protocol_converter_v2_1_7
INFO: [VRFC 10-311] analyzing module axi_protocol_converter_v2_1_7_b2s_r_channel
INFO: [VRFC 10-2263] Analyzing Verilog file "Z:/work/git/LabVIEW_Fpga/06_MicroBlaze/04_MicroBlaze_lwIP/MicroBlaze_lwIP/MicroBlaze_lwIP.ip_user_files/ipstatic/axi_protocol_converter_v2_1/hdl/verilog/axi_protocol_converter_v2_1_b2s_aw_channel.v" into library axi_protocol_converter_v2_1_7
INFO: [VRFC 10-311] analyzing module axi_protocol_converter_v2_1_7_b2s_aw_channel
INFO: [VRFC 10-2263] Analyzing Verilog file "Z:/work/git/LabVIEW_Fpga/06_MicroBlaze/04_MicroBlaze_lwIP/MicroBlaze_lwIP/MicroBlaze_lwIP.ip_user_files/ipstatic/axi_protocol_converter_v2_1/hdl/verilog/axi_protocol_converter_v2_1_b2s_ar_channel.v" into library axi_protocol_converter_v2_1_7
INFO: [VRFC 10-311] analyzing module axi_protocol_converter_v2_1_7_b2s_ar_channel
INFO: [VRFC 10-2263] Analyzing Verilog file "Z:/work/git/LabVIEW_Fpga/06_MicroBlaze/04_MicroBlaze_lwIP/MicroBlaze_lwIP/MicroBlaze_lwIP.ip_user_files/ipstatic/axi_protocol_converter_v2_1/hdl/verilog/axi_protocol_converter_v2_1_b2s.v" into library axi_protocol_converter_v2_1_7
INFO: [VRFC 10-311] analyzing module axi_protocol_converter_v2_1_7_b2s
INFO: [VRFC 10-2263] Analyzing Verilog file "Z:/work/git/LabVIEW_Fpga/06_MicroBlaze/04_MicroBlaze_lwIP/MicroBlaze_lwIP/MicroBlaze_lwIP.ip_user_files/ipstatic/axi_protocol_converter_v2_1/hdl/verilog/axi_protocol_converter_v2_1_axi_protocol_converter.v" into library axi_protocol_converter_v2_1_7
INFO: [VRFC 10-311] analyzing module axi_protocol_converter_v2_1_7_axi_protocol_converter
INFO: [VRFC 10-2263] Analyzing Verilog file "Z:/work/git/LabVIEW_Fpga/06_MicroBlaze/04_MicroBlaze_lwIP/MicroBlaze_lwIP/MicroBlaze_lwIP.ip_user_files/bd/d_microblaze/ip/d_microblaze_auto_pc_0/sim/d_microblaze_auto_pc_0.v" into library xil_defaultlib
INFO: [VRFC 10-311] analyzing module d_microblaze_auto_pc_0
INFO: [VRFC 10-2263] Analyzing Verilog file "Z:/work/git/LabVIEW_Fpga/06_MicroBlaze/04_MicroBlaze_lwIP/MicroBlaze_lwIP/MicroBlaze_lwIP.ip_user_files/bd/d_microblaze/ip/d_microblaze_auto_pc_1/sim/d_microblaze_auto_pc_1.v" into library xil_defaultlib
INFO: [VRFC 10-311] analyzing module d_microblaze_auto_pc_1
INFO: [VRFC 10-2263] Analyzing Verilog file "Z:/work/git/LabVIEW_Fpga/06_MicroBlaze/04_MicroBlaze_lwIP/MicroBlaze_lwIP/MicroBlaze_lwIP.ip_user_files/bd/d_microblaze/ip/d_microblaze_auto_pc_2/sim/d_microblaze_auto_pc_2.v" into library xil_defaultlib
INFO: [VRFC 10-311] analyzing module d_microblaze_auto_pc_2
INFO: [VRFC 10-2263] Analyzing Verilog file "Z:/work/git/LabVIEW_Fpga/06_MicroBlaze/04_MicroBlaze_lwIP/MicroBlaze_lwIP/MicroBlaze_lwIP.ip_user_files/bd/d_microblaze/ip/d_microblaze_auto_pc_3/sim/d_microblaze_auto_pc_3.v" into library xil_defaultlib
INFO: [VRFC 10-311] analyzing module d_microblaze_auto_pc_3
INFO: [VRFC 10-2263] Analyzing Verilog file "Z:/work/git/LabVIEW_Fpga/06_MicroBlaze/04_MicroBlaze_lwIP/MicroBlaze_lwIP/MicroBlaze_lwIP.ip_user_files/bd/d_microblaze/ip/d_microblaze_auto_pc_4/sim/d_microblaze_auto_pc_4.v" into library xil_defaultlib
INFO: [VRFC 10-311] analyzing module d_microblaze_auto_pc_4
INFO: [VRFC 10-2263] Analyzing Verilog file "Z:/work/git/LabVIEW_Fpga/06_MicroBlaze/04_MicroBlaze_lwIP/MicroBlaze_lwIP/MicroBlaze_lwIP.sim/sim_1/behav/glbl.v" into library xil_defaultlib
INFO: [VRFC 10-311] analyzing module glbl
