11:04:04 **** Build of project gpio_rw_bsp ****
make -k all 
"Running Make include in d_mcs_microblaze_mcs_0_0/libsrc/bram_v4_0/src"
make -C d_mcs_microblaze_mcs_0_0/libsrc/bram_v4_0/src -s include  "SHELL=CMD" "COMPILER=mb-gcc" "ARCHIVER=mb-ar" "COMPILER_FLAGS= -O2 -c -mcpu=v9.5 -mlittle-endian -mno-xl-reorder -mxl-soft-mul" "EXTRA_COMPILER_FLAGS=-g"
"Running Make include in d_mcs_microblaze_mcs_0_0/libsrc/cpu_v2_3/src"
make -C d_mcs_microblaze_mcs_0_0/libsrc/cpu_v2_3/src -s include  "SHELL=CMD" "COMPILER=mb-gcc" "ARCHIVER=mb-ar" "COMPILER_FLAGS= -O2 -c -mcpu=v9.5 -mlittle-endian -mno-xl-reorder -mxl-soft-mul" "EXTRA_COMPILER_FLAGS=-g"
"Running Make include in d_mcs_microblaze_mcs_0_0/libsrc/iomodule_v2_2/src"
make -C d_mcs_microblaze_mcs_0_0/libsrc/iomodule_v2_2/src -s include  "SHELL=CMD" "COMPILER=mb-gcc" "ARCHIVER=mb-ar" "COMPILER_FLAGS= -O2 -c -mcpu=v9.5 -mlittle-endian -mno-xl-reorder -mxl-soft-mul" "EXTRA_COMPILER_FLAGS=-g"
"Running Make include in d_mcs_microblaze_mcs_0_0/libsrc/standalone_v5_3/src"
make -C d_mcs_microblaze_mcs_0_0/libsrc/standalone_v5_3/src -s include  "SHELL=CMD" "COMPILER=mb-gcc" "ARCHIVER=mb-ar" "COMPILER_FLAGS= -O2 -c -mcpu=v9.5 -mlittle-endian -mno-xl-reorder -mxl-soft-mul" "EXTRA_COMPILER_FLAGS=-g"
"Running Make libs in d_mcs_microblaze_mcs_0_0/libsrc/bram_v4_0/src"
make -C d_mcs_microblaze_mcs_0_0/libsrc/bram_v4_0/src -s libs  "SHELL=CMD" "COMPILER=mb-gcc" "ARCHIVER=mb-ar" "COMPILER_FLAGS= -O2 -c -mcpu=v9.5 -mlittle-endian -mno-xl-reorder -mxl-soft-mul" "EXTRA_COMPILER_FLAGS=-g"
"Compiling bram"
"Running Make libs in d_mcs_microblaze_mcs_0_0/libsrc/cpu_v2_3/src"
make -C d_mcs_microblaze_mcs_0_0/libsrc/cpu_v2_3/src -s libs  "SHELL=CMD" "COMPILER=mb-gcc" "ARCHIVER=mb-ar" "COMPILER_FLAGS= -O2 -c -mcpu=v9.5 -mlittle-endian -mno-xl-reorder -mxl-soft-mul" "EXTRA_COMPILER_FLAGS=-g"
"Compiling cpu"
"Running Make libs in d_mcs_microblaze_mcs_0_0/libsrc/iomodule_v2_2/src"
make -C d_mcs_microblaze_mcs_0_0/libsrc/iomodule_v2_2/src -s libs  "SHELL=CMD" "COMPILER=mb-gcc" "ARCHIVER=mb-ar" "COMPILER_FLAGS= -O2 -c -mcpu=v9.5 -mlittle-endian -mno-xl-reorder -mxl-soft-mul" "EXTRA_COMPILER_FLAGS=-g"
"Compiling iomodule"
"Running Make libs in d_mcs_microblaze_mcs_0_0/libsrc/standalone_v5_3/src"
make -C d_mcs_microblaze_mcs_0_0/libsrc/standalone_v5_3/src -s libs  "SHELL=CMD" "COMPILER=mb-gcc" "ARCHIVER=mb-ar" "COMPILER_FLAGS= -O2 -c -mcpu=v9.5 -mlittle-endian -mno-xl-reorder -mxl-soft-mul" "EXTRA_COMPILER_FLAGS=-g"
"Compiling standalone";
'Finished building libraries'

11:04:10 Build Finished (took 6s.328ms)

