#-----------------------------------------------------------
# Webtalk v2015.4 (64-bit)
# SW Build 1412921 on Wed Nov 18 09:43:45 MST 2015
# 
# Start of session at: Tue Jul 18 05:31:05 2017
# Process ID: 3588
# Current directory: Z:/work/git/LabVIEW_Fpga/06_MicroBlaze/02_MicroBlaze_Interrupt/MicroBlaze_Interrupt/MicroBlaze_Interrupt.sdk/webtalk
# Command line: wbtcv.exe -mode batch -source sdk_webtalk.tcl
# Log file: Z:/work/git/LabVIEW_Fpga/06_MicroBlaze/02_MicroBlaze_Interrupt/MicroBlaze_Interrupt/MicroBlaze_Interrupt.sdk/webtalk/webtalk.log
# Journal file: Z:/work/git/LabVIEW_Fpga/06_MicroBlaze/02_MicroBlaze_Interrupt/MicroBlaze_Interrupt/MicroBlaze_Interrupt.sdk/webtalk\webtalk.jou
#-----------------------------------------------------------
source sdk_webtalk.tcl
# webtalk_init -webtalk_dir Z:\\work\\git\\LabVIEW_Fpga\\06_MicroBlaze\\02_MicroBlaze_Interrupt\\MicroBlaze_Interrupt\\MicroBlaze_Interrupt.sdk\\webtalk
# webtalk_register_client -client project
# webtalk_add_data -client project -key date_generated -value "Tue Jul 18 05:31:04 2017" -context "software_version_and_target_device"
# webtalk_add_data -client project -key product_version -value "SDK v2015.4" -context "software_version_and_target_device"
# webtalk_add_data -client project -key build_version -value "2015.4" -context "software_version_and_target_device"
# webtalk_add_data -client project -key os_platform -value "amd64" -context "software_version_and_target_device"
# webtalk_add_data -client project -key registration_id -value "" -context "software_version_and_target_device"
# webtalk_add_data -client project -key tool_flow -value "SDK" -context "software_version_and_target_device"
# webtalk_add_data -client project -key beta -value "false" -context "software_version_and_target_device"
# webtalk_add_data -client project -key route_design -value "NA" -context "software_version_and_target_device"
# webtalk_add_data -client project -key target_family -value "NA" -context "software_version_and_target_device"
# webtalk_add_data -client project -key target_device -value "NA" -context "software_version_and_target_device"
# webtalk_add_data -client project -key target_package -value "NA" -context "software_version_and_target_device"
# webtalk_add_data -client project -key target_speed -value "NA" -context "software_version_and_target_device"
# webtalk_add_data -client project -key random_id -value "t3roif76d1e6hedoglugopc4f9" -context "software_version_and_target_device"
# webtalk_add_data -client project -key project_id -value "2015.4_16" -context "software_version_and_target_device"
# webtalk_add_data -client project -key project_iteration -value "16" -context "software_version_and_target_device"
# webtalk_add_data -client project -key os_name -value "" -context "user_environment"
# webtalk_add_data -client project -key os_release -value "" -context "user_environment"
# webtalk_add_data -client project -key cpu_name -value "" -context "user_environment"
# webtalk_add_data -client project -key cpu_speed -value "" -context "user_environment"
# webtalk_add_data -client project -key total_processors -value "" -context "user_environment"
# webtalk_add_data -client project -key system_ram -value "" -context "user_environment"
# webtalk_register_client -client sdk
# webtalk_add_data -client sdk -key uid -value "1500289018332" -context "sdk\\\\application/1500289018332"
# webtalk_add_data -client sdk -key hwid -value "1498826800189" -context "sdk\\\\application/1500289018332"
# webtalk_add_data -client sdk -key bspid -value "1498826957077" -context "sdk\\\\application/1500289018332"
# webtalk_add_data -client sdk -key newbsp -value "false" -context "sdk\\\\application/1500289018332"
# webtalk_add_data -client sdk -key os -value "standalone" -context "sdk\\\\application/1500289018332"
# webtalk_add_data -client sdk -key apptemplate -value "peripheral_tests" -context "sdk\\\\application/1500289018332"
# webtalk_transmit -clientid 1165814354 -regid "" -xml Z:\\work\\git\\LabVIEW_Fpga\\06_MicroBlaze\\02_MicroBlaze_Interrupt\\MicroBlaze_Interrupt\\MicroBlaze_Interrupt.sdk\\webtalk\\usage_statistics_ext_sdk.xml -html Z:\\work\\git\\LabVIEW_Fpga\\06_MicroBlaze\\02_MicroBlaze_Interrupt\\MicroBlaze_Interrupt\\MicroBlaze_Interrupt.sdk\\webtalk\\usage_statistics_ext_sdk.html -wdm Z:\\work\\git\\LabVIEW_Fpga\\06_MicroBlaze\\02_MicroBlaze_Interrupt\\MicroBlaze_Interrupt\\MicroBlaze_Interrupt.sdk\\webtalk\\sdk_webtalk.wdm -intro "<H3>SDK Usage Report</H3><BR>"

    while executing
"webtalk_transmit -clientid 1165814354 -regid "" -xml Z:\\work\\git\\LabVIEW_Fpga\\06_MicroBlaze\\02_MicroBlaze_Interrupt\\MicroBlaze_Interrupt\\MicroB..."
    (file "sdk_webtalk.tcl" line 31)
INFO: [Common 17-206] Exiting Webtalk at Tue Jul 18 05:31:08 2017...
