#-----------------------------------------------------------
# Webtalk v2015.4 (64-bit)
# SW Build 1412921 on Wed Nov 18 09:43:45 MST 2015
# 
# Start of session at: Tue Jul 04 14:52:46 2017
# Process ID: 3660
# Current directory: G:/work/git/LabVIEW_Fpga/06_MicroBlaze/02_MicroBlaze_Interrupt/MicroBlaze_Interrupt/MicroBlaze_Interrupt.sdk/webtalk
# Command line: wbtcv.exe -mode batch -source sdk_webtalk.tcl
# Log file: G:/work/git/LabVIEW_Fpga/06_MicroBlaze/02_MicroBlaze_Interrupt/MicroBlaze_Interrupt/MicroBlaze_Interrupt.sdk/webtalk/webtalk.log
# Journal file: G:/work/git/LabVIEW_Fpga/06_MicroBlaze/02_MicroBlaze_Interrupt/MicroBlaze_Interrupt/MicroBlaze_Interrupt.sdk/webtalk\webtalk.jou
#-----------------------------------------------------------
source sdk_webtalk.tcl
# webtalk_init -webtalk_dir G:\\work\\git\\LabVIEW_Fpga\\06_MicroBlaze\\02_MicroBlaze_Interrupt\\MicroBlaze_Interrupt\\MicroBlaze_Interrupt.sdk\\webtalk
# webtalk_register_client -client project
# webtalk_add_data -client project -key date_generated -value "Tue Jul 4 14:52:46 2017" -context "software_version_and_target_device"
# webtalk_add_data -client project -key product_version -value "SDK v2015.4" -context "software_version_and_target_device"
# webtalk_add_data -client project -key build_version -value "2015.4" -context "software_version_and_target_device"
# webtalk_add_data -client project -key os_platform -value "amd64" -context "software_version_and_target_device"
# webtalk_add_data -client project -key registration_id -value "" -context "software_version_and_target_device"
# webtalk_add_data -client project -key tool_flow -value "SDK" -context "software_version_and_target_device"
# webtalk_add_data -client project -key beta -value "false" -context "software_version_and_target_device"
# webtalk_add_data -client project -key route_design -value "NA" -context "software_version_and_target_device"
# webtalk_add_data -client project -key target_family -value "NA" -context "software_version_and_target_device"
# webtalk_add_data -client project -key target_device -value "NA" -context "software_version_and_target_device"
# webtalk_add_data -client project -key target_package -value "NA" -context "software_version_and_target_device"
# webtalk_add_data -client project -key target_speed -value "NA" -context "software_version_and_target_device"
# webtalk_add_data -client project -key random_id -value "bum0te45cam5j8cjvdr8rp39oi" -context "software_version_and_target_device"
# webtalk_add_data -client project -key project_id -value "2015.4_13" -context "software_version_and_target_device"
# webtalk_add_data -client project -key project_iteration -value "13" -context "software_version_and_target_device"
# webtalk_add_data -client project -key os_name -value "" -context "user_environment"
# webtalk_add_data -client project -key os_release -value "" -context "user_environment"
# webtalk_add_data -client project -key cpu_name -value "" -context "user_environment"
# webtalk_add_data -client project -key cpu_speed -value "" -context "user_environment"
# webtalk_add_data -client project -key total_processors -value "" -context "user_environment"
# webtalk_add_data -client project -key system_ram -value "" -context "user_environment"
# webtalk_register_client -client sdk
# webtalk_add_data -client sdk -key uid -value "1498826800189" -context "sdk\\\\hardware/1498826800189"
# webtalk_add_data -client sdk -key isZynq -value "false" -context "sdk\\\\hardware/1498826800189"
# webtalk_add_data -client sdk -key Processors -value "1" -context "sdk\\\\hardware/1498826800189"
# webtalk_add_data -client sdk -key VivadoVersion -value "2015.4_AR67478_AR66782_AR66772_AR66092_AR65813_ar68397_cr964221_2015_4" -context "sdk\\\\hardware/1498826800189"
# webtalk_add_data -client sdk -key Arch -value "kintex7" -context "sdk\\\\hardware/1498826800189"
# webtalk_add_data -client sdk -key Device -value "7k410t" -context "sdk\\\\hardware/1498826800189"
# webtalk_add_data -client sdk -key IsHandoff -value "true" -context "sdk\\\\hardware/1498826800189"
# webtalk_add_data -client sdk -key uid -value "1498826957077" -context "sdk\\\\bsp/1498826957077"
# webtalk_add_data -client sdk -key hwid -value "1498826800189" -context "sdk\\\\bsp/1498826957077"
# webtalk_add_data -client sdk -key os -value "standalone" -context "sdk\\\\bsp/1498826957077"
# webtalk_add_data -client sdk -key apptemplate -value "peripheral_tests" -context "sdk\\\\bsp/1498826957077"
# webtalk_add_data -client sdk -key uid -value "1498826959533" -context "sdk\\\\application/1498826959533"
# webtalk_add_data -client sdk -key hwid -value "1498826800189" -context "sdk\\\\application/1498826959533"
# webtalk_add_data -client sdk -key bspid -value "1498826957077" -context "sdk\\\\application/1498826959533"
# webtalk_add_data -client sdk -key newbsp -value "true" -context "sdk\\\\application/1498826959533"
# webtalk_add_data -client sdk -key os -value "standalone" -context "sdk\\\\application/1498826959533"
# webtalk_add_data -client sdk -key apptemplate -value "peripheral_tests" -context "sdk\\\\application/1498826959533"
# webtalk_transmit -clientid 4283956201 -regid "" -xml G:\\work\\git\\LabVIEW_Fpga\\06_MicroBlaze\\02_MicroBlaze_Interrupt\\MicroBlaze_Interrupt\\MicroBlaze_Interrupt.sdk\\webtalk\\usage_statistics_ext_sdk.xml -html G:\\work\\git\\LabVIEW_Fpga\\06_MicroBlaze\\02_MicroBlaze_Interrupt\\MicroBlaze_Interrupt\\MicroBlaze_Interrupt.sdk\\webtalk\\usage_statistics_ext_sdk.html -wdm G:\\work\\git\\LabVIEW_Fpga\\06_MicroBlaze\\02_MicroBlaze_Interrupt\\MicroBlaze_Interrupt\\MicroBlaze_Interrupt.sdk\\webtalk\\sdk_webtalk.wdm -intro "<H3>SDK Usage Report</H3><BR>"
# webtalk_terminate
INFO: [Common 17-206] Exiting Webtalk at Tue Jul 04 14:52:50 2017...
